#
# There is insufficient memory for the Java Runtime Environment to continue.
# Native memory allocation (malloc) failed to allocate 2177840 bytes for Chunk::new
# Possible reasons:
#   The system is out of physical RAM or swap space
#   The process is running with CompressedOops enabled, and the Java Heap may be blocking the growth of the native heap
# Possible solutions:
#   Reduce memory load on the system
#   Increase physical memory or swap space
#   Check if swap backing store is full
#   Decrease Java heap size (-Xmx/-Xms)
#   Decrease number of Java threads
#   Decrease Java thread stack sizes (-Xss)
#   Set larger code cache with -XX:ReservedCodeCacheSize=
#   JVM is running with Unscaled Compressed Oops mode in which the Java heap is
#     placed in the first 4GB address space. The Java Heap base address is the
#     maximum limit for the native heap growth. Please use -XX:HeapBaseMinAddress
#     to set the Java Heap base and to place the Java Heap above 4GB virtual address.
# This output file may be truncated or incomplete.
#
#  Out of Memory Error (arena.cpp:189), pid=4100, tid=12224
#
# JRE version: OpenJDK Runtime Environment (17.0.1+12) (build 17.0.1+12-39)
# Java VM: OpenJDK 64-Bit Server VM (17.0.1+12-39, mixed mode, sharing, tiered, compressed oops, compressed class ptrs, g1 gc, windows-amd64)
# No core dump will be written. Minidumps are not enabled by default on client versions of Windows
#

---------------  S U M M A R Y ------------

Command Line: -XX:MaxMetaspaceSize=256m -XX:+HeapDumpOnOutOfMemoryError --add-opens=java.base/java.util=ALL-UNNAMED --add-opens=java.base/java.lang=ALL-UNNAMED --add-opens=java.base/java.lang.invoke=ALL-UNNAMED --add-opens=java.base/java.util=ALL-UNNAMED --add-opens=java.prefs/java.util.prefs=ALL-UNNAMED --add-opens=java.prefs/java.util.prefs=ALL-UNNAMED --add-opens=java.base/java.nio.charset=ALL-UNNAMED --add-opens=java.base/java.net=ALL-UNNAMED --add-opens=java.base/java.util.concurrent.atomic=ALL-UNNAMED -Xms256m -Xmx512m -Dfile.encoding=windows-1252 -Duser.country=DE -Duser.language=de -Duser.variant org.gradle.launcher.daemon.bootstrap.GradleDaemon 7.5.1

Host: Intel(R) Core(TM) i7-7660U CPU @ 2.50GHz, 4 cores, 7G,  Windows 10 , 64 bit Build 19041 (10.0.19041.2546)
Time: Mon Mar 27 09:17:28 2023 Mitteleuropäische Sommerzeit elapsed time: 58.202533 seconds (0d 0h 0m 58s)

---------------  T H R E A D  ---------------

Current thread (0x000002761a8e9cf0):  JavaThread "C2 CompilerThread0" daemon [_thread_in_native, id=12224, stack(0x0000009852900000,0x0000009852a00000)]


Current CompileTask:
C2:  58203 2153   !   4       java.lang.ClassLoader::loadClass (121 bytes)

Stack: [0x0000009852900000,0x0000009852a00000]
Native frames: (J=compiled Java code, j=interpreted, Vv=VM code, C=native code)
V  [jvm.dll+0x66fa1a]
V  [jvm.dll+0x7ce5a4]
V  [jvm.dll+0x7cfd4e]
V  [jvm.dll+0x7d03b3]
V  [jvm.dll+0x242b05]
V  [jvm.dll+0xaa05b]
V  [jvm.dll+0xaa5ec]
V  [jvm.dll+0x35fa07]
V  [jvm.dll+0x329f51]
V  [jvm.dll+0x3293fa]
V  [jvm.dll+0x215bf1]
V  [jvm.dll+0x215011]
V  [jvm.dll+0x1a168d]
V  [jvm.dll+0x224848]
V  [jvm.dll+0x2229ac]
V  [jvm.dll+0x78435b]
V  [jvm.dll+0x77e91a]
V  [jvm.dll+0x66e845]
C  [ucrtbase.dll+0x21bb2]
C  [KERNEL32.DLL+0x17614]
C  [ntdll.dll+0x526a1]


---------------  P R O C E S S  ---------------

Threads class SMR info:
_java_thread_list=0x000002761c5ae720, length=26, elements={
0x000002767e7fc250, 0x000002761a8cdfc0, 0x000002761a8cea80, 0x000002761a8e7610,
0x000002761a8e7ed0, 0x000002761a8e8790, 0x000002761a8e9050, 0x000002761a8e9cf0,
0x000002761a951160, 0x000002761a951670, 0x000002761b44bf30, 0x000002761b452fd0,
0x000002761c84d6b0, 0x000002761c5ad280, 0x000002761b86ac00, 0x000002761b4b6200,
0x000002761c1bab10, 0x000002761b6390a0, 0x000002761c11c760, 0x000002761b829550,
0x000002761c9a9470, 0x000002761c9a8130, 0x000002761c9a6920, 0x000002761c9a6df0,
0x000002761c9a8fa0, 0x000002761c9a9940
}

Java Threads: ( => current thread )
  0x000002767e7fc250 JavaThread "main" [_thread_blocked, id=7004, stack(0x0000009851b00000,0x0000009851c00000)]
  0x000002761a8cdfc0 JavaThread "Reference Handler" daemon [_thread_blocked, id=8948, stack(0x0000009852300000,0x0000009852400000)]
  0x000002761a8cea80 JavaThread "Finalizer" daemon [_thread_blocked, id=10004, stack(0x0000009852400000,0x0000009852500000)]
  0x000002761a8e7610 JavaThread "Signal Dispatcher" daemon [_thread_blocked, id=9016, stack(0x0000009852500000,0x0000009852600000)]
  0x000002761a8e7ed0 JavaThread "Attach Listener" daemon [_thread_blocked, id=11800, stack(0x0000009852600000,0x0000009852700000)]
  0x000002761a8e8790 JavaThread "Service Thread" daemon [_thread_blocked, id=16544, stack(0x0000009852700000,0x0000009852800000)]
  0x000002761a8e9050 JavaThread "Monitor Deflation Thread" daemon [_thread_blocked, id=17252, stack(0x0000009852800000,0x0000009852900000)]
=>0x000002761a8e9cf0 JavaThread "C2 CompilerThread0" daemon [_thread_in_native, id=12224, stack(0x0000009852900000,0x0000009852a00000)]
  0x000002761a951160 JavaThread "C1 CompilerThread0" daemon [_thread_blocked, id=10804, stack(0x0000009852a00000,0x0000009852b00000)]
  0x000002761a951670 JavaThread "Sweeper thread" daemon [_thread_blocked, id=6204, stack(0x0000009852b00000,0x0000009852c00000)]
  0x000002761b44bf30 JavaThread "Common-Cleaner" daemon [_thread_blocked, id=2528, stack(0x0000009852c00000,0x0000009852d00000)]
  0x000002761b452fd0 JavaThread "Notification Thread" daemon [_thread_blocked, id=4560, stack(0x0000009852d00000,0x0000009852e00000)]
  0x000002761c84d6b0 JavaThread "Daemon health stats" [_thread_blocked, id=16676, stack(0x0000009853200000,0x0000009853300000)]
  0x000002761c5ad280 JavaThread "Incoming local TCP Connector on port 56771" [_thread_in_native, id=13752, stack(0x0000009853300000,0x0000009853400000)]
  0x000002761b86ac00 JavaThread "Daemon periodic checks" [_thread_blocked, id=15380, stack(0x0000009853400000,0x0000009853500000)]
  0x000002761b4b6200 JavaThread "Daemon" [_thread_blocked, id=15456, stack(0x0000009853500000,0x0000009853600000)]
  0x000002761c1bab10 JavaThread "Handler for socket connection from /127.0.0.1:56771 to /127.0.0.1:56775" [_thread_in_native, id=11588, stack(0x0000009853600000,0x0000009853700000)]
  0x000002761b6390a0 JavaThread "Cancel handler" [_thread_blocked, id=5984, stack(0x0000009853700000,0x0000009853800000)]
  0x000002761c11c760 JavaThread "Daemon worker" [_thread_blocked, id=15924, stack(0x0000009853800000,0x0000009853900000)]
  0x000002761b829550 JavaThread "Asynchronous log dispatcher for DefaultDaemonConnection: socket connection from /127.0.0.1:56771 to /127.0.0.1:56775" [_thread_blocked, id=1948, stack(0x0000009853900000,0x0000009853a00000)]
  0x000002761c9a9470 JavaThread "Stdin handler" [_thread_blocked, id=9660, stack(0x0000009853a00000,0x0000009853b00000)]
  0x000002761c9a8130 JavaThread "Daemon client event forwarder" [_thread_blocked, id=14092, stack(0x0000009853b00000,0x0000009853c00000)]
  0x000002761c9a6920 JavaThread "Cache worker for journal cache (C:\Users\chris\.gradle\caches\journal-1)" [_thread_blocked, id=14492, stack(0x0000009853c00000,0x0000009853d00000)]
  0x000002761c9a6df0 JavaThread "File lock request listener" [_thread_in_native, id=14200, stack(0x0000009853d00000,0x0000009853e00000)]
  0x000002761c9a8fa0 JavaThread "File lock release action executor" [_thread_blocked, id=5976, stack(0x0000009853e00000,0x0000009853f00000)]
  0x000002761c9a9940 JavaThread "Cache worker for file hash cache (C:\Users\chris\.gradle\caches\7.5.1\fileHashes)" [_thread_blocked, id=16932, stack(0x0000009853f00000,0x0000009854000000)]

Other Threads:
  0x000002761a8c6670 VMThread "VM Thread" [stack: 0x0000009852200000,0x0000009852300000] [id=8584]
  0x000002761b4554b0 WatcherThread [stack: 0x0000009852e00000,0x0000009852f00000] [id=1356]
  0x000002767f4f8840 GCTaskThread "GC Thread#0" [stack: 0x0000009851d00000,0x0000009851e00000] [id=5376]
  0x000002761b522f00 GCTaskThread "GC Thread#1" [stack: 0x0000009852f00000,0x0000009853000000] [id=2188]
  0x000002761b73e830 GCTaskThread "GC Thread#2" [stack: 0x0000009853000000,0x0000009853100000] [id=14248]
  0x000002761b73eae0 GCTaskThread "GC Thread#3" [stack: 0x0000009853100000,0x0000009853200000] [id=2812]
  0x000002767f4fd530 ConcurrentGCThread "G1 Main Marker" [stack: 0x0000009851e00000,0x0000009851f00000] [id=2808]
  0x000002767f4fdcf0 ConcurrentGCThread "G1 Conc#0" [stack: 0x0000009851f00000,0x0000009852000000] [id=8968]
  0x000002761a7900a0 ConcurrentGCThread "G1 Refine#0" [stack: 0x0000009852000000,0x0000009852100000] [id=2680]
  0x000002761a790870 ConcurrentGCThread "G1 Service" [stack: 0x0000009852100000,0x0000009852200000] [id=7504]

Threads with active compile tasks:
C2 CompilerThread0    58397 2153   !   4       java.lang.ClassLoader::loadClass (121 bytes)

VM state: not at safepoint (normal execution)

VM Mutex/Monitor currently owned by a thread: None

Heap address: 0x00000000e0000000, size: 512 MB, Compressed Oops mode: 32-bit

CDS archive(s) mapped at: [0x0000000800000000-0x0000000800bc0000-0x0000000800bc0000), size 12320768, SharedBaseAddress: 0x0000000800000000, ArchiveRelocationMode: 0.
Compressed class space mapped at: 0x0000000800c00000-0x000000080dc00000, reserved size: 218103808
Narrow klass base: 0x0000000800000000, Narrow klass shift: 0, Narrow klass range: 0x100000000

GC Precious Log:
 CPUs: 4 total, 4 available
 Memory: 8109M
 Large Page Support: Disabled
 NUMA Support: Disabled
 Compressed Oops: Enabled (32-bit)
 Heap Region Size: 1M
 Heap Min Capacity: 256M
 Heap Initial Capacity: 256M
 Heap Max Capacity: 512M
 Pre-touch: Disabled
 Parallel Workers: 4
 Concurrent Workers: 1
 Concurrent Refinement Workers: 4
 Periodic GC: Disabled

Heap:
 garbage-first heap   total 262144K, used 67455K [0x00000000e0000000, 0x0000000100000000)
  region size 1024K, 58 young (59392K), 1 survivors (1024K)
 Metaspace       used 13269K, committed 13504K, reserved 229376K
  class space    used 1868K, committed 1984K, reserved 212992K

Heap Regions: E=young(eden), S=young(survivor), O=old, HS=humongous(starts), HC=humongous(continues), CS=collection set, F=free, OA=open archive, CA=closed archive, TAMS=top-at-mark-start (previous, next)
|   0|0x00000000e0000000, 0x00000000e0100000, 0x00000000e0100000|100%|HS|  |TAMS 0x00000000e0000000, 0x00000000e0000000| Complete 
|   1|0x00000000e0100000, 0x00000000e0200000, 0x00000000e0200000|100%|HC|  |TAMS 0x00000000e0100000, 0x00000000e0100000| Complete 
|   2|0x00000000e0200000, 0x00000000e0300000, 0x00000000e0300000|100%|HC|  |TAMS 0x00000000e0200000, 0x00000000e0200000| Complete 
|   3|0x00000000e0300000, 0x00000000e0400000, 0x00000000e0400000|100%| O|  |TAMS 0x00000000e0300000, 0x00000000e0300000| Untracked 
|   4|0x00000000e0400000, 0x00000000e0500000, 0x00000000e0500000|100%| O|  |TAMS 0x00000000e0400000, 0x00000000e0400000| Untracked 
|   5|0x00000000e0500000, 0x00000000e0600000, 0x00000000e0600000|100%| O|  |TAMS 0x00000000e0500000, 0x00000000e0500000| Untracked 
|   6|0x00000000e0600000, 0x00000000e0700000, 0x00000000e0700000|100%| O|  |TAMS 0x00000000e0600000, 0x00000000e0600000| Untracked 
|   7|0x00000000e0700000, 0x00000000e0800000, 0x00000000e0800000|100%| O|  |TAMS 0x00000000e0700000, 0x00000000e0700000| Untracked 
|   8|0x00000000e0800000, 0x00000000e0900000, 0x00000000e0900000|100%| O|  |TAMS 0x00000000e0800000, 0x00000000e0800000| Untracked 
|   9|0x00000000e0900000, 0x00000000e0935600, 0x00000000e0a00000| 20%| O|  |TAMS 0x00000000e0900000, 0x00000000e0900000| Untracked 
|  10|0x00000000e0a00000, 0x00000000e0b00000, 0x00000000e0b00000|100%|HS|  |TAMS 0x00000000e0a00000, 0x00000000e0a00000| Complete 
|  11|0x00000000e0b00000, 0x00000000e0b00000, 0x00000000e0c00000|  0%| F|  |TAMS 0x00000000e0b00000, 0x00000000e0b00000| Untracked 
|  12|0x00000000e0c00000, 0x00000000e0c00000, 0x00000000e0d00000|  0%| F|  |TAMS 0x00000000e0c00000, 0x00000000e0c00000| Untracked 
|  13|0x00000000e0d00000, 0x00000000e0d00000, 0x00000000e0e00000|  0%| F|  |TAMS 0x00000000e0d00000, 0x00000000e0d00000| Untracked 
|  14|0x00000000e0e00000, 0x00000000e0e00000, 0x00000000e0f00000|  0%| F|  |TAMS 0x00000000e0e00000, 0x00000000e0e00000| Untracked 
|  15|0x00000000e0f00000, 0x00000000e0f00000, 0x00000000e1000000|  0%| F|  |TAMS 0x00000000e0f00000, 0x00000000e0f00000| Untracked 
|  16|0x00000000e1000000, 0x00000000e1000000, 0x00000000e1100000|  0%| F|  |TAMS 0x00000000e1000000, 0x00000000e1000000| Untracked 
|  17|0x00000000e1100000, 0x00000000e1100000, 0x00000000e1200000|  0%| F|  |TAMS 0x00000000e1100000, 0x00000000e1100000| Untracked 
|  18|0x00000000e1200000, 0x00000000e1200000, 0x00000000e1300000|  0%| F|  |TAMS 0x00000000e1200000, 0x00000000e1200000| Untracked 
|  19|0x00000000e1300000, 0x00000000e1300000, 0x00000000e1400000|  0%| F|  |TAMS 0x00000000e1300000, 0x00000000e1300000| Untracked 
|  20|0x00000000e1400000, 0x00000000e1400000, 0x00000000e1500000|  0%| F|  |TAMS 0x00000000e1400000, 0x00000000e1400000| Untracked 
|  21|0x00000000e1500000, 0x00000000e1500000, 0x00000000e1600000|  0%| F|  |TAMS 0x00000000e1500000, 0x00000000e1500000| Untracked 
|  22|0x00000000e1600000, 0x00000000e1600000, 0x00000000e1700000|  0%| F|  |TAMS 0x00000000e1600000, 0x00000000e1600000| Untracked 
|  23|0x00000000e1700000, 0x00000000e1700000, 0x00000000e1800000|  0%| F|  |TAMS 0x00000000e1700000, 0x00000000e1700000| Untracked 
|  24|0x00000000e1800000, 0x00000000e1800000, 0x00000000e1900000|  0%| F|  |TAMS 0x00000000e1800000, 0x00000000e1800000| Untracked 
|  25|0x00000000e1900000, 0x00000000e1900000, 0x00000000e1a00000|  0%| F|  |TAMS 0x00000000e1900000, 0x00000000e1900000| Untracked 
|  26|0x00000000e1a00000, 0x00000000e1a00000, 0x00000000e1b00000|  0%| F|  |TAMS 0x00000000e1a00000, 0x00000000e1a00000| Untracked 
|  27|0x00000000e1b00000, 0x00000000e1b00000, 0x00000000e1c00000|  0%| F|  |TAMS 0x00000000e1b00000, 0x00000000e1b00000| Untracked 
|  28|0x00000000e1c00000, 0x00000000e1c00000, 0x00000000e1d00000|  0%| F|  |TAMS 0x00000000e1c00000, 0x00000000e1c00000| Untracked 
|  29|0x00000000e1d00000, 0x00000000e1d00000, 0x00000000e1e00000|  0%| F|  |TAMS 0x00000000e1d00000, 0x00000000e1d00000| Untracked 
|  30|0x00000000e1e00000, 0x00000000e1e00000, 0x00000000e1f00000|  0%| F|  |TAMS 0x00000000e1e00000, 0x00000000e1e00000| Untracked 
|  31|0x00000000e1f00000, 0x00000000e1f00000, 0x00000000e2000000|  0%| F|  |TAMS 0x00000000e1f00000, 0x00000000e1f00000| Untracked 
|  32|0x00000000e2000000, 0x00000000e2000000, 0x00000000e2100000|  0%| F|  |TAMS 0x00000000e2000000, 0x00000000e2000000| Untracked 
|  33|0x00000000e2100000, 0x00000000e2100000, 0x00000000e2200000|  0%| F|  |TAMS 0x00000000e2100000, 0x00000000e2100000| Untracked 
|  34|0x00000000e2200000, 0x00000000e2200000, 0x00000000e2300000|  0%| F|  |TAMS 0x00000000e2200000, 0x00000000e2200000| Untracked 
|  35|0x00000000e2300000, 0x00000000e2300000, 0x00000000e2400000|  0%| F|  |TAMS 0x00000000e2300000, 0x00000000e2300000| Untracked 
|  36|0x00000000e2400000, 0x00000000e2400000, 0x00000000e2500000|  0%| F|  |TAMS 0x00000000e2400000, 0x00000000e2400000| Untracked 
|  37|0x00000000e2500000, 0x00000000e2500000, 0x00000000e2600000|  0%| F|  |TAMS 0x00000000e2500000, 0x00000000e2500000| Untracked 
|  38|0x00000000e2600000, 0x00000000e2600000, 0x00000000e2700000|  0%| F|  |TAMS 0x00000000e2600000, 0x00000000e2600000| Untracked 
|  39|0x00000000e2700000, 0x00000000e2700000, 0x00000000e2800000|  0%| F|  |TAMS 0x00000000e2700000, 0x00000000e2700000| Untracked 
|  40|0x00000000e2800000, 0x00000000e2800000, 0x00000000e2900000|  0%| F|  |TAMS 0x00000000e2800000, 0x00000000e2800000| Untracked 
|  41|0x00000000e2900000, 0x00000000e2900000, 0x00000000e2a00000|  0%| F|  |TAMS 0x00000000e2900000, 0x00000000e2900000| Untracked 
|  42|0x00000000e2a00000, 0x00000000e2a00000, 0x00000000e2b00000|  0%| F|  |TAMS 0x00000000e2a00000, 0x00000000e2a00000| Untracked 
|  43|0x00000000e2b00000, 0x00000000e2b00000, 0x00000000e2c00000|  0%| F|  |TAMS 0x00000000e2b00000, 0x00000000e2b00000| Untracked 
|  44|0x00000000e2c00000, 0x00000000e2c00000, 0x00000000e2d00000|  0%| F|  |TAMS 0x00000000e2c00000, 0x00000000e2c00000| Untracked 
|  45|0x00000000e2d00000, 0x00000000e2d00000, 0x00000000e2e00000|  0%| F|  |TAMS 0x00000000e2d00000, 0x00000000e2d00000| Untracked 
|  46|0x00000000e2e00000, 0x00000000e2e00000, 0x00000000e2f00000|  0%| F|  |TAMS 0x00000000e2e00000, 0x00000000e2e00000| Untracked 
|  47|0x00000000e2f00000, 0x00000000e2f00000, 0x00000000e3000000|  0%| F|  |TAMS 0x00000000e2f00000, 0x00000000e2f00000| Untracked 
|  48|0x00000000e3000000, 0x00000000e3000000, 0x00000000e3100000|  0%| F|  |TAMS 0x00000000e3000000, 0x00000000e3000000| Untracked 
|  49|0x00000000e3100000, 0x00000000e3100000, 0x00000000e3200000|  0%| F|  |TAMS 0x00000000e3100000, 0x00000000e3100000| Untracked 
|  50|0x00000000e3200000, 0x00000000e3200000, 0x00000000e3300000|  0%| F|  |TAMS 0x00000000e3200000, 0x00000000e3200000| Untracked 
|  51|0x00000000e3300000, 0x00000000e3300000, 0x00000000e3400000|  0%| F|  |TAMS 0x00000000e3300000, 0x00000000e3300000| Untracked 
|  52|0x00000000e3400000, 0x00000000e3400000, 0x00000000e3500000|  0%| F|  |TAMS 0x00000000e3400000, 0x00000000e3400000| Untracked 
|  53|0x00000000e3500000, 0x00000000e3500000, 0x00000000e3600000|  0%| F|  |TAMS 0x00000000e3500000, 0x00000000e3500000| Untracked 
|  54|0x00000000e3600000, 0x00000000e3600000, 0x00000000e3700000|  0%| F|  |TAMS 0x00000000e3600000, 0x00000000e3600000| Untracked 
|  55|0x00000000e3700000, 0x00000000e3700000, 0x00000000e3800000|  0%| F|  |TAMS 0x00000000e3700000, 0x00000000e3700000| Untracked 
|  56|0x00000000e3800000, 0x00000000e3800000, 0x00000000e3900000|  0%| F|  |TAMS 0x00000000e3800000, 0x00000000e3800000| Untracked 
|  57|0x00000000e3900000, 0x00000000e3900000, 0x00000000e3a00000|  0%| F|  |TAMS 0x00000000e3900000, 0x00000000e3900000| Untracked 
|  58|0x00000000e3a00000, 0x00000000e3a00000, 0x00000000e3b00000|  0%| F|  |TAMS 0x00000000e3a00000, 0x00000000e3a00000| Untracked 
|  59|0x00000000e3b00000, 0x00000000e3b00000, 0x00000000e3c00000|  0%| F|  |TAMS 0x00000000e3b00000, 0x00000000e3b00000| Untracked 
|  60|0x00000000e3c00000, 0x00000000e3c00000, 0x00000000e3d00000|  0%| F|  |TAMS 0x00000000e3c00000, 0x00000000e3c00000| Untracked 
|  61|0x00000000e3d00000, 0x00000000e3d00000, 0x00000000e3e00000|  0%| F|  |TAMS 0x00000000e3d00000, 0x00000000e3d00000| Untracked 
|  62|0x00000000e3e00000, 0x00000000e3e00000, 0x00000000e3f00000|  0%| F|  |TAMS 0x00000000e3e00000, 0x00000000e3e00000| Untracked 
|  63|0x00000000e3f00000, 0x00000000e3f00000, 0x00000000e4000000|  0%| F|  |TAMS 0x00000000e3f00000, 0x00000000e3f00000| Untracked 
|  64|0x00000000e4000000, 0x00000000e4000000, 0x00000000e4100000|  0%| F|  |TAMS 0x00000000e4000000, 0x00000000e4000000| Untracked 
|  65|0x00000000e4100000, 0x00000000e4100000, 0x00000000e4200000|  0%| F|  |TAMS 0x00000000e4100000, 0x00000000e4100000| Untracked 
|  66|0x00000000e4200000, 0x00000000e4200000, 0x00000000e4300000|  0%| F|  |TAMS 0x00000000e4200000, 0x00000000e4200000| Untracked 
|  67|0x00000000e4300000, 0x00000000e4300000, 0x00000000e4400000|  0%| F|  |TAMS 0x00000000e4300000, 0x00000000e4300000| Untracked 
|  68|0x00000000e4400000, 0x00000000e4400000, 0x00000000e4500000|  0%| F|  |TAMS 0x00000000e4400000, 0x00000000e4400000| Untracked 
|  69|0x00000000e4500000, 0x00000000e4500000, 0x00000000e4600000|  0%| F|  |TAMS 0x00000000e4500000, 0x00000000e4500000| Untracked 
|  70|0x00000000e4600000, 0x00000000e4600000, 0x00000000e4700000|  0%| F|  |TAMS 0x00000000e4600000, 0x00000000e4600000| Untracked 
|  71|0x00000000e4700000, 0x00000000e4700000, 0x00000000e4800000|  0%| F|  |TAMS 0x00000000e4700000, 0x00000000e4700000| Untracked 
|  72|0x00000000e4800000, 0x00000000e4800000, 0x00000000e4900000|  0%| F|  |TAMS 0x00000000e4800000, 0x00000000e4800000| Untracked 
|  73|0x00000000e4900000, 0x00000000e4900000, 0x00000000e4a00000|  0%| F|  |TAMS 0x00000000e4900000, 0x00000000e4900000| Untracked 
|  74|0x00000000e4a00000, 0x00000000e4a00000, 0x00000000e4b00000|  0%| F|  |TAMS 0x00000000e4a00000, 0x00000000e4a00000| Untracked 
|  75|0x00000000e4b00000, 0x00000000e4b00000, 0x00000000e4c00000|  0%| F|  |TAMS 0x00000000e4b00000, 0x00000000e4b00000| Untracked 
|  76|0x00000000e4c00000, 0x00000000e4c00000, 0x00000000e4d00000|  0%| F|  |TAMS 0x00000000e4c00000, 0x00000000e4c00000| Untracked 
|  77|0x00000000e4d00000, 0x00000000e4d00000, 0x00000000e4e00000|  0%| F|  |TAMS 0x00000000e4d00000, 0x00000000e4d00000| Untracked 
|  78|0x00000000e4e00000, 0x00000000e4e00000, 0x00000000e4f00000|  0%| F|  |TAMS 0x00000000e4e00000, 0x00000000e4e00000| Untracked 
|  79|0x00000000e4f00000, 0x00000000e4f00000, 0x00000000e5000000|  0%| F|  |TAMS 0x00000000e4f00000, 0x00000000e4f00000| Untracked 
|  80|0x00000000e5000000, 0x00000000e5000000, 0x00000000e5100000|  0%| F|  |TAMS 0x00000000e5000000, 0x00000000e5000000| Untracked 
|  81|0x00000000e5100000, 0x00000000e5100000, 0x00000000e5200000|  0%| F|  |TAMS 0x00000000e5100000, 0x00000000e5100000| Untracked 
|  82|0x00000000e5200000, 0x00000000e5200000, 0x00000000e5300000|  0%| F|  |TAMS 0x00000000e5200000, 0x00000000e5200000| Untracked 
|  83|0x00000000e5300000, 0x00000000e5300000, 0x00000000e5400000|  0%| F|  |TAMS 0x00000000e5300000, 0x00000000e5300000| Untracked 
|  84|0x00000000e5400000, 0x00000000e5400000, 0x00000000e5500000|  0%| F|  |TAMS 0x00000000e5400000, 0x00000000e5400000| Untracked 
|  85|0x00000000e5500000, 0x00000000e5500000, 0x00000000e5600000|  0%| F|  |TAMS 0x00000000e5500000, 0x00000000e5500000| Untracked 
|  86|0x00000000e5600000, 0x00000000e5600000, 0x00000000e5700000|  0%| F|  |TAMS 0x00000000e5600000, 0x00000000e5600000| Untracked 
|  87|0x00000000e5700000, 0x00000000e5700000, 0x00000000e5800000|  0%| F|  |TAMS 0x00000000e5700000, 0x00000000e5700000| Untracked 
|  88|0x00000000e5800000, 0x00000000e5800000, 0x00000000e5900000|  0%| F|  |TAMS 0x00000000e5800000, 0x00000000e5800000| Untracked 
|  89|0x00000000e5900000, 0x00000000e5900000, 0x00000000e5a00000|  0%| F|  |TAMS 0x00000000e5900000, 0x00000000e5900000| Untracked 
|  90|0x00000000e5a00000, 0x00000000e5a00000, 0x00000000e5b00000|  0%| F|  |TAMS 0x00000000e5a00000, 0x00000000e5a00000| Untracked 
|  91|0x00000000e5b00000, 0x00000000e5b00000, 0x00000000e5c00000|  0%| F|  |TAMS 0x00000000e5b00000, 0x00000000e5b00000| Untracked 
|  92|0x00000000e5c00000, 0x00000000e5c00000, 0x00000000e5d00000|  0%| F|  |TAMS 0x00000000e5c00000, 0x00000000e5c00000| Untracked 
|  93|0x00000000e5d00000, 0x00000000e5d00000, 0x00000000e5e00000|  0%| F|  |TAMS 0x00000000e5d00000, 0x00000000e5d00000| Untracked 
|  94|0x00000000e5e00000, 0x00000000e5e00000, 0x00000000e5f00000|  0%| F|  |TAMS 0x00000000e5e00000, 0x00000000e5e00000| Untracked 
|  95|0x00000000e5f00000, 0x00000000e5f00000, 0x00000000e6000000|  0%| F|  |TAMS 0x00000000e5f00000, 0x00000000e5f00000| Untracked 
|  96|0x00000000e6000000, 0x00000000e6000000, 0x00000000e6100000|  0%| F|  |TAMS 0x00000000e6000000, 0x00000000e6000000| Untracked 
|  97|0x00000000e6100000, 0x00000000e6100000, 0x00000000e6200000|  0%| F|  |TAMS 0x00000000e6100000, 0x00000000e6100000| Untracked 
|  98|0x00000000e6200000, 0x00000000e6200000, 0x00000000e6300000|  0%| F|  |TAMS 0x00000000e6200000, 0x00000000e6200000| Untracked 
|  99|0x00000000e6300000, 0x00000000e6300000, 0x00000000e6400000|  0%| F|  |TAMS 0x00000000e6300000, 0x00000000e6300000| Untracked 
| 100|0x00000000e6400000, 0x00000000e6400000, 0x00000000e6500000|  0%| F|  |TAMS 0x00000000e6400000, 0x00000000e6400000| Untracked 
| 101|0x00000000e6500000, 0x00000000e6500000, 0x00000000e6600000|  0%| F|  |TAMS 0x00000000e6500000, 0x00000000e6500000| Untracked 
| 102|0x00000000e6600000, 0x00000000e6600000, 0x00000000e6700000|  0%| F|  |TAMS 0x00000000e6600000, 0x00000000e6600000| Untracked 
| 103|0x00000000e6700000, 0x00000000e6700000, 0x00000000e6800000|  0%| F|  |TAMS 0x00000000e6700000, 0x00000000e6700000| Untracked 
| 104|0x00000000e6800000, 0x00000000e6800000, 0x00000000e6900000|  0%| F|  |TAMS 0x00000000e6800000, 0x00000000e6800000| Untracked 
| 105|0x00000000e6900000, 0x00000000e6900000, 0x00000000e6a00000|  0%| F|  |TAMS 0x00000000e6900000, 0x00000000e6900000| Untracked 
| 106|0x00000000e6a00000, 0x00000000e6a00000, 0x00000000e6b00000|  0%| F|  |TAMS 0x00000000e6a00000, 0x00000000e6a00000| Untracked 
| 107|0x00000000e6b00000, 0x00000000e6b00000, 0x00000000e6c00000|  0%| F|  |TAMS 0x00000000e6b00000, 0x00000000e6b00000| Untracked 
| 108|0x00000000e6c00000, 0x00000000e6c00000, 0x00000000e6d00000|  0%| F|  |TAMS 0x00000000e6c00000, 0x00000000e6c00000| Untracked 
| 109|0x00000000e6d00000, 0x00000000e6d00000, 0x00000000e6e00000|  0%| F|  |TAMS 0x00000000e6d00000, 0x00000000e6d00000| Untracked 
| 110|0x00000000e6e00000, 0x00000000e6e00000, 0x00000000e6f00000|  0%| F|  |TAMS 0x00000000e6e00000, 0x00000000e6e00000| Untracked 
| 111|0x00000000e6f00000, 0x00000000e6f00000, 0x00000000e7000000|  0%| F|  |TAMS 0x00000000e6f00000, 0x00000000e6f00000| Untracked 
| 112|0x00000000e7000000, 0x00000000e7000000, 0x00000000e7100000|  0%| F|  |TAMS 0x00000000e7000000, 0x00000000e7000000| Untracked 
| 113|0x00000000e7100000, 0x00000000e7100000, 0x00000000e7200000|  0%| F|  |TAMS 0x00000000e7100000, 0x00000000e7100000| Untracked 
| 114|0x00000000e7200000, 0x00000000e7200000, 0x00000000e7300000|  0%| F|  |TAMS 0x00000000e7200000, 0x00000000e7200000| Untracked 
| 115|0x00000000e7300000, 0x00000000e7300000, 0x00000000e7400000|  0%| F|  |TAMS 0x00000000e7300000, 0x00000000e7300000| Untracked 
| 116|0x00000000e7400000, 0x00000000e7400000, 0x00000000e7500000|  0%| F|  |TAMS 0x00000000e7400000, 0x00000000e7400000| Untracked 
| 117|0x00000000e7500000, 0x00000000e7500000, 0x00000000e7600000|  0%| F|  |TAMS 0x00000000e7500000, 0x00000000e7500000| Untracked 
| 118|0x00000000e7600000, 0x00000000e7600000, 0x00000000e7700000|  0%| F|  |TAMS 0x00000000e7600000, 0x00000000e7600000| Untracked 
| 119|0x00000000e7700000, 0x00000000e7700000, 0x00000000e7800000|  0%| F|  |TAMS 0x00000000e7700000, 0x00000000e7700000| Untracked 
| 120|0x00000000e7800000, 0x00000000e7800000, 0x00000000e7900000|  0%| F|  |TAMS 0x00000000e7800000, 0x00000000e7800000| Untracked 
| 121|0x00000000e7900000, 0x00000000e7900000, 0x00000000e7a00000|  0%| F|  |TAMS 0x00000000e7900000, 0x00000000e7900000| Untracked 
| 122|0x00000000e7a00000, 0x00000000e7a00000, 0x00000000e7b00000|  0%| F|  |TAMS 0x00000000e7a00000, 0x00000000e7a00000| Untracked 
| 123|0x00000000e7b00000, 0x00000000e7b00000, 0x00000000e7c00000|  0%| F|  |TAMS 0x00000000e7b00000, 0x00000000e7b00000| Untracked 
| 124|0x00000000e7c00000, 0x00000000e7c00000, 0x00000000e7d00000|  0%| F|  |TAMS 0x00000000e7c00000, 0x00000000e7c00000| Untracked 
| 125|0x00000000e7d00000, 0x00000000e7d00000, 0x00000000e7e00000|  0%| F|  |TAMS 0x00000000e7d00000, 0x00000000e7d00000| Untracked 
| 126|0x00000000e7e00000, 0x00000000e7e00000, 0x00000000e7f00000|  0%| F|  |TAMS 0x00000000e7e00000, 0x00000000e7e00000| Untracked 
| 127|0x00000000e7f00000, 0x00000000e7f00000, 0x00000000e8000000|  0%| F|  |TAMS 0x00000000e7f00000, 0x00000000e7f00000| Untracked 
| 128|0x00000000e8000000, 0x00000000e8000000, 0x00000000e8100000|  0%| F|  |TAMS 0x00000000e8000000, 0x00000000e8000000| Untracked 
| 129|0x00000000e8100000, 0x00000000e8100000, 0x00000000e8200000|  0%| F|  |TAMS 0x00000000e8100000, 0x00000000e8100000| Untracked 
| 130|0x00000000e8200000, 0x00000000e8200000, 0x00000000e8300000|  0%| F|  |TAMS 0x00000000e8200000, 0x00000000e8200000| Untracked 
| 131|0x00000000e8300000, 0x00000000e8300000, 0x00000000e8400000|  0%| F|  |TAMS 0x00000000e8300000, 0x00000000e8300000| Untracked 
| 132|0x00000000e8400000, 0x00000000e8400000, 0x00000000e8500000|  0%| F|  |TAMS 0x00000000e8400000, 0x00000000e8400000| Untracked 
| 133|0x00000000e8500000, 0x00000000e8500000, 0x00000000e8600000|  0%| F|  |TAMS 0x00000000e8500000, 0x00000000e8500000| Untracked 
| 134|0x00000000e8600000, 0x00000000e8600000, 0x00000000e8700000|  0%| F|  |TAMS 0x00000000e8600000, 0x00000000e8600000| Untracked 
| 135|0x00000000e8700000, 0x00000000e8700000, 0x00000000e8800000|  0%| F|  |TAMS 0x00000000e8700000, 0x00000000e8700000| Untracked 
| 136|0x00000000e8800000, 0x00000000e8800000, 0x00000000e8900000|  0%| F|  |TAMS 0x00000000e8800000, 0x00000000e8800000| Untracked 
| 137|0x00000000e8900000, 0x00000000e8900000, 0x00000000e8a00000|  0%| F|  |TAMS 0x00000000e8900000, 0x00000000e8900000| Untracked 
| 138|0x00000000e8a00000, 0x00000000e8a00000, 0x00000000e8b00000|  0%| F|  |TAMS 0x00000000e8a00000, 0x00000000e8a00000| Untracked 
| 139|0x00000000e8b00000, 0x00000000e8b00000, 0x00000000e8c00000|  0%| F|  |TAMS 0x00000000e8b00000, 0x00000000e8b00000| Untracked 
| 140|0x00000000e8c00000, 0x00000000e8c00000, 0x00000000e8d00000|  0%| F|  |TAMS 0x00000000e8c00000, 0x00000000e8c00000| Untracked 
| 141|0x00000000e8d00000, 0x00000000e8d00000, 0x00000000e8e00000|  0%| F|  |TAMS 0x00000000e8d00000, 0x00000000e8d00000| Untracked 
| 142|0x00000000e8e00000, 0x00000000e8e00000, 0x00000000e8f00000|  0%| F|  |TAMS 0x00000000e8e00000, 0x00000000e8e00000| Untracked 
| 143|0x00000000e8f00000, 0x00000000e8f00000, 0x00000000e9000000|  0%| F|  |TAMS 0x00000000e8f00000, 0x00000000e8f00000| Untracked 
| 144|0x00000000e9000000, 0x00000000e9000000, 0x00000000e9100000|  0%| F|  |TAMS 0x00000000e9000000, 0x00000000e9000000| Untracked 
| 145|0x00000000e9100000, 0x00000000e9100000, 0x00000000e9200000|  0%| F|  |TAMS 0x00000000e9100000, 0x00000000e9100000| Untracked 
| 146|0x00000000e9200000, 0x00000000e9200000, 0x00000000e9300000|  0%| F|  |TAMS 0x00000000e9200000, 0x00000000e9200000| Untracked 
| 147|0x00000000e9300000, 0x00000000e9300000, 0x00000000e9400000|  0%| F|  |TAMS 0x00000000e9300000, 0x00000000e9300000| Untracked 
| 148|0x00000000e9400000, 0x00000000e9400000, 0x00000000e9500000|  0%| F|  |TAMS 0x00000000e9400000, 0x00000000e9400000| Untracked 
| 149|0x00000000e9500000, 0x00000000e9500000, 0x00000000e9600000|  0%| F|  |TAMS 0x00000000e9500000, 0x00000000e9500000| Untracked 
| 150|0x00000000e9600000, 0x00000000e9600000, 0x00000000e9700000|  0%| F|  |TAMS 0x00000000e9600000, 0x00000000e9600000| Untracked 
| 151|0x00000000e9700000, 0x00000000e9700000, 0x00000000e9800000|  0%| F|  |TAMS 0x00000000e9700000, 0x00000000e9700000| Untracked 
| 152|0x00000000e9800000, 0x00000000e9800000, 0x00000000e9900000|  0%| F|  |TAMS 0x00000000e9800000, 0x00000000e9800000| Untracked 
| 153|0x00000000e9900000, 0x00000000e9900000, 0x00000000e9a00000|  0%| F|  |TAMS 0x00000000e9900000, 0x00000000e9900000| Untracked 
| 154|0x00000000e9a00000, 0x00000000e9a00000, 0x00000000e9b00000|  0%| F|  |TAMS 0x00000000e9a00000, 0x00000000e9a00000| Untracked 
| 155|0x00000000e9b00000, 0x00000000e9b00000, 0x00000000e9c00000|  0%| F|  |TAMS 0x00000000e9b00000, 0x00000000e9b00000| Untracked 
| 156|0x00000000e9c00000, 0x00000000e9c00000, 0x00000000e9d00000|  0%| F|  |TAMS 0x00000000e9c00000, 0x00000000e9c00000| Untracked 
| 157|0x00000000e9d00000, 0x00000000e9d00000, 0x00000000e9e00000|  0%| F|  |TAMS 0x00000000e9d00000, 0x00000000e9d00000| Untracked 
| 158|0x00000000e9e00000, 0x00000000e9e00000, 0x00000000e9f00000|  0%| F|  |TAMS 0x00000000e9e00000, 0x00000000e9e00000| Untracked 
| 159|0x00000000e9f00000, 0x00000000e9f00000, 0x00000000ea000000|  0%| F|  |TAMS 0x00000000e9f00000, 0x00000000e9f00000| Untracked 
| 160|0x00000000ea000000, 0x00000000ea000000, 0x00000000ea100000|  0%| F|  |TAMS 0x00000000ea000000, 0x00000000ea000000| Untracked 
| 161|0x00000000ea100000, 0x00000000ea100000, 0x00000000ea200000|  0%| F|  |TAMS 0x00000000ea100000, 0x00000000ea100000| Untracked 
| 162|0x00000000ea200000, 0x00000000ea200000, 0x00000000ea300000|  0%| F|  |TAMS 0x00000000ea200000, 0x00000000ea200000| Untracked 
| 163|0x00000000ea300000, 0x00000000ea300000, 0x00000000ea400000|  0%| F|  |TAMS 0x00000000ea300000, 0x00000000ea300000| Untracked 
| 164|0x00000000ea400000, 0x00000000ea400000, 0x00000000ea500000|  0%| F|  |TAMS 0x00000000ea400000, 0x00000000ea400000| Untracked 
| 165|0x00000000ea500000, 0x00000000ea500000, 0x00000000ea600000|  0%| F|  |TAMS 0x00000000ea500000, 0x00000000ea500000| Untracked 
| 166|0x00000000ea600000, 0x00000000ea600000, 0x00000000ea700000|  0%| F|  |TAMS 0x00000000ea600000, 0x00000000ea600000| Untracked 
| 167|0x00000000ea700000, 0x00000000ea700000, 0x00000000ea800000|  0%| F|  |TAMS 0x00000000ea700000, 0x00000000ea700000| Untracked 
| 168|0x00000000ea800000, 0x00000000ea800000, 0x00000000ea900000|  0%| F|  |TAMS 0x00000000ea800000, 0x00000000ea800000| Untracked 
| 169|0x00000000ea900000, 0x00000000ea900000, 0x00000000eaa00000|  0%| F|  |TAMS 0x00000000ea900000, 0x00000000ea900000| Untracked 
| 170|0x00000000eaa00000, 0x00000000eaa00000, 0x00000000eab00000|  0%| F|  |TAMS 0x00000000eaa00000, 0x00000000eaa00000| Untracked 
| 171|0x00000000eab00000, 0x00000000eab00000, 0x00000000eac00000|  0%| F|  |TAMS 0x00000000eab00000, 0x00000000eab00000| Untracked 
| 172|0x00000000eac00000, 0x00000000eac00000, 0x00000000ead00000|  0%| F|  |TAMS 0x00000000eac00000, 0x00000000eac00000| Untracked 
| 173|0x00000000ead00000, 0x00000000ead00000, 0x00000000eae00000|  0%| F|  |TAMS 0x00000000ead00000, 0x00000000ead00000| Untracked 
| 174|0x00000000eae00000, 0x00000000eae00000, 0x00000000eaf00000|  0%| F|  |TAMS 0x00000000eae00000, 0x00000000eae00000| Untracked 
| 175|0x00000000eaf00000, 0x00000000eaf00000, 0x00000000eb000000|  0%| F|  |TAMS 0x00000000eaf00000, 0x00000000eaf00000| Untracked 
| 176|0x00000000eb000000, 0x00000000eb000000, 0x00000000eb100000|  0%| F|  |TAMS 0x00000000eb000000, 0x00000000eb000000| Untracked 
| 177|0x00000000eb100000, 0x00000000eb100000, 0x00000000eb200000|  0%| F|  |TAMS 0x00000000eb100000, 0x00000000eb100000| Untracked 
| 178|0x00000000eb200000, 0x00000000eb200000, 0x00000000eb300000|  0%| F|  |TAMS 0x00000000eb200000, 0x00000000eb200000| Untracked 
| 179|0x00000000eb300000, 0x00000000eb300000, 0x00000000eb400000|  0%| F|  |TAMS 0x00000000eb300000, 0x00000000eb300000| Untracked 
| 180|0x00000000eb400000, 0x00000000eb400000, 0x00000000eb500000|  0%| F|  |TAMS 0x00000000eb400000, 0x00000000eb400000| Untracked 
| 181|0x00000000eb500000, 0x00000000eb500000, 0x00000000eb600000|  0%| F|  |TAMS 0x00000000eb500000, 0x00000000eb500000| Untracked 
| 182|0x00000000eb600000, 0x00000000eb600000, 0x00000000eb700000|  0%| F|  |TAMS 0x00000000eb600000, 0x00000000eb600000| Untracked 
| 183|0x00000000eb700000, 0x00000000eb700000, 0x00000000eb800000|  0%| F|  |TAMS 0x00000000eb700000, 0x00000000eb700000| Untracked 
| 184|0x00000000eb800000, 0x00000000eb800000, 0x00000000eb900000|  0%| F|  |TAMS 0x00000000eb800000, 0x00000000eb800000| Untracked 
| 185|0x00000000eb900000, 0x00000000eb900000, 0x00000000eba00000|  0%| F|  |TAMS 0x00000000eb900000, 0x00000000eb900000| Untracked 
| 186|0x00000000eba00000, 0x00000000eba00000, 0x00000000ebb00000|  0%| F|  |TAMS 0x00000000eba00000, 0x00000000eba00000| Untracked 
| 187|0x00000000ebb00000, 0x00000000ebb00000, 0x00000000ebc00000|  0%| F|  |TAMS 0x00000000ebb00000, 0x00000000ebb00000| Untracked 
| 188|0x00000000ebc00000, 0x00000000ebc00000, 0x00000000ebd00000|  0%| F|  |TAMS 0x00000000ebc00000, 0x00000000ebc00000| Untracked 
| 189|0x00000000ebd00000, 0x00000000ebd00000, 0x00000000ebe00000|  0%| F|  |TAMS 0x00000000ebd00000, 0x00000000ebd00000| Untracked 
| 190|0x00000000ebe00000, 0x00000000ebe00000, 0x00000000ebf00000|  0%| F|  |TAMS 0x00000000ebe00000, 0x00000000ebe00000| Untracked 
| 191|0x00000000ebf00000, 0x00000000ebf00000, 0x00000000ec000000|  0%| F|  |TAMS 0x00000000ebf00000, 0x00000000ebf00000| Untracked 
| 192|0x00000000ec000000, 0x00000000ec000000, 0x00000000ec100000|  0%| F|  |TAMS 0x00000000ec000000, 0x00000000ec000000| Untracked 
| 193|0x00000000ec100000, 0x00000000ec100000, 0x00000000ec200000|  0%| F|  |TAMS 0x00000000ec100000, 0x00000000ec100000| Untracked 
| 194|0x00000000ec200000, 0x00000000ec200000, 0x00000000ec300000|  0%| F|  |TAMS 0x00000000ec200000, 0x00000000ec200000| Untracked 
| 195|0x00000000ec300000, 0x00000000ec300000, 0x00000000ec400000|  0%| F|  |TAMS 0x00000000ec300000, 0x00000000ec300000| Untracked 
| 196|0x00000000ec400000, 0x00000000ec400000, 0x00000000ec500000|  0%| F|  |TAMS 0x00000000ec400000, 0x00000000ec400000| Untracked 
| 197|0x00000000ec500000, 0x00000000ec500000, 0x00000000ec600000|  0%| F|  |TAMS 0x00000000ec500000, 0x00000000ec500000| Untracked 
| 198|0x00000000ec600000, 0x00000000ec682010, 0x00000000ec700000| 50%| E|  |TAMS 0x00000000ec600000, 0x00000000ec600000| Complete 
| 199|0x00000000ec700000, 0x00000000ec800000, 0x00000000ec800000|100%| E|CS|TAMS 0x00000000ec700000, 0x00000000ec700000| Complete 
| 200|0x00000000ec800000, 0x00000000ec900000, 0x00000000ec900000|100%| E|CS|TAMS 0x00000000ec800000, 0x00000000ec800000| Complete 
| 201|0x00000000ec900000, 0x00000000eca00000, 0x00000000eca00000|100%| E|CS|TAMS 0x00000000ec900000, 0x00000000ec900000| Complete 
| 202|0x00000000eca00000, 0x00000000ecb00000, 0x00000000ecb00000|100%| E|CS|TAMS 0x00000000eca00000, 0x00000000eca00000| Complete 
| 203|0x00000000ecb00000, 0x00000000ecc00000, 0x00000000ecc00000|100%| E|CS|TAMS 0x00000000ecb00000, 0x00000000ecb00000| Complete 
| 204|0x00000000ecc00000, 0x00000000ecd00000, 0x00000000ecd00000|100%| E|CS|TAMS 0x00000000ecc00000, 0x00000000ecc00000| Complete 
| 205|0x00000000ecd00000, 0x00000000ece00000, 0x00000000ece00000|100%| E|CS|TAMS 0x00000000ecd00000, 0x00000000ecd00000| Complete 
| 206|0x00000000ece00000, 0x00000000ecf00000, 0x00000000ecf00000|100%| E|CS|TAMS 0x00000000ece00000, 0x00000000ece00000| Complete 
| 207|0x00000000ecf00000, 0x00000000ed000000, 0x00000000ed000000|100%| E|CS|TAMS 0x00000000ecf00000, 0x00000000ecf00000| Complete 
| 208|0x00000000ed000000, 0x00000000ed100000, 0x00000000ed100000|100%| E|CS|TAMS 0x00000000ed000000, 0x00000000ed000000| Complete 
| 209|0x00000000ed100000, 0x00000000ed200000, 0x00000000ed200000|100%| E|CS|TAMS 0x00000000ed100000, 0x00000000ed100000| Complete 
| 210|0x00000000ed200000, 0x00000000ed300000, 0x00000000ed300000|100%| E|CS|TAMS 0x00000000ed200000, 0x00000000ed200000| Complete 
| 211|0x00000000ed300000, 0x00000000ed400000, 0x00000000ed400000|100%| E|CS|TAMS 0x00000000ed300000, 0x00000000ed300000| Complete 
| 212|0x00000000ed400000, 0x00000000ed500000, 0x00000000ed500000|100%| E|CS|TAMS 0x00000000ed400000, 0x00000000ed400000| Complete 
| 213|0x00000000ed500000, 0x00000000ed600000, 0x00000000ed600000|100%| E|CS|TAMS 0x00000000ed500000, 0x00000000ed500000| Complete 
| 214|0x00000000ed600000, 0x00000000ed700000, 0x00000000ed700000|100%| E|CS|TAMS 0x00000000ed600000, 0x00000000ed600000| Complete 
| 215|0x00000000ed700000, 0x00000000ed800000, 0x00000000ed800000|100%| E|CS|TAMS 0x00000000ed700000, 0x00000000ed700000| Complete 
| 216|0x00000000ed800000, 0x00000000ed900000, 0x00000000ed900000|100%| E|CS|TAMS 0x00000000ed800000, 0x00000000ed800000| Complete 
| 217|0x00000000ed900000, 0x00000000eda00000, 0x00000000eda00000|100%| E|CS|TAMS 0x00000000ed900000, 0x00000000ed900000| Complete 
| 218|0x00000000eda00000, 0x00000000edb00000, 0x00000000edb00000|100%| E|CS|TAMS 0x00000000eda00000, 0x00000000eda00000| Complete 
| 219|0x00000000edb00000, 0x00000000edc00000, 0x00000000edc00000|100%| E|CS|TAMS 0x00000000edb00000, 0x00000000edb00000| Complete 
| 220|0x00000000edc00000, 0x00000000edd00000, 0x00000000edd00000|100%| E|CS|TAMS 0x00000000edc00000, 0x00000000edc00000| Complete 
| 221|0x00000000edd00000, 0x00000000ede00000, 0x00000000ede00000|100%| E|CS|TAMS 0x00000000edd00000, 0x00000000edd00000| Complete 
| 222|0x00000000ede00000, 0x00000000edf00000, 0x00000000edf00000|100%| E|CS|TAMS 0x00000000ede00000, 0x00000000ede00000| Complete 
| 223|0x00000000edf00000, 0x00000000ee000000, 0x00000000ee000000|100%| E|CS|TAMS 0x00000000edf00000, 0x00000000edf00000| Complete 
| 224|0x00000000ee000000, 0x00000000ee100000, 0x00000000ee100000|100%| E|CS|TAMS 0x00000000ee000000, 0x00000000ee000000| Complete 
| 225|0x00000000ee100000, 0x00000000ee200000, 0x00000000ee200000|100%| E|CS|TAMS 0x00000000ee100000, 0x00000000ee100000| Complete 
| 226|0x00000000ee200000, 0x00000000ee300000, 0x00000000ee300000|100%| E|CS|TAMS 0x00000000ee200000, 0x00000000ee200000| Complete 
| 227|0x00000000ee300000, 0x00000000ee400000, 0x00000000ee400000|100%| E|CS|TAMS 0x00000000ee300000, 0x00000000ee300000| Complete 
| 228|0x00000000ee400000, 0x00000000ee500000, 0x00000000ee500000|100%| E|CS|TAMS 0x00000000ee400000, 0x00000000ee400000| Complete 
| 229|0x00000000ee500000, 0x00000000ee600000, 0x00000000ee600000|100%| E|CS|TAMS 0x00000000ee500000, 0x00000000ee500000| Complete 
| 230|0x00000000ee600000, 0x00000000ee700000, 0x00000000ee700000|100%| E|CS|TAMS 0x00000000ee600000, 0x00000000ee600000| Complete 
| 231|0x00000000ee700000, 0x00000000ee7aa788, 0x00000000ee800000| 66%| S|CS|TAMS 0x00000000ee700000, 0x00000000ee700000| Complete 
| 232|0x00000000ee800000, 0x00000000ee900000, 0x00000000ee900000|100%| E|CS|TAMS 0x00000000ee800000, 0x00000000ee800000| Complete 
| 233|0x00000000ee900000, 0x00000000eea00000, 0x00000000eea00000|100%| E|CS|TAMS 0x00000000ee900000, 0x00000000ee900000| Complete 
| 234|0x00000000eea00000, 0x00000000eeb00000, 0x00000000eeb00000|100%| E|CS|TAMS 0x00000000eea00000, 0x00000000eea00000| Complete 
| 235|0x00000000eeb00000, 0x00000000eec00000, 0x00000000eec00000|100%| E|CS|TAMS 0x00000000eeb00000, 0x00000000eeb00000| Complete 
| 236|0x00000000eec00000, 0x00000000eed00000, 0x00000000eed00000|100%| E|CS|TAMS 0x00000000eec00000, 0x00000000eec00000| Complete 
| 237|0x00000000eed00000, 0x00000000eee00000, 0x00000000eee00000|100%| E|CS|TAMS 0x00000000eed00000, 0x00000000eed00000| Complete 
| 238|0x00000000eee00000, 0x00000000eef00000, 0x00000000eef00000|100%| E|CS|TAMS 0x00000000eee00000, 0x00000000eee00000| Complete 
| 239|0x00000000eef00000, 0x00000000ef000000, 0x00000000ef000000|100%| E|CS|TAMS 0x00000000eef00000, 0x00000000eef00000| Complete 
| 240|0x00000000ef000000, 0x00000000ef100000, 0x00000000ef100000|100%| E|CS|TAMS 0x00000000ef000000, 0x00000000ef000000| Complete 
| 241|0x00000000ef100000, 0x00000000ef200000, 0x00000000ef200000|100%| E|CS|TAMS 0x00000000ef100000, 0x00000000ef100000| Complete 
| 242|0x00000000ef200000, 0x00000000ef300000, 0x00000000ef300000|100%| E|CS|TAMS 0x00000000ef200000, 0x00000000ef200000| Complete 
| 243|0x00000000ef300000, 0x00000000ef400000, 0x00000000ef400000|100%| E|CS|TAMS 0x00000000ef300000, 0x00000000ef300000| Complete 
| 244|0x00000000ef400000, 0x00000000ef500000, 0x00000000ef500000|100%| E|CS|TAMS 0x00000000ef400000, 0x00000000ef400000| Complete 
| 245|0x00000000ef500000, 0x00000000ef600000, 0x00000000ef600000|100%| E|CS|TAMS 0x00000000ef500000, 0x00000000ef500000| Complete 
| 246|0x00000000ef600000, 0x00000000ef700000, 0x00000000ef700000|100%| E|CS|TAMS 0x00000000ef600000, 0x00000000ef600000| Complete 
| 247|0x00000000ef700000, 0x00000000ef800000, 0x00000000ef800000|100%| E|CS|TAMS 0x00000000ef700000, 0x00000000ef700000| Complete 
| 248|0x00000000ef800000, 0x00000000ef900000, 0x00000000ef900000|100%| E|CS|TAMS 0x00000000ef800000, 0x00000000ef800000| Complete 
| 249|0x00000000ef900000, 0x00000000efa00000, 0x00000000efa00000|100%| E|CS|TAMS 0x00000000ef900000, 0x00000000ef900000| Complete 
| 250|0x00000000efa00000, 0x00000000efb00000, 0x00000000efb00000|100%| E|CS|TAMS 0x00000000efa00000, 0x00000000efa00000| Complete 
| 251|0x00000000efb00000, 0x00000000efc00000, 0x00000000efc00000|100%| E|  |TAMS 0x00000000efb00000, 0x00000000efb00000| Complete 
| 252|0x00000000efc00000, 0x00000000efd00000, 0x00000000efd00000|100%| E|CS|TAMS 0x00000000efc00000, 0x00000000efc00000| Complete 
| 253|0x00000000efd00000, 0x00000000efe00000, 0x00000000efe00000|100%| E|CS|TAMS 0x00000000efd00000, 0x00000000efd00000| Complete 
| 254|0x00000000efe00000, 0x00000000eff00000, 0x00000000eff00000|100%| E|CS|TAMS 0x00000000efe00000, 0x00000000efe00000| Complete 
| 255|0x00000000eff00000, 0x00000000f0000000, 0x00000000f0000000|100%| E|CS|TAMS 0x00000000eff00000, 0x00000000eff00000| Complete 

Card table byte_map: [0x000002767f5b0000,0x000002767f6b0000] _byte_map_base: 0x000002767eeb0000

Marking Bits (Prev, Next): (CMBitMap*) 0x000002767f4f8c00, (CMBitMap*) 0x000002767f4f8c40
 Prev Bits: [0x000002767f7b0000, 0x000002767ffb0000)
 Next Bits: [0x0000027617b30000, 0x0000027618330000)

Polling page: 0x000002767e860000

Metaspace:

Usage:
  Non-class:     11.13 MB used.
      Class:      1.82 MB used.
       Both:     12.96 MB used.

Virtual space:
  Non-class space:       16.00 MB reserved,      11.25 MB ( 70%) committed,  2 nodes.
      Class space:      208.00 MB reserved,       1.94 MB ( <1%) committed,  1 nodes.
             Both:      224.00 MB reserved,      13.19 MB (  6%) committed. 

Chunk freelists:
   Non-Class:  80.00 KB
       Class:  2.02 MB
        Both:  2.09 MB

MaxMetaspaceSize: 256.00 MB
CompressedClassSpaceSize: 208.00 MB
Initial GC threshold: 21.00 MB
Current GC threshold: 21.00 MB
CDS: on
MetaspaceReclaimPolicy: balanced
 - commit_granule_bytes: 65536.
 - commit_granule_words: 8192.
 - virtual_space_node_default_size: 1048576.
 - enlarge_chunks_in_place: 1.
 - new_chunks_are_fully_committed: 0.
 - uncommit_free_chunks: 1.
 - use_allocation_guard: 0.
 - handle_deallocations: 1.


Internal statistics:

num_allocs_failed_limit: 0.
num_arena_births: 158.
num_arena_deaths: 0.
num_vsnodes_births: 3.
num_vsnodes_deaths: 0.
num_space_committed: 211.
num_space_uncommitted: 0.
num_chunks_returned_to_freelist: 0.
num_chunks_taken_from_freelist: 556.
num_chunk_merges: 0.
num_chunk_splits: 366.
num_chunks_enlarged: 261.
num_purges: 0.
num_inconsistent_stats: 0.

CodeHeap 'non-profiled nmethods': size=120000Kb used=1110Kb max_used=1110Kb free=118890Kb
 bounds [0x0000027610600000, 0x0000027610870000, 0x0000027617b30000]
CodeHeap 'profiled nmethods': size=120000Kb used=4464Kb max_used=4464Kb free=115535Kb
 bounds [0x00000276090d0000, 0x0000027609530000, 0x0000027610600000]
CodeHeap 'non-nmethods': size=5760Kb used=1205Kb max_used=1225Kb free=4554Kb
 bounds [0x0000027608b30000, 0x0000027608da0000, 0x00000276090d0000]
 total_blobs=2696 nmethods=2183 adapters=425
 compilation: enabled
              stopped_count=0, restarted_count=0
 full_count=0

Compilation events (20 events):
Event: 56.724 Thread 0x000002761a951160 nmethod 2174 0x0000027610714e10 code [0x0000027610714fa0, 0x0000027610715078]
Event: 56.816 Thread 0x000002761a951160 2178       3       jdk.internal.misc.Unsafe::weakCompareAndSetInt (11 bytes)
Event: 56.816 Thread 0x000002761a951160 nmethod 2178 0x000002760951e610 code [0x000002760951e7a0, 0x000002760951e8d8]
Event: 57.000 Thread 0x000002761a951160 2179       3       org.gradle.internal.service.DefaultServiceRegistry::assertValidServiceType (51 bytes)
Event: 57.001 Thread 0x000002761a951160 nmethod 2179 0x000002760951e990 code [0x000002760951eba0, 0x000002760951f118]
Event: 57.001 Thread 0x000002761a951160 2180       3       java.lang.invoke.VarHandleReferences$FieldInstanceReadWrite::compareAndSet (48 bytes)
Event: 57.002 Thread 0x000002761a951160 nmethod 2180 0x000002760951f310 code [0x000002760951f580, 0x0000027609520008]
Event: 57.002 Thread 0x000002761a951160 2181       3       org.gradle.internal.service.DefaultServiceRegistry::find (142 bytes)
Event: 57.024 Thread 0x000002761a951160 nmethod 2181 0x0000027609520410 code [0x00000276095207e0, 0x0000027609522498]
Event: 57.024 Thread 0x000002761a951160 2182       3       org.gradle.internal.service.DefaultServiceRegistry::isSatisfiedBy (44 bytes)
Event: 57.024 Thread 0x000002761a951160 nmethod 2182 0x0000027609522c90 code [0x0000027609522ea0, 0x0000027609523628]
Event: 57.024 Thread 0x000002761a951160 2183       3       org.gradle.internal.service.DefaultServiceRegistry$SingletonService::getService (18 bytes)
Event: 57.025 Thread 0x000002761a951160 nmethod 2183 0x0000027609523790 code [0x0000027609523960, 0x0000027609523b98]
Event: 57.033 Thread 0x000002761a951160 2184       3       java.util.regex.Matcher::matches (10 bytes)
Event: 57.033 Thread 0x000002761a951160 nmethod 2184 0x0000027609523c90 code [0x0000027609523e20, 0x0000027609523f68]
Event: 57.033 Thread 0x000002761a951160 2185       3       java.util.regex.Pattern$BmpCharPropertyGreedy::match (89 bytes)
Event: 57.034 Thread 0x000002761a951160 nmethod 2185 0x0000027609524010 code [0x0000027609524200, 0x0000027609524868]
Event: 57.189 Thread 0x000002761a951160 2186       3       javax.management.ObjectName::<init> (15 bytes)
Event: 57.190 Thread 0x000002761a951160 nmethod 2186 0x0000027609524a90 code [0x0000027609524c40, 0x0000027609524de8]
Event: 57.190 Thread 0x000002761a951160 2187       3       sun.management.Util::newObjectName (11 bytes)

GC Heap History (6 events):
Event: 7.680 GC heap before
{Heap before GC invocations=0 (full 0):
 garbage-first heap   total 262144K, used 15360K [0x00000000e0000000, 0x0000000100000000)
  region size 1024K, 13 young (13312K), 0 survivors (0K)
 Metaspace       used 945K, committed 1088K, reserved 221184K
  class space    used 74K, committed 128K, reserved 212992K
}
Event: 8.017 GC heap after
{Heap after GC invocations=1 (full 0):
 garbage-first heap   total 262144K, used 3743K [0x00000000e0000000, 0x0000000100000000)
  region size 1024K, 2 young (2048K), 2 survivors (2048K)
 Metaspace       used 945K, committed 1088K, reserved 221184K
  class space    used 74K, committed 128K, reserved 212992K
}
Event: 14.903 GC heap before
{Heap before GC invocations=1 (full 0):
 garbage-first heap   total 262144K, used 21151K [0x00000000e0000000, 0x0000000100000000)
  region size 1024K, 17 young (17408K), 2 survivors (2048K)
 Metaspace       used 3632K, committed 3840K, reserved 221184K
  class space    used 459K, committed 576K, reserved 212992K
}
Event: 14.908 GC heap after
{Heap after GC invocations=2 (full 0):
 garbage-first heap   total 262144K, used 9491K [0x00000000e0000000, 0x0000000100000000)
  region size 1024K, 3 young (3072K), 3 survivors (3072K)
 Metaspace       used 3632K, committed 3840K, reserved 221184K
  class space    used 459K, committed 576K, reserved 212992K
}
Event: 20.379 GC heap before
{Heap before GC invocations=2 (full 0):
 garbage-first heap   total 262144K, used 29971K [0x00000000e0000000, 0x0000000100000000)
  region size 1024K, 24 young (24576K), 3 survivors (3072K)
 Metaspace       used 3858K, committed 4032K, reserved 221184K
  class space    used 474K, committed 576K, reserved 212992K
}
Event: 20.383 GC heap after
{Heap after GC invocations=3 (full 0):
 garbage-first heap   total 262144K, used 10111K [0x00000000e0000000, 0x0000000100000000)
  region size 1024K, 1 young (1024K), 1 survivors (1024K)
 Metaspace       used 3858K, committed 4032K, reserved 221184K
  class space    used 474K, committed 576K, reserved 212992K
}

Deoptimization events (20 events):
Event: 50.711 Thread 0x000002761c11c760 Uncommon trap: trap_request=0xffffffde fr.pc=0x0000027610617cd8 relative=0x00000000000003f8
Event: 50.711 Thread 0x000002761c11c760 Uncommon trap: reason=class_check action=maybe_recompile pc=0x0000027610617cd8 method=java.util.regex.Matcher.match(II)Z @ 121 c2
Event: 50.711 Thread 0x000002761c11c760 DEOPT PACKING pc=0x0000027610617cd8 sp=0x00000098538fbce0
Event: 50.711 Thread 0x000002761c11c760 DEOPT UNPACKING pc=0x0000027608b823a3 sp=0x00000098538fbca0 mode 2
Event: 52.663 Thread 0x000002761c11c760 Uncommon trap: trap_request=0xffffff45 fr.pc=0x0000027610679f84 relative=0x0000000000000a44
Event: 52.664 Thread 0x000002761c11c760 Uncommon trap: reason=unstable_if action=reinterpret pc=0x0000027610679f84 method=java.util.regex.Matcher.reset()Ljava/util/regex/Matcher; @ 47 c2
Event: 52.664 Thread 0x000002761c11c760 DEOPT PACKING pc=0x0000027610679f84 sp=0x00000098538fac40
Event: 52.664 Thread 0x000002761c11c760 DEOPT UNPACKING pc=0x0000027608b823a3 sp=0x00000098538fab88 mode 2
Event: 52.664 Thread 0x000002761c11c760 Uncommon trap: trap_request=0xffffff45 fr.pc=0x0000027610617d4c relative=0x000000000000046c
Event: 52.664 Thread 0x000002761c11c760 Uncommon trap: reason=unstable_if action=reinterpret pc=0x0000027610617d4c method=java.util.regex.Matcher.match(II)Z @ 76 c2
Event: 52.664 Thread 0x000002761c11c760 DEOPT PACKING pc=0x0000027610617d4c sp=0x00000098538fac40
Event: 52.664 Thread 0x000002761c11c760 DEOPT UNPACKING pc=0x0000027608b823a3 sp=0x00000098538fac10 mode 2
Event: 52.665 Thread 0x000002761c11c760 Uncommon trap: trap_request=0xffffff45 fr.pc=0x00000276106174f4 relative=0x00000000000001d4
Event: 52.665 Thread 0x000002761c11c760 Uncommon trap: reason=unstable_if action=reinterpret pc=0x00000276106174f4 method=java.util.regex.Matcher.reset()Ljava/util/regex/Matcher; @ 47 c2
Event: 52.665 Thread 0x000002761c11c760 DEOPT PACKING pc=0x00000276106174f4 sp=0x00000098538fab10
Event: 52.665 Thread 0x000002761c11c760 DEOPT UNPACKING pc=0x0000027608b823a3 sp=0x00000098538faaa0 mode 2
Event: 53.620 Thread 0x000002761c11c760 Uncommon trap: trap_request=0xffffff45 fr.pc=0x0000027610676f68 relative=0x0000000000000648
Event: 53.620 Thread 0x000002761c11c760 Uncommon trap: reason=unstable_if action=reinterpret pc=0x0000027610676f68 method=java.io.File.getName()Ljava/lang/String; @ 16 c2
Event: 53.620 Thread 0x000002761c11c760 DEOPT PACKING pc=0x0000027610676f68 sp=0x00000098538fcc20
Event: 53.620 Thread 0x000002761c11c760 DEOPT UNPACKING pc=0x0000027608b823a3 sp=0x00000098538fcbf0 mode 2

Classes unloaded (0 events):
No events

Classes redefined (0 events):
No events

Internal exceptions (20 events):
Event: 14.883 Thread 0x000002767e7fc250 Exception <a 'java/lang/NoSuchMethodError'{0x00000000eefc4ef8}: 'void java.lang.invoke.DirectMethodHandle$Holder.invokeInterface(java.lang.Object, java.lang.Object, java.lang.Object)'> (0x00000000eefc4ef8) 
thrown [t:\workspace\open\src\hotspot\share\interpreter\linkResolver.cpp, line 766]
Event: 24.560 Thread 0x000002767e7fc250 Exception <a 'java/lang/NoSuchMethodError'{0x00000000eea18ff0}: 'java.lang.Object java.lang.invoke.DirectMethodHandle$Holder.invokeStaticInit(java.lang.Object)'> (0x00000000eea18ff0) 
thrown [t:\workspace\open\src\hotspot\share\interpreter\linkResolver.cpp, line 766]
Event: 30.541 Thread 0x000002767e7fc250 Exception <a 'java/lang/NoSuchMethodError'{0x00000000ee473d48}: 'java.lang.Object java.lang.invoke.DirectMethodHandle$Holder.invokeStaticInit(java.lang.Object, int, int, int, int)'> (0x00000000ee473d48) 
thrown [t:\workspace\open\src\hotspot\share\interpreter\linkResolver.cpp, line 766]
Event: 32.482 Thread 0x000002767e7fc250 Exception <a 'java/lang/NoSuchMethodError'{0x00000000ee4be808}: 'java.lang.Object java.lang.invoke.DirectMethodHandle$Holder.invokeStaticInit(java.lang.Object, java.lang.Object, int, int, int, int)'> (0x00000000ee4be808) 
thrown [t:\workspace\open\src\hotspot\share\interpreter\linkResolver.cpp, line 766]
Event: 36.521 Thread 0x000002767e7fc250 Exception <a 'java/lang/NoSuchMethodError'{0x00000000ee3d3748}: 'void java.lang.invoke.DirectMethodHandle$Holder.invokeStatic(java.lang.Object, java.lang.Object, java.lang.Object)'> (0x00000000ee3d3748) 
thrown [t:\workspace\open\src\hotspot\share\interpreter\linkResolver.cpp, line 766]
Event: 36.951 Thread 0x000002767e7fc250 Exception <a 'java/io/IOException'{0x00000000ee27f2e0}> (0x00000000ee27f2e0) 
thrown [t:\workspace\open\src\hotspot\share\prims\jni.cpp, line 516]
Event: 46.965 Thread 0x000002761c1bab10 Exception <a 'java/lang/NoSuchMethodError'{0x00000000ede51d80}: static Lorg/gradle/tooling/internal/provider/serialization/ClassLoaderDetails;.<clinit>()V> (0x00000000ede51d80) 
thrown [t:\workspace\open\src\hotspot\share\prims\jni.cpp, line 1107]
Event: 46.973 Thread 0x000002761c1bab10 Exception <a 'java/lang/NoSuchMethodError'{0x00000000ede68630}: static Lorg/gradle/internal/classloader/ClassLoaderSpec;.<clinit>()V> (0x00000000ede68630) 
thrown [t:\workspace\open\src\hotspot\share\prims\jni.cpp, line 1107]
Event: 46.974 Thread 0x000002761c1bab10 Exception <a 'java/lang/NoSuchMethodError'{0x00000000ede71618}: static Lorg/gradle/tooling/internal/provider/serialization/WellKnownClassLoaderRegistry$KnownClassLoaderSpec;.<clinit>()V> (0x00000000ede71618) 
thrown [t:\workspace\open\src\hotspot\share\prims\jni.cpp, line 1107]
Event: 46.979 Thread 0x000002761c1bab10 Exception <a 'java/lang/NoSuchMethodError'{0x00000000ede862f8}: static Lorg/gradle/tooling/internal/provider/serialization/ClientOwnedClassLoaderSpec;.<clinit>()V> (0x00000000ede862f8) 
thrown [t:\workspace\open\src\hotspot\share\prims\jni.cpp, line 1107]
Event: 48.600 Thread 0x000002761b86ac00 Implicit null exception at 0x0000027610657ef2 to 0x000002761065850c
Event: 48.601 Thread 0x000002761b86ac00 Implicit null exception at 0x0000027610639df2 to 0x000002761063a40c
Event: 48.635 Thread 0x000002761c11c760 Exception <a 'java/lang/NoSuchMethodError'{0x00000000edbaac28}: 'long java.lang.invoke.DirectMethodHandle$Holder.invokeInterface(java.lang.Object, java.lang.Object)'> (0x00000000edbaac28) 
thrown [t:\workspace\open\src\hotspot\share\interpreter\linkResolver.cpp, line 766]
Event: 48.640 Thread 0x000002761c11c760 Exception <a 'java/lang/NoSuchMethodError'{0x00000000edbb91c0}: 'void java.lang.invoke.DelegatingMethodHandle$Holder.reinvoke_L(java.lang.Object, java.lang.Object, java.lang.Object, java.lang.Object, java.lang.Object, java.lang.Object, java.lang.Object)'> (0x00000000edbb91c0) 
thrown [t:\workspace\open\src\hotspot\share\interpreter\linkResolver.cpp, line 766]
Event: 50.575 Thread 0x000002761c11c760 Exception <a 'java/lang/NoSuchMethodError'{0x00000000ed7dc738}: 'void java.lang.invoke.DirectMethodHandle$Holder.invokeStaticInit(java.lang.Object)'> (0x00000000ed7dc738) 
thrown [t:\workspace\open\src\hotspot\share\interpreter\linkResolver.cpp, line 766]
Event: 50.587 Thread 0x000002761c11c760 Exception <a 'java/lang/NoSuchMethodError'{0x00000000ed7f0368}: 'void java.lang.invoke.DirectMethodHandle$Holder.invokeSpecial(java.lang.Object, java.lang.Object, java.lang.Object)'> (0x00000000ed7f0368) 
thrown [t:\workspace\open\src\hotspot\share\interpreter\linkResolver.cpp, line 766]
Event: 50.725 Thread 0x000002761c11c760 Exception <a 'java/lang/NoSuchMethodError'{0x00000000ed6883b8}: 'java.lang.Object java.lang.invoke.DirectMethodHandle$Holder.newInvokeSpecial(java.lang.Object, java.lang.Object, java.lang.Object, int)'> (0x00000000ed6883b8) 
thrown [t:\workspace\open\src\hotspot\share\interpreter\linkResolver.cpp, line 766]
Event: 50.726 Thread 0x000002761c11c760 Exception <a 'java/lang/NoSuchMethodError'{0x00000000ed68cce8}: 'java.lang.Object java.lang.invoke.DirectMethodHandle$Holder.invokeSpecial(java.lang.Object, java.lang.Object, java.lang.Object, java.lang.Object, int)'> (0x00000000ed68cce8) 
thrown [t:\workspace\open\src\hotspot\share\interpreter\linkResolver.cpp, line 766]
Event: 50.727 Thread 0x000002761c11c760 Exception <a 'java/lang/NoSuchMethodError'{0x00000000ed690e00}: 'java.lang.Object java.lang.invoke.Invokers$Holder.linkToTargetMethod(java.lang.Object, java.lang.Object, int, java.lang.Object)'> (0x00000000ed690e00) 
thrown [t:\workspace\open\src\hotspot\share\interpreter\linkResolver.cpp, line 766]
Event: 54.115 Thread 0x000002761c11c760 Exception <a 'java/lang/NoSuchMethodError'{0x00000000ece186f8}: 'java.lang.Object java.lang.invoke.DirectMethodHandle$Holder.newInvokeSpecial(java.lang.Object, java.lang.Object, java.lang.Object, java.lang.Object, java.lang.Object, java.lang.Object)'> (0x00000000ece186f8) 
thrown [t:\workspace\open\src\hotspot\share\interpreter\linkResolver.cpp, line 766]

VM Operations (20 events):
Event: 50.697 Executing VM operation: Cleanup done
Event: 51.703 Executing VM operation: Cleanup
Event: 51.703 Executing VM operation: Cleanup done
Event: 52.717 Executing VM operation: Cleanup
Event: 52.734 Executing VM operation: Cleanup done
Event: 53.629 Executing VM operation: HandshakeAllThreads
Event: 53.629 Executing VM operation: HandshakeAllThreads done
Event: 53.630 Executing VM operation: HandshakeAllThreads
Event: 53.630 Executing VM operation: HandshakeAllThreads done
Event: 54.353 Executing VM operation: HandshakeAllThreads
Event: 54.353 Executing VM operation: HandshakeAllThreads done
Event: 54.353 Executing VM operation: Cleanup
Event: 54.353 Executing VM operation: Cleanup done
Event: 54.354 Executing VM operation: HandshakeAllThreads
Event: 54.354 Executing VM operation: HandshakeAllThreads done
Event: 55.363 Executing VM operation: Cleanup
Event: 55.376 Executing VM operation: Cleanup done
Event: 56.392 Executing VM operation: Cleanup
Event: 56.457 Executing VM operation: Cleanup done
Event: 57.468 Executing VM operation: Cleanup

Events (20 events):
Event: 51.307 Thread 0x000002761c9a6df0 Thread added: 0x000002761c9a6df0
Event: 51.321 loading class java/net/DatagramPacket
Event: 51.321 loading class java/net/DatagramPacket done
Event: 51.382 loading class sun/nio/ch/DatagramSocketAdaptor$DatagramPackets
Event: 51.382 loading class sun/nio/ch/DatagramSocketAdaptor$DatagramPackets done
Event: 52.734 Thread 0x000002761c9a8fa0 Thread added: 0x000002761c9a8fa0
Event: 53.618 loading class java/io/File$TempDirectory
Event: 53.618 loading class java/io/File$TempDirectory done
Event: 53.627 loading class java/io/PrintWriter
Event: 53.627 loading class java/io/PrintWriter done
Event: 53.628 loading class sun/nio/cs/UTF_8$Encoder
Event: 53.629 loading class sun/nio/cs/UTF_8$Encoder done
Event: 53.665 loading class java/io/UncheckedIOException
Event: 53.665 loading class java/io/UncheckedIOException done
Event: 53.681 loading class java/util/zip/CheckedInputStream
Event: 53.681 loading class java/util/zip/CheckedInputStream done
Event: 53.683 loading class java/nio/file/FileVisitor
Event: 53.683 loading class java/nio/file/FileVisitor done
Event: 53.890 loading class java/io/FilenameFilter
Event: 53.890 loading class java/io/FilenameFilter done


Dynamic libraries:
0x00007ff62e6f0000 - 0x00007ff62e6fe000 	C:\Users\chris\.jdks\openjdk-17.0.1-2\bin\java.exe
0x00007ff8020b0000 - 0x00007ff8022a8000 	C:\WINDOWS\SYSTEM32\ntdll.dll
0x00007ff8009e0000 - 0x00007ff800a9f000 	C:\WINDOWS\System32\KERNEL32.DLL
0x00007fffff7a0000 - 0x00007fffffa72000 	C:\WINDOWS\System32\KERNELBASE.dll
0x00007ff800000000 - 0x00007ff800100000 	C:\WINDOWS\System32\ucrtbase.dll
0x00007ffffaf60000 - 0x00007ffffaf78000 	C:\Users\chris\.jdks\openjdk-17.0.1-2\bin\jli.dll
0x00007ff800de0000 - 0x00007ff800f81000 	C:\WINDOWS\System32\USER32.dll
0x00007fffffee0000 - 0x00007ffffff02000 	C:\WINDOWS\System32\win32u.dll
0x00007ff801610000 - 0x00007ff80163b000 	C:\WINDOWS\System32\GDI32.dll
0x00007fffffbe0000 - 0x00007fffffcef000 	C:\WINDOWS\System32\gdi32full.dll
0x00007fffffe40000 - 0x00007fffffedd000 	C:\WINDOWS\System32\msvcp_win.dll
0x00007ffff9a70000 - 0x00007ffff9a8a000 	C:\Users\chris\.jdks\openjdk-17.0.1-2\bin\VCRUNTIME140.dll
0x00007fffe4d20000 - 0x00007fffe4fba000 	C:\WINDOWS\WinSxS\amd64_microsoft.windows.common-controls_6595b64144ccf1df_6.0.19041.1110_none_60b5254171f9507e\COMCTL32.dll
0x00007ff800c70000 - 0x00007ff800d0e000 	C:\WINDOWS\System32\msvcrt.dll
0x00007ff802040000 - 0x00007ff802070000 	C:\WINDOWS\System32\IMM32.DLL
0x00007ffff84b0000 - 0x00007ffff84bc000 	C:\Users\chris\.jdks\openjdk-17.0.1-2\bin\vcruntime140_1.dll
0x00007fffdb590000 - 0x00007fffdb61d000 	C:\Users\chris\.jdks\openjdk-17.0.1-2\bin\msvcp140.dll
0x00007fff9ca30000 - 0x00007fff9d5ee000 	C:\Users\chris\.jdks\openjdk-17.0.1-2\bin\server\jvm.dll
0x00007ff801e50000 - 0x00007ff801efe000 	C:\WINDOWS\System32\ADVAPI32.dll
0x00007ff801db0000 - 0x00007ff801e4c000 	C:\WINDOWS\System32\sechost.dll
0x00007ff801f10000 - 0x00007ff802034000 	C:\WINDOWS\System32\RPCRT4.dll
0x00007ff801f00000 - 0x00007ff801f08000 	C:\WINDOWS\System32\PSAPI.DLL
0x00007ffff7fa0000 - 0x00007ffff7fa9000 	C:\WINDOWS\SYSTEM32\WSOCK32.dll
0x00007ff801400000 - 0x00007ff80146b000 	C:\WINDOWS\System32\WS2_32.dll
0x00007fffdf410000 - 0x00007fffdf437000 	C:\WINDOWS\SYSTEM32\WINMM.dll
0x00007fffe8e10000 - 0x00007fffe8e1a000 	C:\WINDOWS\SYSTEM32\VERSION.dll
0x00007ffffd600000 - 0x00007ffffd612000 	C:\WINDOWS\SYSTEM32\kernel.appcore.dll
0x00007fffe3d80000 - 0x00007fffe3d8a000 	C:\Users\chris\.jdks\openjdk-17.0.1-2\bin\jimage.dll
0x00007ffff8b50000 - 0x00007ffff8d34000 	C:\WINDOWS\SYSTEM32\DBGHELP.DLL
0x00007fffe3280000 - 0x00007fffe32b5000 	C:\WINDOWS\SYSTEM32\dbgcore.DLL
0x00007fffffd40000 - 0x00007fffffdc2000 	C:\WINDOWS\System32\bcryptPrimitives.dll
0x00007fffe3d40000 - 0x00007fffe3d65000 	C:\Users\chris\.jdks\openjdk-17.0.1-2\bin\java.dll
0x00007fffc77d0000 - 0x00007fffc78a6000 	C:\Users\chris\.jdks\openjdk-17.0.1-2\bin\svml.dll
0x00007ff800100000 - 0x00007ff800845000 	C:\WINDOWS\System32\SHELL32.dll
0x00007ffffd820000 - 0x00007ffffdfb2000 	C:\WINDOWS\SYSTEM32\windows.storage.dll
0x00007ff8019f0000 - 0x00007ff801d45000 	C:\WINDOWS\System32\combase.dll
0x00007fffff040000 - 0x00007fffff070000 	C:\WINDOWS\SYSTEM32\Wldp.dll
0x00007ff800850000 - 0x00007ff8008fd000 	C:\WINDOWS\System32\SHCORE.dll
0x00007ff800900000 - 0x00007ff800955000 	C:\WINDOWS\System32\shlwapi.dll
0x00007fffff6e0000 - 0x00007fffff6ff000 	C:\WINDOWS\SYSTEM32\profapi.dll
0x00007fffe0960000 - 0x00007fffe0979000 	C:\Users\chris\.jdks\openjdk-17.0.1-2\bin\net.dll
0x00007ffff97f0000 - 0x00007ffff98fa000 	C:\WINDOWS\SYSTEM32\WINHTTP.dll
0x00007ffffee20000 - 0x00007ffffee8a000 	C:\WINDOWS\system32\mswsock.dll
0x00007fffde950000 - 0x00007fffde965000 	C:\Users\chris\.jdks\openjdk-17.0.1-2\bin\nio.dll
0x00007fffde910000 - 0x00007fffde928000 	C:\Users\chris\.jdks\openjdk-17.0.1-2\bin\zip.dll
0x00007fffe3d30000 - 0x00007fffe3d40000 	C:\Users\chris\.jdks\openjdk-17.0.1-2\bin\verify.dll
0x00007fffe3e10000 - 0x00007fffe3e37000 	C:\Users\chris\.gradle\native\e1d6ef7f7dcc3fd88c89a11ec53ec762bb8ba0a96d01ffa2cd45eb1d1d8dd5c5\windows-amd64\native-platform.dll
0x00007fffc6350000 - 0x00007fffc6494000 	C:\Users\chris\.gradle\native\0d407fdbe67a94daf76414ababcb853783967236a71b16ec16e742cd7a986fd3\windows-amd64\native-platform-file-events.dll
0x00007fffe3a70000 - 0x00007fffe3a79000 	C:\Users\chris\.jdks\openjdk-17.0.1-2\bin\management.dll
0x00007fffe3720000 - 0x00007fffe372b000 	C:\Users\chris\.jdks\openjdk-17.0.1-2\bin\management_ext.dll
0x00007fffff080000 - 0x00007fffff098000 	C:\WINDOWS\SYSTEM32\CRYPTSP.dll
0x00007ffffe760000 - 0x00007ffffe794000 	C:\WINDOWS\system32\rsaenh.dll
0x00007ffffffc0000 - 0x00007ffffffe7000 	C:\WINDOWS\System32\bcrypt.dll
0x00007fffff6a0000 - 0x00007fffff6ce000 	C:\WINDOWS\SYSTEM32\USERENV.dll
0x00007ffffefb0000 - 0x00007ffffefbc000 	C:\WINDOWS\SYSTEM32\CRYPTBASE.dll
0x00007ffffeb30000 - 0x00007ffffeb6b000 	C:\WINDOWS\SYSTEM32\IPHLPAPI.DLL
0x00007ff801470000 - 0x00007ff801478000 	C:\WINDOWS\System32\NSI.dll
0x00007ffff0c10000 - 0x00007ffff0c27000 	C:\WINDOWS\SYSTEM32\dhcpcsvc6.DLL
0x00007ffff0bf0000 - 0x00007ffff0c0d000 	C:\WINDOWS\SYSTEM32\dhcpcsvc.DLL
0x00007ffffeb70000 - 0x00007ffffec3b000 	C:\WINDOWS\SYSTEM32\DNSAPI.dll
0x00007fffe3680000 - 0x00007fffe368e000 	C:\Users\chris\.jdks\openjdk-17.0.1-2\bin\sunmscapi.dll
0x00007fffffa80000 - 0x00007fffffbd6000 	C:\WINDOWS\System32\CRYPT32.dll
0x00007fffff270000 - 0x00007fffff297000 	C:\WINDOWS\SYSTEM32\ncrypt.dll
0x00007fffff230000 - 0x00007fffff26b000 	C:\WINDOWS\SYSTEM32\NTASN1.dll
0x00007fffe3df0000 - 0x00007fffe3df7000 	C:\WINDOWS\system32\wshunix.dll

dbghelp: loaded successfully - version: 4.0.5 - missing functions: none
symbol engine: initialized successfully - sym options: 0x614 - pdb path: .;C:\Users\chris\.jdks\openjdk-17.0.1-2\bin;C:\WINDOWS\SYSTEM32;C:\WINDOWS\WinSxS\amd64_microsoft.windows.common-controls_6595b64144ccf1df_6.0.19041.1110_none_60b5254171f9507e;C:\Users\chris\.jdks\openjdk-17.0.1-2\bin\server;C:\Users\chris\.gradle\native\e1d6ef7f7dcc3fd88c89a11ec53ec762bb8ba0a96d01ffa2cd45eb1d1d8dd5c5\windows-amd64;C:\Users\chris\.gradle\native\0d407fdbe67a94daf76414ababcb853783967236a71b16ec16e742cd7a986fd3\windows-amd64

VM Arguments:
jvm_args: -XX:MaxMetaspaceSize=256m -XX:+HeapDumpOnOutOfMemoryError --add-opens=java.base/java.util=ALL-UNNAMED --add-opens=java.base/java.lang=ALL-UNNAMED --add-opens=java.base/java.lang.invoke=ALL-UNNAMED --add-opens=java.base/java.util=ALL-UNNAMED --add-opens=java.prefs/java.util.prefs=ALL-UNNAMED --add-opens=java.prefs/java.util.prefs=ALL-UNNAMED --add-opens=java.base/java.nio.charset=ALL-UNNAMED --add-opens=java.base/java.net=ALL-UNNAMED --add-opens=java.base/java.util.concurrent.atomic=ALL-UNNAMED -Xms256m -Xmx512m -Dfile.encoding=windows-1252 -Duser.country=DE -Duser.language=de -Duser.variant 
java_command: org.gradle.launcher.daemon.bootstrap.GradleDaemon 7.5.1
java_class_path (initial): C:\Users\chris\.gradle\wrapper\dists\gradle-7.5.1-bin\7jzzequgds1hbszbhq3npc5ng\gradle-7.5.1\lib\gradle-launcher-7.5.1.jar
Launcher Type: SUN_STANDARD

[Global flags]
     intx CICompilerCount                          = 3                                         {product} {ergonomic}
   size_t CompressedClassSpaceSize                 = 218103808                                 {product} {ergonomic}
     uint ConcGCThreads                            = 1                                         {product} {ergonomic}
     uint G1ConcRefinementThreads                  = 4                                         {product} {ergonomic}
   size_t G1HeapRegionSize                         = 1048576                                   {product} {ergonomic}
    uintx GCDrainStackTargetSize                   = 64                                        {product} {ergonomic}
     bool HeapDumpOnOutOfMemoryError               = true                                   {manageable} {command line}
   size_t InitialHeapSize                          = 268435456                                 {product} {command line}
   size_t MarkStackSize                            = 4194304                                   {product} {ergonomic}
   size_t MaxHeapSize                              = 536870912                                 {product} {command line}
   size_t MaxMetaspaceSize                         = 268435456                                 {product} {command line}
   size_t MaxNewSize                               = 321912832                                 {product} {ergonomic}
   size_t MinHeapDeltaBytes                        = 1048576                                   {product} {ergonomic}
   size_t MinHeapSize                              = 268435456                                 {product} {command line}
    uintx NonNMethodCodeHeapSize                   = 5832780                                {pd product} {ergonomic}
    uintx NonProfiledCodeHeapSize                  = 122912730                              {pd product} {ergonomic}
    uintx ProfiledCodeHeapSize                     = 122912730                              {pd product} {ergonomic}
    uintx ReservedCodeCacheSize                    = 251658240                              {pd product} {ergonomic}
     bool SegmentedCodeCache                       = true                                      {product} {ergonomic}
   size_t SoftMaxHeapSize                          = 536870912                              {manageable} {ergonomic}
     bool UseCompressedClassPointers               = true                           {product lp64_product} {ergonomic}
     bool UseCompressedOops                        = true                           {product lp64_product} {ergonomic}
     bool UseG1GC                                  = true                                      {product} {ergonomic}
     bool UseLargePagesIndividualAllocation        = false                                  {pd product} {ergonomic}

Logging:
Log output configuration:
 #0: stdout all=warning uptime,level,tags
 #1: stderr all=off uptime,level,tags

Environment Variables:
JAVA_HOME=C:\Users\chris\.jdks\openjdk-17.0.1-2
PATH=C:\WINDOWS\system32;C:\WINDOWS;C:\WINDOWS\System32\Wbem;C:\WINDOWS\System32\WindowsPowerShell\v1.0\;C:\WINDOWS\System32\OpenSSH\;C:\Program Files\apache-maven-3.6.2\bin;C:\Program Files\graphviz-2.38\release\bin;C:\Program Files\Git\cmd;C:\Program Files\Docker\Docker\resources\bin;C:\ProgramData\DockerDesktop\version-bin;C:\Program Files\nodejs\;C:\Users\chris\miniconda3;C:\Users\chris\miniconda3\Library\mingw-w64\bin;C:\Users\chris\miniconda3\Library\usr\bin;C:\Users\chris\miniconda3\Library\bin;C:\Users\chris\miniconda3\Scripts;C:\Users\chris\.pyenv\pyenv-win\bin;C:\Users\chris\.pyenv\pyenv-win\shims;C:\Users\chris\AppData\Local\Microsoft\WindowsApps;C:\Program Files\MikTex\miktex\bin\x64\;C:\MinGW64\bin;C:\Benutzer\chris\Anaconda3\Scripts;C:\Users\chris\Anaconda3\pkgs\pip-10.0.1-py37_0\Scripts;C:\Users\chris\AppData\Local\Microsoft\WindowsApps;C:\Program Files\Java\jdk-13.0.1\bin;C:\Users\chris\AppData\Local\JetBrains\WebStorm 2019.3.3\bin;C:\Program Files\JetBrains\IntelliJ IDEA 2020.3\bin;C:\flutter\bin;C:\Users\chris\AppData\Local\Programs\MiKTeX\miktex\bin\x64\;C:\Users\chris\AppData\Roaming\Python\Python310\Scripts;C:\gradle\gradle-7.5.1\bin;C:\Users\chris\.jdks\openjdk-18.0.1.1\bin;C:\Users\chris\AppData\Roaming\npm
USERNAME=chris
OS=Windows_NT
PROCESSOR_IDENTIFIER=Intel64 Family 6 Model 142 Stepping 9, GenuineIntel



---------------  S Y S T E M  ---------------

OS:
 Windows 10 , 64 bit Build 19041 (10.0.19041.2546)
OS uptime: 3 days 0:23 hours
Hyper-V role detected

CPU: total 4 (initial active 4) (2 cores per cpu, 2 threads per core) family 6 model 142 stepping 9 microcode 0xf0, cx8, cmov, fxsr, ht, mmx, 3dnowpref, sse, sse2, sse3, ssse3, sse4.1, sse4.2, popcnt, lzcnt, tsc, tscinvbit, avx, avx2, aes, erms, clmul, bmi1, bmi2, rtm, adx, fma, vzeroupper, clflush, clflushopt, hv

Memory: 4k page, system-wide physical 8109M (317M free)
TotalPageFile size 14786M (AvailPageFile size 4M)
current process WorkingSet (physical memory assigned to process): 149M, peak: 149M
current process commit charge ("private bytes"): 389M, peak: 391M

vm_info: OpenJDK 64-Bit Server VM (17.0.1+12-39) for windows-amd64 JRE (17.0.1+12-39), built on Sep 27 2021 18:39:29 by "mach5one" with MS VC++ 16.8 (VS2019)

END.
