#
# There is insufficient memory for the Java Runtime Environment to continue.
# Native memory allocation (malloc) failed to allocate 2177840 bytes for Chunk::new
# Possible reasons:
#   The system is out of physical RAM or swap space
#   The process is running with CompressedOops enabled, and the Java Heap may be blocking the growth of the native heap
# Possible solutions:
#   Reduce memory load on the system
#   Increase physical memory or swap space
#   Check if swap backing store is full
#   Decrease Java heap size (-Xmx/-Xms)
#   Decrease number of Java threads
#   Decrease Java thread stack sizes (-Xss)
#   Set larger code cache with -XX:ReservedCodeCacheSize=
#   JVM is running with Unscaled Compressed Oops mode in which the Java heap is
#     placed in the first 4GB address space. The Java Heap base address is the
#     maximum limit for the native heap growth. Please use -XX:HeapBaseMinAddress
#     to set the Java Heap base and to place the Java Heap above 4GB virtual address.
# This output file may be truncated or incomplete.
#
#  Out of Memory Error (arena.cpp:189), pid=5124, tid=4792
#
# JRE version: OpenJDK Runtime Environment (17.0.1+12) (build 17.0.1+12-39)
# Java VM: OpenJDK 64-Bit Server VM (17.0.1+12-39, mixed mode, sharing, tiered, compressed oops, compressed class ptrs, g1 gc, windows-amd64)
# No core dump will be written. Minidumps are not enabled by default on client versions of Windows
#

---------------  S U M M A R Y ------------

Command Line: -XX:MaxMetaspaceSize=256m -XX:+HeapDumpOnOutOfMemoryError --add-opens=java.base/java.util=ALL-UNNAMED --add-opens=java.base/java.lang=ALL-UNNAMED --add-opens=java.base/java.lang.invoke=ALL-UNNAMED --add-opens=java.base/java.util=ALL-UNNAMED --add-opens=java.prefs/java.util.prefs=ALL-UNNAMED --add-opens=java.prefs/java.util.prefs=ALL-UNNAMED --add-opens=java.base/java.nio.charset=ALL-UNNAMED --add-opens=java.base/java.net=ALL-UNNAMED --add-opens=java.base/java.util.concurrent.atomic=ALL-UNNAMED -Xms256m -Xmx512m -Dfile.encoding=windows-1252 -Duser.country=DE -Duser.language=de -Duser.variant org.gradle.launcher.daemon.bootstrap.GradleDaemon 7.5.1

Host: Intel(R) Core(TM) i7-7660U CPU @ 2.50GHz, 4 cores, 7G,  Windows 10 , 64 bit Build 19041 (10.0.19041.2546)
Time: Mon Mar 27 09:17:35 2023 Mitteleuropäische Sommerzeit elapsed time: 60.569271 seconds (0d 0h 1m 0s)

---------------  T H R E A D  ---------------

Current thread (0x00000190fc6b9cf0):  JavaThread "C2 CompilerThread0" daemon [_thread_in_native, id=4792, stack(0x0000008778600000,0x0000008778700000)]


Current CompileTask:
C2:  60569 2140   !   4       java.lang.ClassLoader::loadClass (121 bytes)

Stack: [0x0000008778600000,0x0000008778700000]
Native frames: (J=compiled Java code, j=interpreted, Vv=VM code, C=native code)
V  [jvm.dll+0x66fa1a]
V  [jvm.dll+0x7ce5a4]
V  [jvm.dll+0x7cfd4e]
V  [jvm.dll+0x7d03b3]
V  [jvm.dll+0x242b05]
V  [jvm.dll+0xaa05b]
V  [jvm.dll+0xaa5ec]
V  [jvm.dll+0x35fa07]
V  [jvm.dll+0x329f51]
V  [jvm.dll+0x3293fa]
V  [jvm.dll+0x215bf1]
V  [jvm.dll+0x215011]
V  [jvm.dll+0x1a168d]
V  [jvm.dll+0x224848]
V  [jvm.dll+0x2229ac]
V  [jvm.dll+0x78435b]
V  [jvm.dll+0x77e91a]
V  [jvm.dll+0x66e845]
C  [ucrtbase.dll+0x21bb2]
C  [KERNEL32.DLL+0x17614]
C  [ntdll.dll+0x526a1]


---------------  P R O C E S S  ---------------

Threads class SMR info:
_java_thread_list=0x00000190fe245da0, length=26, elements={
0x00000190e06cc250, 0x00000190fc69dfc0, 0x00000190fc69ea80, 0x00000190fc6b7610,
0x00000190fc6b7ed0, 0x00000190fc6b8790, 0x00000190fc6b9050, 0x00000190fc6b9cf0,
0x00000190fc721160, 0x00000190fc721670, 0x00000190fd17b650, 0x00000190fd17fb30,
0x00000190fdc05f50, 0x00000190fdc04c10, 0x00000190fdc02f30, 0x00000190fdc03400,
0x00000190fdc068f0, 0x00000190fdc03da0, 0x00000190fdc055b0, 0x00000190fdc050e0,
0x00000190fdc038d0, 0x00000190fdc04270, 0x00000190fd9ccbd0, 0x00000190fd9c8870,
0x00000190fd9ce8b0, 0x00000190fd9cd570
}

Java Threads: ( => current thread )
  0x00000190e06cc250 JavaThread "main" [_thread_blocked, id=7860, stack(0x0000008777900000,0x0000008777a00000)]
  0x00000190fc69dfc0 JavaThread "Reference Handler" daemon [_thread_blocked, id=8136, stack(0x0000008778000000,0x0000008778100000)]
  0x00000190fc69ea80 JavaThread "Finalizer" daemon [_thread_blocked, id=5464, stack(0x0000008778100000,0x0000008778200000)]
  0x00000190fc6b7610 JavaThread "Signal Dispatcher" daemon [_thread_blocked, id=5868, stack(0x0000008778200000,0x0000008778300000)]
  0x00000190fc6b7ed0 JavaThread "Attach Listener" daemon [_thread_blocked, id=12032, stack(0x0000008778300000,0x0000008778400000)]
  0x00000190fc6b8790 JavaThread "Service Thread" daemon [_thread_blocked, id=7944, stack(0x0000008778400000,0x0000008778500000)]
  0x00000190fc6b9050 JavaThread "Monitor Deflation Thread" daemon [_thread_blocked, id=8148, stack(0x0000008778500000,0x0000008778600000)]
=>0x00000190fc6b9cf0 JavaThread "C2 CompilerThread0" daemon [_thread_in_native, id=4792, stack(0x0000008778600000,0x0000008778700000)]
  0x00000190fc721160 JavaThread "C1 CompilerThread0" daemon [_thread_blocked, id=8196, stack(0x0000008778700000,0x0000008778800000)]
  0x00000190fc721670 JavaThread "Sweeper thread" daemon [_thread_blocked, id=10988, stack(0x0000008778800000,0x0000008778900000)]
  0x00000190fd17b650 JavaThread "Common-Cleaner" daemon [_thread_blocked, id=11656, stack(0x0000008778900000,0x0000008778a00000)]
  0x00000190fd17fb30 JavaThread "Notification Thread" daemon [_thread_blocked, id=6820, stack(0x0000008778a00000,0x0000008778b00000)]
  0x00000190fdc05f50 JavaThread "Daemon health stats" [_thread_blocked, id=7376, stack(0x0000008778f00000,0x0000008779000000)]
  0x00000190fdc04c10 JavaThread "Incoming local TCP Connector on port 56772" [_thread_in_native, id=11100, stack(0x0000008779000000,0x0000008779100000)]
  0x00000190fdc02f30 JavaThread "Daemon periodic checks" [_thread_blocked, id=15744, stack(0x0000008779100000,0x0000008779200000)]
  0x00000190fdc03400 JavaThread "Daemon" [_thread_blocked, id=16008, stack(0x0000008779200000,0x0000008779300000)]
  0x00000190fdc068f0 JavaThread "Handler for socket connection from /127.0.0.1:56772 to /127.0.0.1:56774" [_thread_in_native, id=1236, stack(0x0000008779300000,0x0000008779400000)]
  0x00000190fdc03da0 JavaThread "Cancel handler" [_thread_blocked, id=15728, stack(0x0000008779400000,0x0000008779500000)]
  0x00000190fdc055b0 JavaThread "Daemon worker" [_thread_blocked, id=6388, stack(0x0000008779500000,0x0000008779600000)]
  0x00000190fdc050e0 JavaThread "Asynchronous log dispatcher for DefaultDaemonConnection: socket connection from /127.0.0.1:56772 to /127.0.0.1:56774" [_thread_blocked, id=14212, stack(0x0000008779600000,0x0000008779700000)]
  0x00000190fdc038d0 JavaThread "Stdin handler" [_thread_blocked, id=15264, stack(0x0000008779700000,0x0000008779800000)]
  0x00000190fdc04270 JavaThread "Daemon client event forwarder" [_thread_blocked, id=976, stack(0x0000008779800000,0x0000008779900000)]
  0x00000190fd9ccbd0 JavaThread "Cache worker for journal cache (C:\Users\chris\.gradle\caches\journal-1)" [_thread_blocked, id=13392, stack(0x0000008779900000,0x0000008779a00000)]
  0x00000190fd9c8870 JavaThread "File lock request listener" [_thread_in_native, id=5952, stack(0x0000008779a00000,0x0000008779b00000)]
  0x00000190fd9ce8b0 JavaThread "File lock release action executor" [_thread_blocked, id=16596, stack(0x0000008779b00000,0x0000008779c00000)]
  0x00000190fd9cd570 JavaThread "Cache worker for file hash cache (C:\Users\chris\.gradle\caches\7.5.1\fileHashes)" [_thread_blocked, id=8060, stack(0x0000008779c00000,0x0000008779d00000)]

Other Threads:
  0x00000190fc6975b0 VMThread "VM Thread" [stack: 0x0000008777f00000,0x0000008778000000] [id=6308]
  0x00000190fd182010 WatcherThread [stack: 0x0000008778b00000,0x0000008778c00000] [id=13012]
  0x00000190e2728840 GCTaskThread "GC Thread#0" [stack: 0x0000008777a00000,0x0000008777b00000] [id=12332]
  0x00000190fd3e8930 GCTaskThread "GC Thread#1" [stack: 0x0000008778c00000,0x0000008778d00000] [id=12192]
  0x00000190fd589fe0 GCTaskThread "GC Thread#2" [stack: 0x0000008778d00000,0x0000008778e00000] [id=4368]
  0x00000190fd7568f0 GCTaskThread "GC Thread#3" [stack: 0x0000008778e00000,0x0000008778f00000] [id=9444]
  0x00000190e272d530 ConcurrentGCThread "G1 Main Marker" [stack: 0x0000008777b00000,0x0000008777c00000] [id=14496]
  0x00000190e272dcf0 ConcurrentGCThread "G1 Conc#0" [stack: 0x0000008777c00000,0x0000008777d00000] [id=616]
  0x00000190fc5600a0 ConcurrentGCThread "G1 Refine#0" [stack: 0x0000008777d00000,0x0000008777e00000] [id=9064]
  0x00000190fc561880 ConcurrentGCThread "G1 Service" [stack: 0x0000008777e00000,0x0000008777f00000] [id=7492]

Threads with active compile tasks:
C2 CompilerThread0    60618 2140   !   4       java.lang.ClassLoader::loadClass (121 bytes)

VM state: not at safepoint (normal execution)

VM Mutex/Monitor currently owned by a thread: None

Heap address: 0x00000000e0000000, size: 512 MB, Compressed Oops mode: 32-bit

CDS archive(s) mapped at: [0x0000000800000000-0x0000000800bc0000-0x0000000800bc0000), size 12320768, SharedBaseAddress: 0x0000000800000000, ArchiveRelocationMode: 0.
Compressed class space mapped at: 0x0000000800c00000-0x000000080dc00000, reserved size: 218103808
Narrow klass base: 0x0000000800000000, Narrow klass shift: 0, Narrow klass range: 0x100000000

GC Precious Log:
 CPUs: 4 total, 4 available
 Memory: 8109M
 Large Page Support: Disabled
 NUMA Support: Disabled
 Compressed Oops: Enabled (32-bit)
 Heap Region Size: 1M
 Heap Min Capacity: 256M
 Heap Initial Capacity: 256M
 Heap Max Capacity: 512M
 Pre-touch: Disabled
 Parallel Workers: 4
 Concurrent Workers: 1
 Concurrent Refinement Workers: 4
 Periodic GC: Disabled

Heap:
 garbage-first heap   total 262144K, used 67997K [0x00000000e0000000, 0x0000000100000000)
  region size 1024K, 59 young (60416K), 1 survivors (1024K)
 Metaspace       used 13259K, committed 13504K, reserved 229376K
  class space    used 1871K, committed 1984K, reserved 212992K

Heap Regions: E=young(eden), S=young(survivor), O=old, HS=humongous(starts), HC=humongous(continues), CS=collection set, F=free, OA=open archive, CA=closed archive, TAMS=top-at-mark-start (previous, next)
|   0|0x00000000e0000000, 0x00000000e0100000, 0x00000000e0100000|100%|HS|  |TAMS 0x00000000e0000000, 0x00000000e0000000| Complete 
|   1|0x00000000e0100000, 0x00000000e0200000, 0x00000000e0200000|100%|HC|  |TAMS 0x00000000e0100000, 0x00000000e0100000| Complete 
|   2|0x00000000e0200000, 0x00000000e0300000, 0x00000000e0300000|100%|HC|  |TAMS 0x00000000e0200000, 0x00000000e0200000| Complete 
|   3|0x00000000e0300000, 0x00000000e0400000, 0x00000000e0400000|100%| O|  |TAMS 0x00000000e0300000, 0x00000000e0300000| Untracked 
|   4|0x00000000e0400000, 0x00000000e0500000, 0x00000000e0500000|100%| O|  |TAMS 0x00000000e0400000, 0x00000000e0400000| Untracked 
|   5|0x00000000e0500000, 0x00000000e0600000, 0x00000000e0600000|100%| O|  |TAMS 0x00000000e0500000, 0x00000000e0500000| Untracked 
|   6|0x00000000e0600000, 0x00000000e0700000, 0x00000000e0700000|100%| O|  |TAMS 0x00000000e0600000, 0x00000000e0600000| Untracked 
|   7|0x00000000e0700000, 0x00000000e0800000, 0x00000000e0800000|100%| O|  |TAMS 0x00000000e0700000, 0x00000000e0700000| Untracked 
|   8|0x00000000e0800000, 0x00000000e08ed600, 0x00000000e0900000| 92%| O|  |TAMS 0x00000000e0800000, 0x00000000e0800000| Untracked 
|   9|0x00000000e0900000, 0x00000000e0a00000, 0x00000000e0a00000|100%|HS|  |TAMS 0x00000000e0900000, 0x00000000e0900000| Complete 
|  10|0x00000000e0a00000, 0x00000000e0a00000, 0x00000000e0b00000|  0%| F|  |TAMS 0x00000000e0a00000, 0x00000000e0a00000| Untracked 
|  11|0x00000000e0b00000, 0x00000000e0b00000, 0x00000000e0c00000|  0%| F|  |TAMS 0x00000000e0b00000, 0x00000000e0b00000| Untracked 
|  12|0x00000000e0c00000, 0x00000000e0c00000, 0x00000000e0d00000|  0%| F|  |TAMS 0x00000000e0c00000, 0x00000000e0c00000| Untracked 
|  13|0x00000000e0d00000, 0x00000000e0d00000, 0x00000000e0e00000|  0%| F|  |TAMS 0x00000000e0d00000, 0x00000000e0d00000| Untracked 
|  14|0x00000000e0e00000, 0x00000000e0e00000, 0x00000000e0f00000|  0%| F|  |TAMS 0x00000000e0e00000, 0x00000000e0e00000| Untracked 
|  15|0x00000000e0f00000, 0x00000000e0f00000, 0x00000000e1000000|  0%| F|  |TAMS 0x00000000e0f00000, 0x00000000e0f00000| Untracked 
|  16|0x00000000e1000000, 0x00000000e1000000, 0x00000000e1100000|  0%| F|  |TAMS 0x00000000e1000000, 0x00000000e1000000| Untracked 
|  17|0x00000000e1100000, 0x00000000e1100000, 0x00000000e1200000|  0%| F|  |TAMS 0x00000000e1100000, 0x00000000e1100000| Untracked 
|  18|0x00000000e1200000, 0x00000000e1200000, 0x00000000e1300000|  0%| F|  |TAMS 0x00000000e1200000, 0x00000000e1200000| Untracked 
|  19|0x00000000e1300000, 0x00000000e1300000, 0x00000000e1400000|  0%| F|  |TAMS 0x00000000e1300000, 0x00000000e1300000| Untracked 
|  20|0x00000000e1400000, 0x00000000e1400000, 0x00000000e1500000|  0%| F|  |TAMS 0x00000000e1400000, 0x00000000e1400000| Untracked 
|  21|0x00000000e1500000, 0x00000000e1500000, 0x00000000e1600000|  0%| F|  |TAMS 0x00000000e1500000, 0x00000000e1500000| Untracked 
|  22|0x00000000e1600000, 0x00000000e1600000, 0x00000000e1700000|  0%| F|  |TAMS 0x00000000e1600000, 0x00000000e1600000| Untracked 
|  23|0x00000000e1700000, 0x00000000e1700000, 0x00000000e1800000|  0%| F|  |TAMS 0x00000000e1700000, 0x00000000e1700000| Untracked 
|  24|0x00000000e1800000, 0x00000000e1800000, 0x00000000e1900000|  0%| F|  |TAMS 0x00000000e1800000, 0x00000000e1800000| Untracked 
|  25|0x00000000e1900000, 0x00000000e1900000, 0x00000000e1a00000|  0%| F|  |TAMS 0x00000000e1900000, 0x00000000e1900000| Untracked 
|  26|0x00000000e1a00000, 0x00000000e1a00000, 0x00000000e1b00000|  0%| F|  |TAMS 0x00000000e1a00000, 0x00000000e1a00000| Untracked 
|  27|0x00000000e1b00000, 0x00000000e1b00000, 0x00000000e1c00000|  0%| F|  |TAMS 0x00000000e1b00000, 0x00000000e1b00000| Untracked 
|  28|0x00000000e1c00000, 0x00000000e1c00000, 0x00000000e1d00000|  0%| F|  |TAMS 0x00000000e1c00000, 0x00000000e1c00000| Untracked 
|  29|0x00000000e1d00000, 0x00000000e1d00000, 0x00000000e1e00000|  0%| F|  |TAMS 0x00000000e1d00000, 0x00000000e1d00000| Untracked 
|  30|0x00000000e1e00000, 0x00000000e1e00000, 0x00000000e1f00000|  0%| F|  |TAMS 0x00000000e1e00000, 0x00000000e1e00000| Untracked 
|  31|0x00000000e1f00000, 0x00000000e1f00000, 0x00000000e2000000|  0%| F|  |TAMS 0x00000000e1f00000, 0x00000000e1f00000| Untracked 
|  32|0x00000000e2000000, 0x00000000e2000000, 0x00000000e2100000|  0%| F|  |TAMS 0x00000000e2000000, 0x00000000e2000000| Untracked 
|  33|0x00000000e2100000, 0x00000000e2100000, 0x00000000e2200000|  0%| F|  |TAMS 0x00000000e2100000, 0x00000000e2100000| Untracked 
|  34|0x00000000e2200000, 0x00000000e2200000, 0x00000000e2300000|  0%| F|  |TAMS 0x00000000e2200000, 0x00000000e2200000| Untracked 
|  35|0x00000000e2300000, 0x00000000e2300000, 0x00000000e2400000|  0%| F|  |TAMS 0x00000000e2300000, 0x00000000e2300000| Untracked 
|  36|0x00000000e2400000, 0x00000000e2400000, 0x00000000e2500000|  0%| F|  |TAMS 0x00000000e2400000, 0x00000000e2400000| Untracked 
|  37|0x00000000e2500000, 0x00000000e2500000, 0x00000000e2600000|  0%| F|  |TAMS 0x00000000e2500000, 0x00000000e2500000| Untracked 
|  38|0x00000000e2600000, 0x00000000e2600000, 0x00000000e2700000|  0%| F|  |TAMS 0x00000000e2600000, 0x00000000e2600000| Untracked 
|  39|0x00000000e2700000, 0x00000000e2700000, 0x00000000e2800000|  0%| F|  |TAMS 0x00000000e2700000, 0x00000000e2700000| Untracked 
|  40|0x00000000e2800000, 0x00000000e2800000, 0x00000000e2900000|  0%| F|  |TAMS 0x00000000e2800000, 0x00000000e2800000| Untracked 
|  41|0x00000000e2900000, 0x00000000e2900000, 0x00000000e2a00000|  0%| F|  |TAMS 0x00000000e2900000, 0x00000000e2900000| Untracked 
|  42|0x00000000e2a00000, 0x00000000e2a00000, 0x00000000e2b00000|  0%| F|  |TAMS 0x00000000e2a00000, 0x00000000e2a00000| Untracked 
|  43|0x00000000e2b00000, 0x00000000e2b00000, 0x00000000e2c00000|  0%| F|  |TAMS 0x00000000e2b00000, 0x00000000e2b00000| Untracked 
|  44|0x00000000e2c00000, 0x00000000e2c00000, 0x00000000e2d00000|  0%| F|  |TAMS 0x00000000e2c00000, 0x00000000e2c00000| Untracked 
|  45|0x00000000e2d00000, 0x00000000e2d00000, 0x00000000e2e00000|  0%| F|  |TAMS 0x00000000e2d00000, 0x00000000e2d00000| Untracked 
|  46|0x00000000e2e00000, 0x00000000e2e00000, 0x00000000e2f00000|  0%| F|  |TAMS 0x00000000e2e00000, 0x00000000e2e00000| Untracked 
|  47|0x00000000e2f00000, 0x00000000e2f00000, 0x00000000e3000000|  0%| F|  |TAMS 0x00000000e2f00000, 0x00000000e2f00000| Untracked 
|  48|0x00000000e3000000, 0x00000000e3000000, 0x00000000e3100000|  0%| F|  |TAMS 0x00000000e3000000, 0x00000000e3000000| Untracked 
|  49|0x00000000e3100000, 0x00000000e3100000, 0x00000000e3200000|  0%| F|  |TAMS 0x00000000e3100000, 0x00000000e3100000| Untracked 
|  50|0x00000000e3200000, 0x00000000e3200000, 0x00000000e3300000|  0%| F|  |TAMS 0x00000000e3200000, 0x00000000e3200000| Untracked 
|  51|0x00000000e3300000, 0x00000000e3300000, 0x00000000e3400000|  0%| F|  |TAMS 0x00000000e3300000, 0x00000000e3300000| Untracked 
|  52|0x00000000e3400000, 0x00000000e3400000, 0x00000000e3500000|  0%| F|  |TAMS 0x00000000e3400000, 0x00000000e3400000| Untracked 
|  53|0x00000000e3500000, 0x00000000e3500000, 0x00000000e3600000|  0%| F|  |TAMS 0x00000000e3500000, 0x00000000e3500000| Untracked 
|  54|0x00000000e3600000, 0x00000000e3600000, 0x00000000e3700000|  0%| F|  |TAMS 0x00000000e3600000, 0x00000000e3600000| Untracked 
|  55|0x00000000e3700000, 0x00000000e3700000, 0x00000000e3800000|  0%| F|  |TAMS 0x00000000e3700000, 0x00000000e3700000| Untracked 
|  56|0x00000000e3800000, 0x00000000e3800000, 0x00000000e3900000|  0%| F|  |TAMS 0x00000000e3800000, 0x00000000e3800000| Untracked 
|  57|0x00000000e3900000, 0x00000000e3900000, 0x00000000e3a00000|  0%| F|  |TAMS 0x00000000e3900000, 0x00000000e3900000| Untracked 
|  58|0x00000000e3a00000, 0x00000000e3a00000, 0x00000000e3b00000|  0%| F|  |TAMS 0x00000000e3a00000, 0x00000000e3a00000| Untracked 
|  59|0x00000000e3b00000, 0x00000000e3b00000, 0x00000000e3c00000|  0%| F|  |TAMS 0x00000000e3b00000, 0x00000000e3b00000| Untracked 
|  60|0x00000000e3c00000, 0x00000000e3c00000, 0x00000000e3d00000|  0%| F|  |TAMS 0x00000000e3c00000, 0x00000000e3c00000| Untracked 
|  61|0x00000000e3d00000, 0x00000000e3d00000, 0x00000000e3e00000|  0%| F|  |TAMS 0x00000000e3d00000, 0x00000000e3d00000| Untracked 
|  62|0x00000000e3e00000, 0x00000000e3e00000, 0x00000000e3f00000|  0%| F|  |TAMS 0x00000000e3e00000, 0x00000000e3e00000| Untracked 
|  63|0x00000000e3f00000, 0x00000000e3f00000, 0x00000000e4000000|  0%| F|  |TAMS 0x00000000e3f00000, 0x00000000e3f00000| Untracked 
|  64|0x00000000e4000000, 0x00000000e4000000, 0x00000000e4100000|  0%| F|  |TAMS 0x00000000e4000000, 0x00000000e4000000| Untracked 
|  65|0x00000000e4100000, 0x00000000e4100000, 0x00000000e4200000|  0%| F|  |TAMS 0x00000000e4100000, 0x00000000e4100000| Untracked 
|  66|0x00000000e4200000, 0x00000000e4200000, 0x00000000e4300000|  0%| F|  |TAMS 0x00000000e4200000, 0x00000000e4200000| Untracked 
|  67|0x00000000e4300000, 0x00000000e4300000, 0x00000000e4400000|  0%| F|  |TAMS 0x00000000e4300000, 0x00000000e4300000| Untracked 
|  68|0x00000000e4400000, 0x00000000e4400000, 0x00000000e4500000|  0%| F|  |TAMS 0x00000000e4400000, 0x00000000e4400000| Untracked 
|  69|0x00000000e4500000, 0x00000000e4500000, 0x00000000e4600000|  0%| F|  |TAMS 0x00000000e4500000, 0x00000000e4500000| Untracked 
|  70|0x00000000e4600000, 0x00000000e4600000, 0x00000000e4700000|  0%| F|  |TAMS 0x00000000e4600000, 0x00000000e4600000| Untracked 
|  71|0x00000000e4700000, 0x00000000e4700000, 0x00000000e4800000|  0%| F|  |TAMS 0x00000000e4700000, 0x00000000e4700000| Untracked 
|  72|0x00000000e4800000, 0x00000000e4800000, 0x00000000e4900000|  0%| F|  |TAMS 0x00000000e4800000, 0x00000000e4800000| Untracked 
|  73|0x00000000e4900000, 0x00000000e4900000, 0x00000000e4a00000|  0%| F|  |TAMS 0x00000000e4900000, 0x00000000e4900000| Untracked 
|  74|0x00000000e4a00000, 0x00000000e4a00000, 0x00000000e4b00000|  0%| F|  |TAMS 0x00000000e4a00000, 0x00000000e4a00000| Untracked 
|  75|0x00000000e4b00000, 0x00000000e4b00000, 0x00000000e4c00000|  0%| F|  |TAMS 0x00000000e4b00000, 0x00000000e4b00000| Untracked 
|  76|0x00000000e4c00000, 0x00000000e4c00000, 0x00000000e4d00000|  0%| F|  |TAMS 0x00000000e4c00000, 0x00000000e4c00000| Untracked 
|  77|0x00000000e4d00000, 0x00000000e4d00000, 0x00000000e4e00000|  0%| F|  |TAMS 0x00000000e4d00000, 0x00000000e4d00000| Untracked 
|  78|0x00000000e4e00000, 0x00000000e4e00000, 0x00000000e4f00000|  0%| F|  |TAMS 0x00000000e4e00000, 0x00000000e4e00000| Untracked 
|  79|0x00000000e4f00000, 0x00000000e4f00000, 0x00000000e5000000|  0%| F|  |TAMS 0x00000000e4f00000, 0x00000000e4f00000| Untracked 
|  80|0x00000000e5000000, 0x00000000e5000000, 0x00000000e5100000|  0%| F|  |TAMS 0x00000000e5000000, 0x00000000e5000000| Untracked 
|  81|0x00000000e5100000, 0x00000000e5100000, 0x00000000e5200000|  0%| F|  |TAMS 0x00000000e5100000, 0x00000000e5100000| Untracked 
|  82|0x00000000e5200000, 0x00000000e5200000, 0x00000000e5300000|  0%| F|  |TAMS 0x00000000e5200000, 0x00000000e5200000| Untracked 
|  83|0x00000000e5300000, 0x00000000e5300000, 0x00000000e5400000|  0%| F|  |TAMS 0x00000000e5300000, 0x00000000e5300000| Untracked 
|  84|0x00000000e5400000, 0x00000000e5400000, 0x00000000e5500000|  0%| F|  |TAMS 0x00000000e5400000, 0x00000000e5400000| Untracked 
|  85|0x00000000e5500000, 0x00000000e5500000, 0x00000000e5600000|  0%| F|  |TAMS 0x00000000e5500000, 0x00000000e5500000| Untracked 
|  86|0x00000000e5600000, 0x00000000e5600000, 0x00000000e5700000|  0%| F|  |TAMS 0x00000000e5600000, 0x00000000e5600000| Untracked 
|  87|0x00000000e5700000, 0x00000000e5700000, 0x00000000e5800000|  0%| F|  |TAMS 0x00000000e5700000, 0x00000000e5700000| Untracked 
|  88|0x00000000e5800000, 0x00000000e5800000, 0x00000000e5900000|  0%| F|  |TAMS 0x00000000e5800000, 0x00000000e5800000| Untracked 
|  89|0x00000000e5900000, 0x00000000e5900000, 0x00000000e5a00000|  0%| F|  |TAMS 0x00000000e5900000, 0x00000000e5900000| Untracked 
|  90|0x00000000e5a00000, 0x00000000e5a00000, 0x00000000e5b00000|  0%| F|  |TAMS 0x00000000e5a00000, 0x00000000e5a00000| Untracked 
|  91|0x00000000e5b00000, 0x00000000e5b00000, 0x00000000e5c00000|  0%| F|  |TAMS 0x00000000e5b00000, 0x00000000e5b00000| Untracked 
|  92|0x00000000e5c00000, 0x00000000e5c00000, 0x00000000e5d00000|  0%| F|  |TAMS 0x00000000e5c00000, 0x00000000e5c00000| Untracked 
|  93|0x00000000e5d00000, 0x00000000e5d00000, 0x00000000e5e00000|  0%| F|  |TAMS 0x00000000e5d00000, 0x00000000e5d00000| Untracked 
|  94|0x00000000e5e00000, 0x00000000e5e00000, 0x00000000e5f00000|  0%| F|  |TAMS 0x00000000e5e00000, 0x00000000e5e00000| Untracked 
|  95|0x00000000e5f00000, 0x00000000e5f00000, 0x00000000e6000000|  0%| F|  |TAMS 0x00000000e5f00000, 0x00000000e5f00000| Untracked 
|  96|0x00000000e6000000, 0x00000000e6000000, 0x00000000e6100000|  0%| F|  |TAMS 0x00000000e6000000, 0x00000000e6000000| Untracked 
|  97|0x00000000e6100000, 0x00000000e6100000, 0x00000000e6200000|  0%| F|  |TAMS 0x00000000e6100000, 0x00000000e6100000| Untracked 
|  98|0x00000000e6200000, 0x00000000e6200000, 0x00000000e6300000|  0%| F|  |TAMS 0x00000000e6200000, 0x00000000e6200000| Untracked 
|  99|0x00000000e6300000, 0x00000000e6300000, 0x00000000e6400000|  0%| F|  |TAMS 0x00000000e6300000, 0x00000000e6300000| Untracked 
| 100|0x00000000e6400000, 0x00000000e6400000, 0x00000000e6500000|  0%| F|  |TAMS 0x00000000e6400000, 0x00000000e6400000| Untracked 
| 101|0x00000000e6500000, 0x00000000e6500000, 0x00000000e6600000|  0%| F|  |TAMS 0x00000000e6500000, 0x00000000e6500000| Untracked 
| 102|0x00000000e6600000, 0x00000000e6600000, 0x00000000e6700000|  0%| F|  |TAMS 0x00000000e6600000, 0x00000000e6600000| Untracked 
| 103|0x00000000e6700000, 0x00000000e6700000, 0x00000000e6800000|  0%| F|  |TAMS 0x00000000e6700000, 0x00000000e6700000| Untracked 
| 104|0x00000000e6800000, 0x00000000e6800000, 0x00000000e6900000|  0%| F|  |TAMS 0x00000000e6800000, 0x00000000e6800000| Untracked 
| 105|0x00000000e6900000, 0x00000000e6900000, 0x00000000e6a00000|  0%| F|  |TAMS 0x00000000e6900000, 0x00000000e6900000| Untracked 
| 106|0x00000000e6a00000, 0x00000000e6a00000, 0x00000000e6b00000|  0%| F|  |TAMS 0x00000000e6a00000, 0x00000000e6a00000| Untracked 
| 107|0x00000000e6b00000, 0x00000000e6b00000, 0x00000000e6c00000|  0%| F|  |TAMS 0x00000000e6b00000, 0x00000000e6b00000| Untracked 
| 108|0x00000000e6c00000, 0x00000000e6c00000, 0x00000000e6d00000|  0%| F|  |TAMS 0x00000000e6c00000, 0x00000000e6c00000| Untracked 
| 109|0x00000000e6d00000, 0x00000000e6d00000, 0x00000000e6e00000|  0%| F|  |TAMS 0x00000000e6d00000, 0x00000000e6d00000| Untracked 
| 110|0x00000000e6e00000, 0x00000000e6e00000, 0x00000000e6f00000|  0%| F|  |TAMS 0x00000000e6e00000, 0x00000000e6e00000| Untracked 
| 111|0x00000000e6f00000, 0x00000000e6f00000, 0x00000000e7000000|  0%| F|  |TAMS 0x00000000e6f00000, 0x00000000e6f00000| Untracked 
| 112|0x00000000e7000000, 0x00000000e7000000, 0x00000000e7100000|  0%| F|  |TAMS 0x00000000e7000000, 0x00000000e7000000| Untracked 
| 113|0x00000000e7100000, 0x00000000e7100000, 0x00000000e7200000|  0%| F|  |TAMS 0x00000000e7100000, 0x00000000e7100000| Untracked 
| 114|0x00000000e7200000, 0x00000000e7200000, 0x00000000e7300000|  0%| F|  |TAMS 0x00000000e7200000, 0x00000000e7200000| Untracked 
| 115|0x00000000e7300000, 0x00000000e7300000, 0x00000000e7400000|  0%| F|  |TAMS 0x00000000e7300000, 0x00000000e7300000| Untracked 
| 116|0x00000000e7400000, 0x00000000e7400000, 0x00000000e7500000|  0%| F|  |TAMS 0x00000000e7400000, 0x00000000e7400000| Untracked 
| 117|0x00000000e7500000, 0x00000000e7500000, 0x00000000e7600000|  0%| F|  |TAMS 0x00000000e7500000, 0x00000000e7500000| Untracked 
| 118|0x00000000e7600000, 0x00000000e7600000, 0x00000000e7700000|  0%| F|  |TAMS 0x00000000e7600000, 0x00000000e7600000| Untracked 
| 119|0x00000000e7700000, 0x00000000e7700000, 0x00000000e7800000|  0%| F|  |TAMS 0x00000000e7700000, 0x00000000e7700000| Untracked 
| 120|0x00000000e7800000, 0x00000000e7800000, 0x00000000e7900000|  0%| F|  |TAMS 0x00000000e7800000, 0x00000000e7800000| Untracked 
| 121|0x00000000e7900000, 0x00000000e7900000, 0x00000000e7a00000|  0%| F|  |TAMS 0x00000000e7900000, 0x00000000e7900000| Untracked 
| 122|0x00000000e7a00000, 0x00000000e7a00000, 0x00000000e7b00000|  0%| F|  |TAMS 0x00000000e7a00000, 0x00000000e7a00000| Untracked 
| 123|0x00000000e7b00000, 0x00000000e7b00000, 0x00000000e7c00000|  0%| F|  |TAMS 0x00000000e7b00000, 0x00000000e7b00000| Untracked 
| 124|0x00000000e7c00000, 0x00000000e7c00000, 0x00000000e7d00000|  0%| F|  |TAMS 0x00000000e7c00000, 0x00000000e7c00000| Untracked 
| 125|0x00000000e7d00000, 0x00000000e7d00000, 0x00000000e7e00000|  0%| F|  |TAMS 0x00000000e7d00000, 0x00000000e7d00000| Untracked 
| 126|0x00000000e7e00000, 0x00000000e7e00000, 0x00000000e7f00000|  0%| F|  |TAMS 0x00000000e7e00000, 0x00000000e7e00000| Untracked 
| 127|0x00000000e7f00000, 0x00000000e7f00000, 0x00000000e8000000|  0%| F|  |TAMS 0x00000000e7f00000, 0x00000000e7f00000| Untracked 
| 128|0x00000000e8000000, 0x00000000e8000000, 0x00000000e8100000|  0%| F|  |TAMS 0x00000000e8000000, 0x00000000e8000000| Untracked 
| 129|0x00000000e8100000, 0x00000000e8100000, 0x00000000e8200000|  0%| F|  |TAMS 0x00000000e8100000, 0x00000000e8100000| Untracked 
| 130|0x00000000e8200000, 0x00000000e8200000, 0x00000000e8300000|  0%| F|  |TAMS 0x00000000e8200000, 0x00000000e8200000| Untracked 
| 131|0x00000000e8300000, 0x00000000e8300000, 0x00000000e8400000|  0%| F|  |TAMS 0x00000000e8300000, 0x00000000e8300000| Untracked 
| 132|0x00000000e8400000, 0x00000000e8400000, 0x00000000e8500000|  0%| F|  |TAMS 0x00000000e8400000, 0x00000000e8400000| Untracked 
| 133|0x00000000e8500000, 0x00000000e8500000, 0x00000000e8600000|  0%| F|  |TAMS 0x00000000e8500000, 0x00000000e8500000| Untracked 
| 134|0x00000000e8600000, 0x00000000e8600000, 0x00000000e8700000|  0%| F|  |TAMS 0x00000000e8600000, 0x00000000e8600000| Untracked 
| 135|0x00000000e8700000, 0x00000000e8700000, 0x00000000e8800000|  0%| F|  |TAMS 0x00000000e8700000, 0x00000000e8700000| Untracked 
| 136|0x00000000e8800000, 0x00000000e8800000, 0x00000000e8900000|  0%| F|  |TAMS 0x00000000e8800000, 0x00000000e8800000| Untracked 
| 137|0x00000000e8900000, 0x00000000e8900000, 0x00000000e8a00000|  0%| F|  |TAMS 0x00000000e8900000, 0x00000000e8900000| Untracked 
| 138|0x00000000e8a00000, 0x00000000e8a00000, 0x00000000e8b00000|  0%| F|  |TAMS 0x00000000e8a00000, 0x00000000e8a00000| Untracked 
| 139|0x00000000e8b00000, 0x00000000e8b00000, 0x00000000e8c00000|  0%| F|  |TAMS 0x00000000e8b00000, 0x00000000e8b00000| Untracked 
| 140|0x00000000e8c00000, 0x00000000e8c00000, 0x00000000e8d00000|  0%| F|  |TAMS 0x00000000e8c00000, 0x00000000e8c00000| Untracked 
| 141|0x00000000e8d00000, 0x00000000e8d00000, 0x00000000e8e00000|  0%| F|  |TAMS 0x00000000e8d00000, 0x00000000e8d00000| Untracked 
| 142|0x00000000e8e00000, 0x00000000e8e00000, 0x00000000e8f00000|  0%| F|  |TAMS 0x00000000e8e00000, 0x00000000e8e00000| Untracked 
| 143|0x00000000e8f00000, 0x00000000e8f00000, 0x00000000e9000000|  0%| F|  |TAMS 0x00000000e8f00000, 0x00000000e8f00000| Untracked 
| 144|0x00000000e9000000, 0x00000000e9000000, 0x00000000e9100000|  0%| F|  |TAMS 0x00000000e9000000, 0x00000000e9000000| Untracked 
| 145|0x00000000e9100000, 0x00000000e9100000, 0x00000000e9200000|  0%| F|  |TAMS 0x00000000e9100000, 0x00000000e9100000| Untracked 
| 146|0x00000000e9200000, 0x00000000e9200000, 0x00000000e9300000|  0%| F|  |TAMS 0x00000000e9200000, 0x00000000e9200000| Untracked 
| 147|0x00000000e9300000, 0x00000000e9300000, 0x00000000e9400000|  0%| F|  |TAMS 0x00000000e9300000, 0x00000000e9300000| Untracked 
| 148|0x00000000e9400000, 0x00000000e9400000, 0x00000000e9500000|  0%| F|  |TAMS 0x00000000e9400000, 0x00000000e9400000| Untracked 
| 149|0x00000000e9500000, 0x00000000e9500000, 0x00000000e9600000|  0%| F|  |TAMS 0x00000000e9500000, 0x00000000e9500000| Untracked 
| 150|0x00000000e9600000, 0x00000000e9600000, 0x00000000e9700000|  0%| F|  |TAMS 0x00000000e9600000, 0x00000000e9600000| Untracked 
| 151|0x00000000e9700000, 0x00000000e9700000, 0x00000000e9800000|  0%| F|  |TAMS 0x00000000e9700000, 0x00000000e9700000| Untracked 
| 152|0x00000000e9800000, 0x00000000e9800000, 0x00000000e9900000|  0%| F|  |TAMS 0x00000000e9800000, 0x00000000e9800000| Untracked 
| 153|0x00000000e9900000, 0x00000000e9900000, 0x00000000e9a00000|  0%| F|  |TAMS 0x00000000e9900000, 0x00000000e9900000| Untracked 
| 154|0x00000000e9a00000, 0x00000000e9a00000, 0x00000000e9b00000|  0%| F|  |TAMS 0x00000000e9a00000, 0x00000000e9a00000| Untracked 
| 155|0x00000000e9b00000, 0x00000000e9b00000, 0x00000000e9c00000|  0%| F|  |TAMS 0x00000000e9b00000, 0x00000000e9b00000| Untracked 
| 156|0x00000000e9c00000, 0x00000000e9c00000, 0x00000000e9d00000|  0%| F|  |TAMS 0x00000000e9c00000, 0x00000000e9c00000| Untracked 
| 157|0x00000000e9d00000, 0x00000000e9d00000, 0x00000000e9e00000|  0%| F|  |TAMS 0x00000000e9d00000, 0x00000000e9d00000| Untracked 
| 158|0x00000000e9e00000, 0x00000000e9e00000, 0x00000000e9f00000|  0%| F|  |TAMS 0x00000000e9e00000, 0x00000000e9e00000| Untracked 
| 159|0x00000000e9f00000, 0x00000000e9f00000, 0x00000000ea000000|  0%| F|  |TAMS 0x00000000e9f00000, 0x00000000e9f00000| Untracked 
| 160|0x00000000ea000000, 0x00000000ea000000, 0x00000000ea100000|  0%| F|  |TAMS 0x00000000ea000000, 0x00000000ea000000| Untracked 
| 161|0x00000000ea100000, 0x00000000ea100000, 0x00000000ea200000|  0%| F|  |TAMS 0x00000000ea100000, 0x00000000ea100000| Untracked 
| 162|0x00000000ea200000, 0x00000000ea200000, 0x00000000ea300000|  0%| F|  |TAMS 0x00000000ea200000, 0x00000000ea200000| Untracked 
| 163|0x00000000ea300000, 0x00000000ea300000, 0x00000000ea400000|  0%| F|  |TAMS 0x00000000ea300000, 0x00000000ea300000| Untracked 
| 164|0x00000000ea400000, 0x00000000ea400000, 0x00000000ea500000|  0%| F|  |TAMS 0x00000000ea400000, 0x00000000ea400000| Untracked 
| 165|0x00000000ea500000, 0x00000000ea500000, 0x00000000ea600000|  0%| F|  |TAMS 0x00000000ea500000, 0x00000000ea500000| Untracked 
| 166|0x00000000ea600000, 0x00000000ea600000, 0x00000000ea700000|  0%| F|  |TAMS 0x00000000ea600000, 0x00000000ea600000| Untracked 
| 167|0x00000000ea700000, 0x00000000ea700000, 0x00000000ea800000|  0%| F|  |TAMS 0x00000000ea700000, 0x00000000ea700000| Untracked 
| 168|0x00000000ea800000, 0x00000000ea800000, 0x00000000ea900000|  0%| F|  |TAMS 0x00000000ea800000, 0x00000000ea800000| Untracked 
| 169|0x00000000ea900000, 0x00000000ea900000, 0x00000000eaa00000|  0%| F|  |TAMS 0x00000000ea900000, 0x00000000ea900000| Untracked 
| 170|0x00000000eaa00000, 0x00000000eaa00000, 0x00000000eab00000|  0%| F|  |TAMS 0x00000000eaa00000, 0x00000000eaa00000| Untracked 
| 171|0x00000000eab00000, 0x00000000eab00000, 0x00000000eac00000|  0%| F|  |TAMS 0x00000000eab00000, 0x00000000eab00000| Untracked 
| 172|0x00000000eac00000, 0x00000000eac00000, 0x00000000ead00000|  0%| F|  |TAMS 0x00000000eac00000, 0x00000000eac00000| Untracked 
| 173|0x00000000ead00000, 0x00000000ead00000, 0x00000000eae00000|  0%| F|  |TAMS 0x00000000ead00000, 0x00000000ead00000| Untracked 
| 174|0x00000000eae00000, 0x00000000eae00000, 0x00000000eaf00000|  0%| F|  |TAMS 0x00000000eae00000, 0x00000000eae00000| Untracked 
| 175|0x00000000eaf00000, 0x00000000eaf00000, 0x00000000eb000000|  0%| F|  |TAMS 0x00000000eaf00000, 0x00000000eaf00000| Untracked 
| 176|0x00000000eb000000, 0x00000000eb000000, 0x00000000eb100000|  0%| F|  |TAMS 0x00000000eb000000, 0x00000000eb000000| Untracked 
| 177|0x00000000eb100000, 0x00000000eb100000, 0x00000000eb200000|  0%| F|  |TAMS 0x00000000eb100000, 0x00000000eb100000| Untracked 
| 178|0x00000000eb200000, 0x00000000eb200000, 0x00000000eb300000|  0%| F|  |TAMS 0x00000000eb200000, 0x00000000eb200000| Untracked 
| 179|0x00000000eb300000, 0x00000000eb300000, 0x00000000eb400000|  0%| F|  |TAMS 0x00000000eb300000, 0x00000000eb300000| Untracked 
| 180|0x00000000eb400000, 0x00000000eb400000, 0x00000000eb500000|  0%| F|  |TAMS 0x00000000eb400000, 0x00000000eb400000| Untracked 
| 181|0x00000000eb500000, 0x00000000eb500000, 0x00000000eb600000|  0%| F|  |TAMS 0x00000000eb500000, 0x00000000eb500000| Untracked 
| 182|0x00000000eb600000, 0x00000000eb600000, 0x00000000eb700000|  0%| F|  |TAMS 0x00000000eb600000, 0x00000000eb600000| Untracked 
| 183|0x00000000eb700000, 0x00000000eb700000, 0x00000000eb800000|  0%| F|  |TAMS 0x00000000eb700000, 0x00000000eb700000| Untracked 
| 184|0x00000000eb800000, 0x00000000eb800000, 0x00000000eb900000|  0%| F|  |TAMS 0x00000000eb800000, 0x00000000eb800000| Untracked 
| 185|0x00000000eb900000, 0x00000000eb900000, 0x00000000eba00000|  0%| F|  |TAMS 0x00000000eb900000, 0x00000000eb900000| Untracked 
| 186|0x00000000eba00000, 0x00000000eba00000, 0x00000000ebb00000|  0%| F|  |TAMS 0x00000000eba00000, 0x00000000eba00000| Untracked 
| 187|0x00000000ebb00000, 0x00000000ebb00000, 0x00000000ebc00000|  0%| F|  |TAMS 0x00000000ebb00000, 0x00000000ebb00000| Untracked 
| 188|0x00000000ebc00000, 0x00000000ebc00000, 0x00000000ebd00000|  0%| F|  |TAMS 0x00000000ebc00000, 0x00000000ebc00000| Untracked 
| 189|0x00000000ebd00000, 0x00000000ebd00000, 0x00000000ebe00000|  0%| F|  |TAMS 0x00000000ebd00000, 0x00000000ebd00000| Untracked 
| 190|0x00000000ebe00000, 0x00000000ebe00000, 0x00000000ebf00000|  0%| F|  |TAMS 0x00000000ebe00000, 0x00000000ebe00000| Untracked 
| 191|0x00000000ebf00000, 0x00000000ebf00000, 0x00000000ec000000|  0%| F|  |TAMS 0x00000000ebf00000, 0x00000000ebf00000| Untracked 
| 192|0x00000000ec000000, 0x00000000ec000000, 0x00000000ec100000|  0%| F|  |TAMS 0x00000000ec000000, 0x00000000ec000000| Untracked 
| 193|0x00000000ec100000, 0x00000000ec100000, 0x00000000ec200000|  0%| F|  |TAMS 0x00000000ec100000, 0x00000000ec100000| Untracked 
| 194|0x00000000ec200000, 0x00000000ec200000, 0x00000000ec300000|  0%| F|  |TAMS 0x00000000ec200000, 0x00000000ec200000| Untracked 
| 195|0x00000000ec300000, 0x00000000ec300000, 0x00000000ec400000|  0%| F|  |TAMS 0x00000000ec300000, 0x00000000ec300000| Untracked 
| 196|0x00000000ec400000, 0x00000000ec400000, 0x00000000ec500000|  0%| F|  |TAMS 0x00000000ec400000, 0x00000000ec400000| Untracked 
| 197|0x00000000ec500000, 0x00000000ec600000, 0x00000000ec600000|100%| E|  |TAMS 0x00000000ec500000, 0x00000000ec500000| Complete 
| 198|0x00000000ec600000, 0x00000000ec700000, 0x00000000ec700000|100%| E|CS|TAMS 0x00000000ec600000, 0x00000000ec600000| Complete 
| 199|0x00000000ec700000, 0x00000000ec800000, 0x00000000ec800000|100%| E|CS|TAMS 0x00000000ec700000, 0x00000000ec700000| Complete 
| 200|0x00000000ec800000, 0x00000000ec900000, 0x00000000ec900000|100%| E|CS|TAMS 0x00000000ec800000, 0x00000000ec800000| Complete 
| 201|0x00000000ec900000, 0x00000000eca00000, 0x00000000eca00000|100%| E|CS|TAMS 0x00000000ec900000, 0x00000000ec900000| Complete 
| 202|0x00000000eca00000, 0x00000000ecb00000, 0x00000000ecb00000|100%| E|CS|TAMS 0x00000000eca00000, 0x00000000eca00000| Complete 
| 203|0x00000000ecb00000, 0x00000000ecc00000, 0x00000000ecc00000|100%| E|CS|TAMS 0x00000000ecb00000, 0x00000000ecb00000| Complete 
| 204|0x00000000ecc00000, 0x00000000ecd00000, 0x00000000ecd00000|100%| E|CS|TAMS 0x00000000ecc00000, 0x00000000ecc00000| Complete 
| 205|0x00000000ecd00000, 0x00000000ece00000, 0x00000000ece00000|100%| E|CS|TAMS 0x00000000ecd00000, 0x00000000ecd00000| Complete 
| 206|0x00000000ece00000, 0x00000000ecf00000, 0x00000000ecf00000|100%| E|CS|TAMS 0x00000000ece00000, 0x00000000ece00000| Complete 
| 207|0x00000000ecf00000, 0x00000000ed000000, 0x00000000ed000000|100%| E|CS|TAMS 0x00000000ecf00000, 0x00000000ecf00000| Complete 
| 208|0x00000000ed000000, 0x00000000ed100000, 0x00000000ed100000|100%| E|CS|TAMS 0x00000000ed000000, 0x00000000ed000000| Complete 
| 209|0x00000000ed100000, 0x00000000ed200000, 0x00000000ed200000|100%| E|CS|TAMS 0x00000000ed100000, 0x00000000ed100000| Complete 
| 210|0x00000000ed200000, 0x00000000ed300000, 0x00000000ed300000|100%| E|CS|TAMS 0x00000000ed200000, 0x00000000ed200000| Complete 
| 211|0x00000000ed300000, 0x00000000ed400000, 0x00000000ed400000|100%| E|CS|TAMS 0x00000000ed300000, 0x00000000ed300000| Complete 
| 212|0x00000000ed400000, 0x00000000ed500000, 0x00000000ed500000|100%| E|CS|TAMS 0x00000000ed400000, 0x00000000ed400000| Complete 
| 213|0x00000000ed500000, 0x00000000ed600000, 0x00000000ed600000|100%| E|CS|TAMS 0x00000000ed500000, 0x00000000ed500000| Complete 
| 214|0x00000000ed600000, 0x00000000ed700000, 0x00000000ed700000|100%| E|CS|TAMS 0x00000000ed600000, 0x00000000ed600000| Complete 
| 215|0x00000000ed700000, 0x00000000ed800000, 0x00000000ed800000|100%| E|CS|TAMS 0x00000000ed700000, 0x00000000ed700000| Complete 
| 216|0x00000000ed800000, 0x00000000ed900000, 0x00000000ed900000|100%| E|CS|TAMS 0x00000000ed800000, 0x00000000ed800000| Complete 
| 217|0x00000000ed900000, 0x00000000eda00000, 0x00000000eda00000|100%| E|CS|TAMS 0x00000000ed900000, 0x00000000ed900000| Complete 
| 218|0x00000000eda00000, 0x00000000edb00000, 0x00000000edb00000|100%| E|CS|TAMS 0x00000000eda00000, 0x00000000eda00000| Complete 
| 219|0x00000000edb00000, 0x00000000edc00000, 0x00000000edc00000|100%| E|CS|TAMS 0x00000000edb00000, 0x00000000edb00000| Complete 
| 220|0x00000000edc00000, 0x00000000edd00000, 0x00000000edd00000|100%| E|CS|TAMS 0x00000000edc00000, 0x00000000edc00000| Complete 
| 221|0x00000000edd00000, 0x00000000ede00000, 0x00000000ede00000|100%| E|CS|TAMS 0x00000000edd00000, 0x00000000edd00000| Complete 
| 222|0x00000000ede00000, 0x00000000edf00000, 0x00000000edf00000|100%| E|CS|TAMS 0x00000000ede00000, 0x00000000ede00000| Complete 
| 223|0x00000000edf00000, 0x00000000ee000000, 0x00000000ee000000|100%| E|CS|TAMS 0x00000000edf00000, 0x00000000edf00000| Complete 
| 224|0x00000000ee000000, 0x00000000ee100000, 0x00000000ee100000|100%| E|CS|TAMS 0x00000000ee000000, 0x00000000ee000000| Complete 
| 225|0x00000000ee100000, 0x00000000ee200000, 0x00000000ee200000|100%| E|CS|TAMS 0x00000000ee100000, 0x00000000ee100000| Complete 
| 226|0x00000000ee200000, 0x00000000ee300000, 0x00000000ee300000|100%| E|CS|TAMS 0x00000000ee200000, 0x00000000ee200000| Complete 
| 227|0x00000000ee300000, 0x00000000ee400000, 0x00000000ee400000|100%| E|CS|TAMS 0x00000000ee300000, 0x00000000ee300000| Complete 
| 228|0x00000000ee400000, 0x00000000ee500000, 0x00000000ee500000|100%| E|CS|TAMS 0x00000000ee400000, 0x00000000ee400000| Complete 
| 229|0x00000000ee500000, 0x00000000ee600000, 0x00000000ee600000|100%| E|CS|TAMS 0x00000000ee500000, 0x00000000ee500000| Complete 
| 230|0x00000000ee600000, 0x00000000ee700000, 0x00000000ee700000|100%| E|CS|TAMS 0x00000000ee600000, 0x00000000ee600000| Complete 
| 231|0x00000000ee700000, 0x00000000ee800000, 0x00000000ee800000|100%| E|CS|TAMS 0x00000000ee700000, 0x00000000ee700000| Complete 
| 232|0x00000000ee800000, 0x00000000ee900000, 0x00000000ee900000|100%| E|CS|TAMS 0x00000000ee800000, 0x00000000ee800000| Complete 
| 233|0x00000000ee900000, 0x00000000ee97a020, 0x00000000eea00000| 47%| S|CS|TAMS 0x00000000ee900000, 0x00000000ee900000| Complete 
| 234|0x00000000eea00000, 0x00000000eeb00000, 0x00000000eeb00000|100%| E|CS|TAMS 0x00000000eea00000, 0x00000000eea00000| Complete 
| 235|0x00000000eeb00000, 0x00000000eec00000, 0x00000000eec00000|100%| E|CS|TAMS 0x00000000eeb00000, 0x00000000eeb00000| Complete 
| 236|0x00000000eec00000, 0x00000000eed00000, 0x00000000eed00000|100%| E|CS|TAMS 0x00000000eec00000, 0x00000000eec00000| Complete 
| 237|0x00000000eed00000, 0x00000000eee00000, 0x00000000eee00000|100%| E|CS|TAMS 0x00000000eed00000, 0x00000000eed00000| Complete 
| 238|0x00000000eee00000, 0x00000000eef00000, 0x00000000eef00000|100%| E|CS|TAMS 0x00000000eee00000, 0x00000000eee00000| Complete 
| 239|0x00000000eef00000, 0x00000000ef000000, 0x00000000ef000000|100%| E|CS|TAMS 0x00000000eef00000, 0x00000000eef00000| Complete 
| 240|0x00000000ef000000, 0x00000000ef100000, 0x00000000ef100000|100%| E|CS|TAMS 0x00000000ef000000, 0x00000000ef000000| Complete 
| 241|0x00000000ef100000, 0x00000000ef200000, 0x00000000ef200000|100%| E|CS|TAMS 0x00000000ef100000, 0x00000000ef100000| Complete 
| 242|0x00000000ef200000, 0x00000000ef300000, 0x00000000ef300000|100%| E|CS|TAMS 0x00000000ef200000, 0x00000000ef200000| Complete 
| 243|0x00000000ef300000, 0x00000000ef400000, 0x00000000ef400000|100%| E|CS|TAMS 0x00000000ef300000, 0x00000000ef300000| Complete 
| 244|0x00000000ef400000, 0x00000000ef500000, 0x00000000ef500000|100%| E|CS|TAMS 0x00000000ef400000, 0x00000000ef400000| Complete 
| 245|0x00000000ef500000, 0x00000000ef600000, 0x00000000ef600000|100%| E|CS|TAMS 0x00000000ef500000, 0x00000000ef500000| Complete 
| 246|0x00000000ef600000, 0x00000000ef700000, 0x00000000ef700000|100%| E|CS|TAMS 0x00000000ef600000, 0x00000000ef600000| Complete 
| 247|0x00000000ef700000, 0x00000000ef800000, 0x00000000ef800000|100%| E|CS|TAMS 0x00000000ef700000, 0x00000000ef700000| Complete 
| 248|0x00000000ef800000, 0x00000000ef900000, 0x00000000ef900000|100%| E|CS|TAMS 0x00000000ef800000, 0x00000000ef800000| Complete 
| 249|0x00000000ef900000, 0x00000000efa00000, 0x00000000efa00000|100%| E|  |TAMS 0x00000000ef900000, 0x00000000ef900000| Complete 
| 250|0x00000000efa00000, 0x00000000efb00000, 0x00000000efb00000|100%| E|CS|TAMS 0x00000000efa00000, 0x00000000efa00000| Complete 
| 251|0x00000000efb00000, 0x00000000efc00000, 0x00000000efc00000|100%| E|CS|TAMS 0x00000000efb00000, 0x00000000efb00000| Complete 
| 252|0x00000000efc00000, 0x00000000efd00000, 0x00000000efd00000|100%| E|CS|TAMS 0x00000000efc00000, 0x00000000efc00000| Complete 
| 253|0x00000000efd00000, 0x00000000efe00000, 0x00000000efe00000|100%| E|CS|TAMS 0x00000000efd00000, 0x00000000efd00000| Complete 
| 254|0x00000000efe00000, 0x00000000eff00000, 0x00000000eff00000|100%| E|CS|TAMS 0x00000000efe00000, 0x00000000efe00000| Complete 
| 255|0x00000000eff00000, 0x00000000f0000000, 0x00000000f0000000|100%| E|CS|TAMS 0x00000000eff00000, 0x00000000eff00000| Complete 

Card table byte_map: [0x00000190f8f00000,0x00000190f9000000] _byte_map_base: 0x00000190f8800000

Marking Bits (Prev, Next): (CMBitMap*) 0x00000190e2728c00, (CMBitMap*) 0x00000190e2728c40
 Prev Bits: [0x00000190f9100000, 0x00000190f9900000)
 Next Bits: [0x00000190f9900000, 0x00000190fa100000)

Polling page: 0x00000190e08b0000

Metaspace:

Usage:
  Non-class:     11.12 MB used.
      Class:      1.83 MB used.
       Both:     12.95 MB used.

Virtual space:
  Non-class space:       16.00 MB reserved,      11.25 MB ( 70%) committed,  2 nodes.
      Class space:      208.00 MB reserved,       1.94 MB ( <1%) committed,  1 nodes.
             Both:      224.00 MB reserved,      13.19 MB (  6%) committed. 

Chunk freelists:
   Non-Class:  80.00 KB
       Class:  2.03 MB
        Both:  2.11 MB

MaxMetaspaceSize: 256.00 MB
CompressedClassSpaceSize: 208.00 MB
Initial GC threshold: 21.00 MB
Current GC threshold: 21.00 MB
CDS: on
MetaspaceReclaimPolicy: balanced
 - commit_granule_bytes: 65536.
 - commit_granule_words: 8192.
 - virtual_space_node_default_size: 1048576.
 - enlarge_chunks_in_place: 1.
 - new_chunks_are_fully_committed: 0.
 - uncommit_free_chunks: 1.
 - use_allocation_guard: 0.
 - handle_deallocations: 1.


Internal statistics:

num_allocs_failed_limit: 0.
num_arena_births: 158.
num_arena_deaths: 0.
num_vsnodes_births: 3.
num_vsnodes_deaths: 0.
num_space_committed: 211.
num_space_uncommitted: 0.
num_chunks_returned_to_freelist: 0.
num_chunks_taken_from_freelist: 553.
num_chunk_merges: 0.
num_chunk_splits: 367.
num_chunks_enlarged: 261.
num_purges: 0.
num_inconsistent_stats: 0.

CodeHeap 'non-profiled nmethods': size=120000Kb used=1040Kb max_used=1040Kb free=118959Kb
 bounds [0x00000190f19d0000, 0x00000190f1c40000, 0x00000190f8f00000]
CodeHeap 'profiled nmethods': size=120000Kb used=4450Kb max_used=4450Kb free=115549Kb
 bounds [0x00000190ea4a0000, 0x00000190ea900000, 0x00000190f19d0000]
CodeHeap 'non-nmethods': size=5760Kb used=1209Kb max_used=1229Kb free=4551Kb
 bounds [0x00000190e9f00000, 0x00000190ea170000, 0x00000190ea4a0000]
 total_blobs=2694 nmethods=2181 adapters=425
 compilation: enabled
              stopped_count=0, restarted_count=0
 full_count=0

Compilation events (20 events):
Event: 52.360 Thread 0x00000190fc721160 nmethod 2153 0x00000190ea8d2690 code [0x00000190ea8d2820, 0x00000190ea8d29d8]
Event: 52.360 Thread 0x00000190fc721160 2154       3       sun.reflect.generics.factory.CoreReflectionFactory::make (10 bytes)
Event: 52.360 Thread 0x00000190fc721160 nmethod 2154 0x00000190ea8d2a90 code [0x00000190ea8d2c40, 0x00000190ea8d2ef8]
Event: 52.361 Thread 0x00000190fc721160 2155       3       jdk.internal.reflect.ClassFileAssembler::emitConstantPoolClass (23 bytes)
Event: 52.361 Thread 0x00000190fc721160 nmethod 2155 0x00000190ea8d3010 code [0x00000190ea8d3200, 0x00000190ea8d3668]
Event: 52.363 Thread 0x00000190fc721160 2156       3       sun.reflect.generics.tree.ClassTypeSignature::accept (8 bytes)
Event: 52.363 Thread 0x00000190fc721160 nmethod 2156 0x00000190ea8d3910 code [0x00000190ea8d3ac0, 0x00000190ea8d3c68]
Event: 52.364 Thread 0x00000190fc721160 2157       3       java.lang.System$2::getAnnotationType (5 bytes)
Event: 52.364 Thread 0x00000190fc721160 nmethod 2157 0x00000190ea8d3d90 code [0x00000190ea8d3f20, 0x00000190ea8d4058]
Event: 52.364 Thread 0x00000190fc721160 2158       1       sun.reflect.annotation.AnnotationType::memberTypes (5 bytes)
Event: 52.364 Thread 0x00000190fc721160 nmethod 2158 0x00000190f1ad2c90 code [0x00000190f1ad2e20, 0x00000190f1ad2ef8]
Event: 52.364 Thread 0x00000190fc721160 2159       1       sun.reflect.annotation.AnnotationType::memberDefaults (5 bytes)
Event: 52.365 Thread 0x00000190fc721160 nmethod 2159 0x00000190f1ad2f90 code [0x00000190f1ad3120, 0x00000190f1ad31f8]
Event: 52.365 Thread 0x00000190fc721160 2160       1       sun.reflect.annotation.AnnotationType::retention (5 bytes)
Event: 52.365 Thread 0x00000190fc721160 nmethod 2160 0x00000190f1ad3290 code [0x00000190f1ad3420, 0x00000190f1ad34f8]
Event: 52.365 Thread 0x00000190fc721160 2161       3       sun.reflect.generics.scope.ClassScope::make (9 bytes)
Event: 52.365 Thread 0x00000190fc721160 nmethod 2161 0x00000190ea8d4110 code [0x00000190ea8d42c0, 0x00000190ea8d4578]
Event: 52.366 Thread 0x00000190fc721160 2163       3       sun.reflect.annotation.AnnotationParser::parseSig (62 bytes)
Event: 52.368 Thread 0x00000190fc721160 nmethod 2163 0x00000190ea8d4690 code [0x00000190ea8d4980, 0x00000190ea8d5b58]
Event: 52.824 Thread 0x00000190fc721160 2164       3       javax.management.ObjectName::<init> (15 bytes)

GC Heap History (6 events):
Event: 6.702 GC heap before
{Heap before GC invocations=0 (full 0):
 garbage-first heap   total 262144K, used 15360K [0x00000000e0000000, 0x0000000100000000)
  region size 1024K, 13 young (13312K), 0 survivors (0K)
 Metaspace       used 950K, committed 1088K, reserved 221184K
  class space    used 74K, committed 128K, reserved 212992K
}
Event: 7.152 GC heap after
{Heap after GC invocations=1 (full 0):
 garbage-first heap   total 262144K, used 3741K [0x00000000e0000000, 0x0000000100000000)
  region size 1024K, 2 young (2048K), 2 survivors (2048K)
 Metaspace       used 950K, committed 1088K, reserved 221184K
  class space    used 74K, committed 128K, reserved 212992K
}
Event: 13.763 GC heap before
{Heap before GC invocations=1 (full 0):
 garbage-first heap   total 262144K, used 20125K [0x00000000e0000000, 0x0000000100000000)
  region size 1024K, 16 young (16384K), 2 survivors (2048K)
 Metaspace       used 3265K, committed 3456K, reserved 221184K
  class space    used 412K, committed 512K, reserved 212992K
}
Event: 13.769 GC heap after
{Heap after GC invocations=2 (full 0):
 garbage-first heap   total 262144K, used 9216K [0x00000000e0000000, 0x0000000100000000)
  region size 1024K, 2 young (2048K), 2 survivors (2048K)
 Metaspace       used 3265K, committed 3456K, reserved 221184K
  class space    used 412K, committed 512K, reserved 212992K
}
Event: 16.994 GC heap before
{Heap before GC invocations=2 (full 0):
 garbage-first heap   total 262144K, used 29696K [0x00000000e0000000, 0x0000000100000000)
  region size 1024K, 22 young (22528K), 2 survivors (2048K)
 Metaspace       used 3859K, committed 4032K, reserved 221184K
  class space    used 474K, committed 576K, reserved 212992K
}
Event: 17.001 GC heap after
{Heap after GC invocations=3 (full 0):
 garbage-first heap   total 262144K, used 9629K [0x00000000e0000000, 0x0000000100000000)
  region size 1024K, 1 young (1024K), 1 survivors (1024K)
 Metaspace       used 3859K, committed 4032K, reserved 221184K
  class space    used 474K, committed 576K, reserved 212992K
}

Deoptimization events (20 events):
Event: 45.852 Thread 0x00000190fdc055b0 Uncommon trap: trap_request=0xffffffde fr.pc=0x00000190f19e5fd8 relative=0x00000000000003f8
Event: 45.852 Thread 0x00000190fdc055b0 Uncommon trap: reason=class_check action=maybe_recompile pc=0x00000190f19e5fd8 method=java.util.regex.Matcher.match(II)Z @ 121 c2
Event: 45.852 Thread 0x00000190fdc055b0 DEOPT PACKING pc=0x00000190f19e5fd8 sp=0x00000087795fbfa0
Event: 45.853 Thread 0x00000190fdc055b0 DEOPT UNPACKING pc=0x00000190e9f523a3 sp=0x00000087795fbf60 mode 2
Event: 48.174 Thread 0x00000190fdc055b0 Uncommon trap: trap_request=0xffffff45 fr.pc=0x00000190f19e8790 relative=0x00000000000001f0
Event: 48.174 Thread 0x00000190fdc055b0 Uncommon trap: reason=unstable_if action=reinterpret pc=0x00000190f19e8790 method=java.util.regex.Matcher.reset()Ljava/util/regex/Matcher; @ 47 c2
Event: 48.174 Thread 0x00000190fdc055b0 DEOPT PACKING pc=0x00000190f19e8790 sp=0x00000087795faed0
Event: 48.174 Thread 0x00000190fdc055b0 DEOPT UNPACKING pc=0x00000190e9f523a3 sp=0x00000087795fae58 mode 2
Event: 48.174 Thread 0x00000190fdc055b0 Uncommon trap: trap_request=0xffffff45 fr.pc=0x00000190f19e604c relative=0x000000000000046c
Event: 48.174 Thread 0x00000190fdc055b0 Uncommon trap: reason=unstable_if action=reinterpret pc=0x00000190f19e604c method=java.util.regex.Matcher.match(II)Z @ 76 c2
Event: 48.174 Thread 0x00000190fdc055b0 DEOPT PACKING pc=0x00000190f19e604c sp=0x00000087795faf00
Event: 48.174 Thread 0x00000190fdc055b0 DEOPT UNPACKING pc=0x00000190e9f523a3 sp=0x00000087795faed0 mode 2
Event: 49.453 Thread 0x00000190fdc055b0 Uncommon trap: trap_request=0xffffff45 fr.pc=0x00000190f19eb004 relative=0x0000000000000b04
Event: 49.453 Thread 0x00000190fdc055b0 Uncommon trap: reason=unstable_if action=reinterpret pc=0x00000190f19eb004 method=java.io.WinNTFileSystem.resolve(Ljava/lang/String;Ljava/lang/String;)Ljava/lang/String; @ 19 c2
Event: 49.453 Thread 0x00000190fdc055b0 DEOPT PACKING pc=0x00000190f19eb004 sp=0x00000087795fcec0
Event: 49.453 Thread 0x00000190fdc055b0 DEOPT UNPACKING pc=0x00000190e9f523a3 sp=0x00000087795fce68 mode 2
Event: 49.456 Thread 0x00000190fdc055b0 Uncommon trap: trap_request=0xffffff45 fr.pc=0x00000190f1a413e8 relative=0x0000000000000648
Event: 49.456 Thread 0x00000190fdc055b0 Uncommon trap: reason=unstable_if action=reinterpret pc=0x00000190f1a413e8 method=java.io.File.getName()Ljava/lang/String; @ 16 c2
Event: 49.456 Thread 0x00000190fdc055b0 DEOPT PACKING pc=0x00000190f1a413e8 sp=0x00000087795fce60
Event: 49.456 Thread 0x00000190fdc055b0 DEOPT UNPACKING pc=0x00000190e9f523a3 sp=0x00000087795fce30 mode 2

Classes unloaded (0 events):
No events

Classes redefined (0 events):
No events

Internal exceptions (20 events):
Event: 14.053 Thread 0x00000190e06cc250 Exception <a 'java/lang/NoSuchMethodError'{0x00000000effe5520}: 'void java.lang.invoke.DirectMethodHandle$Holder.invokeInterface(java.lang.Object, java.lang.Object, java.lang.Object)'> (0x00000000effe5520) 
thrown [t:\workspace\open\src\hotspot\share\interpreter\linkResolver.cpp, line 766]
Event: 21.554 Thread 0x00000190e06cc250 Exception <a 'java/lang/NoSuchMethodError'{0x00000000ee8e57c0}: 'java.lang.Object java.lang.invoke.DirectMethodHandle$Holder.invokeStaticInit(java.lang.Object)'> (0x00000000ee8e57c0) 
thrown [t:\workspace\open\src\hotspot\share\interpreter\linkResolver.cpp, line 766]
Event: 26.002 Thread 0x00000190e06cc250 Exception <a 'java/lang/NoSuchMethodError'{0x00000000ee241f78}: 'java.lang.Object java.lang.invoke.DirectMethodHandle$Holder.invokeStaticInit(java.lang.Object, int, int, int, int)'> (0x00000000ee241f78) 
thrown [t:\workspace\open\src\hotspot\share\interpreter\linkResolver.cpp, line 766]
Event: 27.990 Thread 0x00000190e06cc250 Exception <a 'java/lang/NoSuchMethodError'{0x00000000ee28c9b8}: 'java.lang.Object java.lang.invoke.DirectMethodHandle$Holder.invokeStaticInit(java.lang.Object, java.lang.Object, int, int, int, int)'> (0x00000000ee28c9b8) 
thrown [t:\workspace\open\src\hotspot\share\interpreter\linkResolver.cpp, line 766]
Event: 31.927 Thread 0x00000190e06cc250 Exception <a 'java/lang/NoSuchMethodError'{0x00000000ee020988}: 'void java.lang.invoke.DirectMethodHandle$Holder.invokeStatic(java.lang.Object, java.lang.Object, java.lang.Object)'> (0x00000000ee020988) 
thrown [t:\workspace\open\src\hotspot\share\interpreter\linkResolver.cpp, line 766]
Event: 33.599 Thread 0x00000190e06cc250 Exception <a 'java/io/IOException'{0x00000000ee0d8240}> (0x00000000ee0d8240) 
thrown [t:\workspace\open\src\hotspot\share\prims\jni.cpp, line 516]
Event: 42.684 Thread 0x00000190fdc068f0 Exception <a 'java/lang/NoSuchMethodError'{0x00000000edc51d30}: static Lorg/gradle/tooling/internal/provider/serialization/ClassLoaderDetails;.<clinit>()V> (0x00000000edc51d30) 
thrown [t:\workspace\open\src\hotspot\share\prims\jni.cpp, line 1107]
Event: 42.690 Thread 0x00000190fdc068f0 Exception <a 'java/lang/NoSuchMethodError'{0x00000000edc685e0}: static Lorg/gradle/internal/classloader/ClassLoaderSpec;.<clinit>()V> (0x00000000edc685e0) 
thrown [t:\workspace\open\src\hotspot\share\prims\jni.cpp, line 1107]
Event: 42.692 Thread 0x00000190fdc068f0 Exception <a 'java/lang/NoSuchMethodError'{0x00000000edc715c8}: static Lorg/gradle/tooling/internal/provider/serialization/WellKnownClassLoaderRegistry$KnownClassLoaderSpec;.<clinit>()V> (0x00000000edc715c8) 
thrown [t:\workspace\open\src\hotspot\share\prims\jni.cpp, line 1107]
Event: 42.698 Thread 0x00000190fdc068f0 Exception <a 'java/lang/NoSuchMethodError'{0x00000000edc862f8}: static Lorg/gradle/tooling/internal/provider/serialization/ClientOwnedClassLoaderSpec;.<clinit>()V> (0x00000000edc862f8) 
thrown [t:\workspace\open\src\hotspot\share\prims\jni.cpp, line 1107]
Event: 44.191 Thread 0x00000190fdc02f30 Implicit null exception at 0x00000190f1a0c6f2 to 0x00000190f1a0cd0c
Event: 44.192 Thread 0x00000190fdc02f30 Implicit null exception at 0x00000190f1a22d72 to 0x00000190f1a2338c
Event: 44.466 Thread 0x00000190fdc055b0 Exception <a 'java/lang/NoSuchMethodError'{0x00000000ed9a8f38}: 'long java.lang.invoke.DirectMethodHandle$Holder.invokeInterface(java.lang.Object, java.lang.Object)'> (0x00000000ed9a8f38) 
thrown [t:\workspace\open\src\hotspot\share\interpreter\linkResolver.cpp, line 766]
Event: 44.473 Thread 0x00000190fdc055b0 Exception <a 'java/lang/NoSuchMethodError'{0x00000000ed9b74d0}: 'void java.lang.invoke.DelegatingMethodHandle$Holder.reinvoke_L(java.lang.Object, java.lang.Object, java.lang.Object, java.lang.Object, java.lang.Object, java.lang.Object, java.lang.Object)'> (0x00000000ed9b74d0) 
thrown [t:\workspace\open\src\hotspot\share\interpreter\linkResolver.cpp, line 766]
Event: 45.775 Thread 0x00000190fdc055b0 Exception <a 'java/lang/NoSuchMethodError'{0x00000000ed5d84e0}: 'void java.lang.invoke.DirectMethodHandle$Holder.invokeStaticInit(java.lang.Object)'> (0x00000000ed5d84e0) 
thrown [t:\workspace\open\src\hotspot\share\interpreter\linkResolver.cpp, line 766]
Event: 45.778 Thread 0x00000190fdc055b0 Exception <a 'java/lang/NoSuchMethodError'{0x00000000ed5ec110}: 'void java.lang.invoke.DirectMethodHandle$Holder.invokeSpecial(java.lang.Object, java.lang.Object, java.lang.Object)'> (0x00000000ed5ec110) 
thrown [t:\workspace\open\src\hotspot\share\interpreter\linkResolver.cpp, line 766]
Event: 45.867 Thread 0x00000190fdc055b0 Exception <a 'java/lang/NoSuchMethodError'{0x00000000ed484258}: 'java.lang.Object java.lang.invoke.DirectMethodHandle$Holder.newInvokeSpecial(java.lang.Object, java.lang.Object, java.lang.Object, int)'> (0x00000000ed484258) 
thrown [t:\workspace\open\src\hotspot\share\interpreter\linkResolver.cpp, line 766]
Event: 45.868 Thread 0x00000190fdc055b0 Exception <a 'java/lang/NoSuchMethodError'{0x00000000ed488b88}: 'java.lang.Object java.lang.invoke.DirectMethodHandle$Holder.invokeSpecial(java.lang.Object, java.lang.Object, java.lang.Object, java.lang.Object, int)'> (0x00000000ed488b88) 
thrown [t:\workspace\open\src\hotspot\share\interpreter\linkResolver.cpp, line 766]
Event: 45.869 Thread 0x00000190fdc055b0 Exception <a 'java/lang/NoSuchMethodError'{0x00000000ed48cca0}: 'java.lang.Object java.lang.invoke.Invokers$Holder.linkToTargetMethod(java.lang.Object, java.lang.Object, int, java.lang.Object)'> (0x00000000ed48cca0) 
thrown [t:\workspace\open\src\hotspot\share\interpreter\linkResolver.cpp, line 766]
Event: 49.715 Thread 0x00000190fdc055b0 Exception <a 'java/lang/NoSuchMethodError'{0x00000000ecc25ee8}: 'java.lang.Object java.lang.invoke.DirectMethodHandle$Holder.newInvokeSpecial(java.lang.Object, java.lang.Object, java.lang.Object, java.lang.Object, java.lang.Object, java.lang.Object)'> (0x00000000ecc25ee8) 
thrown [t:\workspace\open\src\hotspot\share\interpreter\linkResolver.cpp, line 766]

VM Operations (20 events):
Event: 47.338 Executing VM operation: Cleanup
Event: 47.338 Executing VM operation: Cleanup done
Event: 48.348 Executing VM operation: Cleanup
Event: 48.348 Executing VM operation: Cleanup done
Event: 49.361 Executing VM operation: Cleanup
Event: 49.408 Executing VM operation: Cleanup done
Event: 49.658 Executing VM operation: HandshakeAllThreads
Event: 49.658 Executing VM operation: HandshakeAllThreads done
Event: 49.658 Executing VM operation: HandshakeAllThreads
Event: 49.658 Executing VM operation: HandshakeAllThreads done
Event: 49.840 Executing VM operation: HandshakeAllThreads
Event: 49.840 Executing VM operation: HandshakeAllThreads done
Event: 49.841 Executing VM operation: HandshakeAllThreads
Event: 49.841 Executing VM operation: HandshakeAllThreads done
Event: 50.848 Executing VM operation: Cleanup
Event: 50.848 Executing VM operation: Cleanup done
Event: 51.850 Executing VM operation: Cleanup
Event: 51.901 Executing VM operation: Cleanup done
Event: 52.914 Executing VM operation: Cleanup
Event: 52.914 Executing VM operation: Cleanup done

Events (20 events):
Event: 46.140 loading class java/util/concurrent/atomic/AtomicReferenceArray
Event: 46.143 loading class java/util/concurrent/atomic/AtomicReferenceArray done
Event: 46.329 Thread 0x00000190fd9c8870 Thread added: 0x00000190fd9c8870
Event: 46.547 loading class sun/nio/ch/DatagramSocketAdaptor$DatagramPackets
Event: 46.685 loading class sun/nio/ch/DatagramSocketAdaptor$DatagramPackets done
Event: 48.504 Thread 0x00000190fd9ce8b0 Thread added: 0x00000190fd9ce8b0
Event: 49.454 loading class java/io/File$TempDirectory
Event: 49.454 loading class java/io/File$TempDirectory done
Event: 49.656 loading class java/io/PrintWriter
Event: 49.656 loading class java/io/PrintWriter done
Event: 49.657 loading class sun/nio/cs/UTF_8$Encoder
Event: 49.657 loading class sun/nio/cs/UTF_8$Encoder done
Event: 49.670 loading class java/io/UncheckedIOException
Event: 49.671 loading class java/io/UncheckedIOException done
Event: 49.681 loading class java/util/zip/CheckedInputStream
Event: 49.681 loading class java/util/zip/CheckedInputStream done
Event: 49.684 loading class java/nio/file/FileVisitor
Event: 49.684 loading class java/nio/file/FileVisitor done
Event: 49.684 loading class java/io/FilenameFilter
Event: 49.684 loading class java/io/FilenameFilter done


Dynamic libraries:
0x00007ff62e6f0000 - 0x00007ff62e6fe000 	C:\Users\chris\.jdks\openjdk-17.0.1-2\bin\java.exe
0x00007ff8020b0000 - 0x00007ff8022a8000 	C:\WINDOWS\SYSTEM32\ntdll.dll
0x00007ff8009e0000 - 0x00007ff800a9f000 	C:\WINDOWS\System32\KERNEL32.DLL
0x00007fffff7a0000 - 0x00007fffffa72000 	C:\WINDOWS\System32\KERNELBASE.dll
0x00007ff800000000 - 0x00007ff800100000 	C:\WINDOWS\System32\ucrtbase.dll
0x00007ffffaf60000 - 0x00007ffffaf78000 	C:\Users\chris\.jdks\openjdk-17.0.1-2\bin\jli.dll
0x00007ff800de0000 - 0x00007ff800f81000 	C:\WINDOWS\System32\USER32.dll
0x00007fffffee0000 - 0x00007ffffff02000 	C:\WINDOWS\System32\win32u.dll
0x00007ff801610000 - 0x00007ff80163b000 	C:\WINDOWS\System32\GDI32.dll
0x00007fffffbe0000 - 0x00007fffffcef000 	C:\WINDOWS\System32\gdi32full.dll
0x00007fffffe40000 - 0x00007fffffedd000 	C:\WINDOWS\System32\msvcp_win.dll
0x00007ffff9a70000 - 0x00007ffff9a8a000 	C:\Users\chris\.jdks\openjdk-17.0.1-2\bin\VCRUNTIME140.dll
0x00007fffe4d20000 - 0x00007fffe4fba000 	C:\WINDOWS\WinSxS\amd64_microsoft.windows.common-controls_6595b64144ccf1df_6.0.19041.1110_none_60b5254171f9507e\COMCTL32.dll
0x00007ff800c70000 - 0x00007ff800d0e000 	C:\WINDOWS\System32\msvcrt.dll
0x00007ff802040000 - 0x00007ff802070000 	C:\WINDOWS\System32\IMM32.DLL
0x00007ffff84b0000 - 0x00007ffff84bc000 	C:\Users\chris\.jdks\openjdk-17.0.1-2\bin\vcruntime140_1.dll
0x00007fffdb590000 - 0x00007fffdb61d000 	C:\Users\chris\.jdks\openjdk-17.0.1-2\bin\msvcp140.dll
0x00007fff9ca30000 - 0x00007fff9d5ee000 	C:\Users\chris\.jdks\openjdk-17.0.1-2\bin\server\jvm.dll
0x00007ff801e50000 - 0x00007ff801efe000 	C:\WINDOWS\System32\ADVAPI32.dll
0x00007ff801db0000 - 0x00007ff801e4c000 	C:\WINDOWS\System32\sechost.dll
0x00007ff801f10000 - 0x00007ff802034000 	C:\WINDOWS\System32\RPCRT4.dll
0x00007ff801f00000 - 0x00007ff801f08000 	C:\WINDOWS\System32\PSAPI.DLL
0x00007ffff7fa0000 - 0x00007ffff7fa9000 	C:\WINDOWS\SYSTEM32\WSOCK32.dll
0x00007ff801400000 - 0x00007ff80146b000 	C:\WINDOWS\System32\WS2_32.dll
0x00007fffdf410000 - 0x00007fffdf437000 	C:\WINDOWS\SYSTEM32\WINMM.dll
0x00007fffe8e10000 - 0x00007fffe8e1a000 	C:\WINDOWS\SYSTEM32\VERSION.dll
0x00007ffffd600000 - 0x00007ffffd612000 	C:\WINDOWS\SYSTEM32\kernel.appcore.dll
0x00007fffe3d80000 - 0x00007fffe3d8a000 	C:\Users\chris\.jdks\openjdk-17.0.1-2\bin\jimage.dll
0x00007ffff8b50000 - 0x00007ffff8d34000 	C:\WINDOWS\SYSTEM32\DBGHELP.DLL
0x00007fffe3280000 - 0x00007fffe32b5000 	C:\WINDOWS\SYSTEM32\dbgcore.DLL
0x00007fffffd40000 - 0x00007fffffdc2000 	C:\WINDOWS\System32\bcryptPrimitives.dll
0x00007fffe3d40000 - 0x00007fffe3d65000 	C:\Users\chris\.jdks\openjdk-17.0.1-2\bin\java.dll
0x00007fffc77d0000 - 0x00007fffc78a6000 	C:\Users\chris\.jdks\openjdk-17.0.1-2\bin\svml.dll
0x00007ff800100000 - 0x00007ff800845000 	C:\WINDOWS\System32\SHELL32.dll
0x00007ffffd820000 - 0x00007ffffdfb2000 	C:\WINDOWS\SYSTEM32\windows.storage.dll
0x00007ff8019f0000 - 0x00007ff801d45000 	C:\WINDOWS\System32\combase.dll
0x00007fffff040000 - 0x00007fffff070000 	C:\WINDOWS\SYSTEM32\Wldp.dll
0x00007ff800850000 - 0x00007ff8008fd000 	C:\WINDOWS\System32\SHCORE.dll
0x00007ff800900000 - 0x00007ff800955000 	C:\WINDOWS\System32\shlwapi.dll
0x00007fffff6e0000 - 0x00007fffff6ff000 	C:\WINDOWS\SYSTEM32\profapi.dll
0x00007fffe0960000 - 0x00007fffe0979000 	C:\Users\chris\.jdks\openjdk-17.0.1-2\bin\net.dll
0x00007ffff97f0000 - 0x00007ffff98fa000 	C:\WINDOWS\SYSTEM32\WINHTTP.dll
0x00007ffffee20000 - 0x00007ffffee8a000 	C:\WINDOWS\system32\mswsock.dll
0x00007fffde950000 - 0x00007fffde965000 	C:\Users\chris\.jdks\openjdk-17.0.1-2\bin\nio.dll
0x00007fffde910000 - 0x00007fffde928000 	C:\Users\chris\.jdks\openjdk-17.0.1-2\bin\zip.dll
0x00007fffe3d30000 - 0x00007fffe3d40000 	C:\Users\chris\.jdks\openjdk-17.0.1-2\bin\verify.dll
0x00007fffe3e10000 - 0x00007fffe3e37000 	C:\Users\chris\.gradle\native\e1d6ef7f7dcc3fd88c89a11ec53ec762bb8ba0a96d01ffa2cd45eb1d1d8dd5c5\windows-amd64\native-platform.dll
0x00007fffc6350000 - 0x00007fffc6494000 	C:\Users\chris\.gradle\native\0d407fdbe67a94daf76414ababcb853783967236a71b16ec16e742cd7a986fd3\windows-amd64\native-platform-file-events.dll
0x00007fffe3a70000 - 0x00007fffe3a79000 	C:\Users\chris\.jdks\openjdk-17.0.1-2\bin\management.dll
0x00007fffe3720000 - 0x00007fffe372b000 	C:\Users\chris\.jdks\openjdk-17.0.1-2\bin\management_ext.dll
0x00007fffff080000 - 0x00007fffff098000 	C:\WINDOWS\SYSTEM32\CRYPTSP.dll
0x00007ffffe760000 - 0x00007ffffe794000 	C:\WINDOWS\system32\rsaenh.dll
0x00007ffffffc0000 - 0x00007ffffffe7000 	C:\WINDOWS\System32\bcrypt.dll
0x00007fffff6a0000 - 0x00007fffff6ce000 	C:\WINDOWS\SYSTEM32\USERENV.dll
0x00007ffffefb0000 - 0x00007ffffefbc000 	C:\WINDOWS\SYSTEM32\CRYPTBASE.dll
0x00007ffffeb30000 - 0x00007ffffeb6b000 	C:\WINDOWS\SYSTEM32\IPHLPAPI.DLL
0x00007ff801470000 - 0x00007ff801478000 	C:\WINDOWS\System32\NSI.dll
0x00007ffff0c10000 - 0x00007ffff0c27000 	C:\WINDOWS\SYSTEM32\dhcpcsvc6.DLL
0x00007ffff0bf0000 - 0x00007ffff0c0d000 	C:\WINDOWS\SYSTEM32\dhcpcsvc.DLL
0x00007ffffeb70000 - 0x00007ffffec3b000 	C:\WINDOWS\SYSTEM32\DNSAPI.dll
0x00007fffe3680000 - 0x00007fffe368e000 	C:\Users\chris\.jdks\openjdk-17.0.1-2\bin\sunmscapi.dll
0x00007fffffa80000 - 0x00007fffffbd6000 	C:\WINDOWS\System32\CRYPT32.dll
0x00007fffff270000 - 0x00007fffff297000 	C:\WINDOWS\SYSTEM32\ncrypt.dll
0x00007fffff230000 - 0x00007fffff26b000 	C:\WINDOWS\SYSTEM32\NTASN1.dll
0x00007fffe3df0000 - 0x00007fffe3df7000 	C:\WINDOWS\system32\wshunix.dll

dbghelp: loaded successfully - version: 4.0.5 - missing functions: none
symbol engine: initialized successfully - sym options: 0x614 - pdb path: .;C:\Users\chris\.jdks\openjdk-17.0.1-2\bin;C:\WINDOWS\SYSTEM32;C:\WINDOWS\WinSxS\amd64_microsoft.windows.common-controls_6595b64144ccf1df_6.0.19041.1110_none_60b5254171f9507e;C:\Users\chris\.jdks\openjdk-17.0.1-2\bin\server;C:\Users\chris\.gradle\native\e1d6ef7f7dcc3fd88c89a11ec53ec762bb8ba0a96d01ffa2cd45eb1d1d8dd5c5\windows-amd64;C:\Users\chris\.gradle\native\0d407fdbe67a94daf76414ababcb853783967236a71b16ec16e742cd7a986fd3\windows-amd64

VM Arguments:
jvm_args: -XX:MaxMetaspaceSize=256m -XX:+HeapDumpOnOutOfMemoryError --add-opens=java.base/java.util=ALL-UNNAMED --add-opens=java.base/java.lang=ALL-UNNAMED --add-opens=java.base/java.lang.invoke=ALL-UNNAMED --add-opens=java.base/java.util=ALL-UNNAMED --add-opens=java.prefs/java.util.prefs=ALL-UNNAMED --add-opens=java.prefs/java.util.prefs=ALL-UNNAMED --add-opens=java.base/java.nio.charset=ALL-UNNAMED --add-opens=java.base/java.net=ALL-UNNAMED --add-opens=java.base/java.util.concurrent.atomic=ALL-UNNAMED -Xms256m -Xmx512m -Dfile.encoding=windows-1252 -Duser.country=DE -Duser.language=de -Duser.variant 
java_command: org.gradle.launcher.daemon.bootstrap.GradleDaemon 7.5.1
java_class_path (initial): C:\Users\chris\.gradle\wrapper\dists\gradle-7.5.1-bin\7jzzequgds1hbszbhq3npc5ng\gradle-7.5.1\lib\gradle-launcher-7.5.1.jar
Launcher Type: SUN_STANDARD

[Global flags]
     intx CICompilerCount                          = 3                                         {product} {ergonomic}
   size_t CompressedClassSpaceSize                 = 218103808                                 {product} {ergonomic}
     uint ConcGCThreads                            = 1                                         {product} {ergonomic}
     uint G1ConcRefinementThreads                  = 4                                         {product} {ergonomic}
   size_t G1HeapRegionSize                         = 1048576                                   {product} {ergonomic}
    uintx GCDrainStackTargetSize                   = 64                                        {product} {ergonomic}
     bool HeapDumpOnOutOfMemoryError               = true                                   {manageable} {command line}
   size_t InitialHeapSize                          = 268435456                                 {product} {command line}
   size_t MarkStackSize                            = 4194304                                   {product} {ergonomic}
   size_t MaxHeapSize                              = 536870912                                 {product} {command line}
   size_t MaxMetaspaceSize                         = 268435456                                 {product} {command line}
   size_t MaxNewSize                               = 321912832                                 {product} {ergonomic}
   size_t MinHeapDeltaBytes                        = 1048576                                   {product} {ergonomic}
   size_t MinHeapSize                              = 268435456                                 {product} {command line}
    uintx NonNMethodCodeHeapSize                   = 5832780                                {pd product} {ergonomic}
    uintx NonProfiledCodeHeapSize                  = 122912730                              {pd product} {ergonomic}
    uintx ProfiledCodeHeapSize                     = 122912730                              {pd product} {ergonomic}
    uintx ReservedCodeCacheSize                    = 251658240                              {pd product} {ergonomic}
     bool SegmentedCodeCache                       = true                                      {product} {ergonomic}
   size_t SoftMaxHeapSize                          = 536870912                              {manageable} {ergonomic}
     bool UseCompressedClassPointers               = true                           {product lp64_product} {ergonomic}
     bool UseCompressedOops                        = true                           {product lp64_product} {ergonomic}
     bool UseG1GC                                  = true                                      {product} {ergonomic}
     bool UseLargePagesIndividualAllocation        = false                                  {pd product} {ergonomic}

Logging:
Log output configuration:
 #0: stdout all=warning uptime,level,tags
 #1: stderr all=off uptime,level,tags

Environment Variables:
JAVA_HOME=C:\Users\chris\.jdks\openjdk-17.0.1-2
PATH=C:\WINDOWS\system32;C:\WINDOWS;C:\WINDOWS\System32\Wbem;C:\WINDOWS\System32\WindowsPowerShell\v1.0\;C:\WINDOWS\System32\OpenSSH\;C:\Program Files\apache-maven-3.6.2\bin;C:\Program Files\graphviz-2.38\release\bin;C:\Program Files\Git\cmd;C:\Program Files\Docker\Docker\resources\bin;C:\ProgramData\DockerDesktop\version-bin;C:\Program Files\nodejs\;C:\Users\chris\miniconda3;C:\Users\chris\miniconda3\Library\mingw-w64\bin;C:\Users\chris\miniconda3\Library\usr\bin;C:\Users\chris\miniconda3\Library\bin;C:\Users\chris\miniconda3\Scripts;C:\Users\chris\.pyenv\pyenv-win\bin;C:\Users\chris\.pyenv\pyenv-win\shims;C:\Users\chris\AppData\Local\Microsoft\WindowsApps;C:\Program Files\MikTex\miktex\bin\x64\;C:\MinGW64\bin;C:\Benutzer\chris\Anaconda3\Scripts;C:\Users\chris\Anaconda3\pkgs\pip-10.0.1-py37_0\Scripts;C:\Users\chris\AppData\Local\Microsoft\WindowsApps;C:\Program Files\Java\jdk-13.0.1\bin;C:\Users\chris\AppData\Local\JetBrains\WebStorm 2019.3.3\bin;C:\Program Files\JetBrains\IntelliJ IDEA 2020.3\bin;C:\flutter\bin;C:\Users\chris\AppData\Local\Programs\MiKTeX\miktex\bin\x64\;C:\Users\chris\AppData\Roaming\Python\Python310\Scripts;C:\gradle\gradle-7.5.1\bin;C:\Users\chris\.jdks\openjdk-18.0.1.1\bin;C:\Users\chris\AppData\Roaming\npm
USERNAME=chris
OS=Windows_NT
PROCESSOR_IDENTIFIER=Intel64 Family 6 Model 142 Stepping 9, GenuineIntel



---------------  S Y S T E M  ---------------

OS:
 Windows 10 , 64 bit Build 19041 (10.0.19041.2546)
OS uptime: 3 days 0:23 hours
Hyper-V role detected

CPU: total 4 (initial active 4) (2 cores per cpu, 2 threads per core) family 6 model 142 stepping 9 microcode 0xf0, cx8, cmov, fxsr, ht, mmx, 3dnowpref, sse, sse2, sse3, ssse3, sse4.1, sse4.2, popcnt, lzcnt, tsc, tscinvbit, avx, avx2, aes, erms, clmul, bmi1, bmi2, rtm, adx, fma, vzeroupper, clflush, clflushopt, hv

Memory: 4k page, system-wide physical 8109M (389M free)
TotalPageFile size 14786M (AvailPageFile size 403M)
current process WorkingSet (physical memory assigned to process): 146M, peak: 148M
current process commit charge ("private bytes"): 385M, peak: 390M

vm_info: OpenJDK 64-Bit Server VM (17.0.1+12-39) for windows-amd64 JRE (17.0.1+12-39), built on Sep 27 2021 18:39:29 by "mach5one" with MS VC++ 16.8 (VS2019)

END.
