#
# There is insufficient memory for the Java Runtime Environment to continue.
# Native memory allocation (malloc) failed to allocate 1296656 bytes for Chunk::new
# Possible reasons:
#   The system is out of physical RAM or swap space
#   The process is running with CompressedOops enabled, and the Java Heap may be blocking the growth of the native heap
# Possible solutions:
#   Reduce memory load on the system
#   Increase physical memory or swap space
#   Check if swap backing store is full
#   Decrease Java heap size (-Xmx/-Xms)
#   Decrease number of Java threads
#   Decrease Java thread stack sizes (-Xss)
#   Set larger code cache with -XX:ReservedCodeCacheSize=
#   JVM is running with Unscaled Compressed Oops mode in which the Java heap is
#     placed in the first 4GB address space. The Java Heap base address is the
#     maximum limit for the native heap growth. Please use -XX:HeapBaseMinAddress
#     to set the Java Heap base and to place the Java Heap above 4GB virtual address.
# This output file may be truncated or incomplete.
#
#  Out of Memory Error (arena.cpp:189), pid=16724, tid=15092
#
# JRE version: OpenJDK Runtime Environment (17.0.1+12) (build 17.0.1+12-39)
# Java VM: OpenJDK 64-Bit Server VM (17.0.1+12-39, mixed mode, sharing, tiered, compressed oops, compressed class ptrs, g1 gc, windows-amd64)
# No core dump will be written. Minidumps are not enabled by default on client versions of Windows
#

---------------  S U M M A R Y ------------

Command Line: -XX:MaxMetaspaceSize=256m -XX:+HeapDumpOnOutOfMemoryError --add-opens=java.base/java.util=ALL-UNNAMED --add-opens=java.base/java.lang=ALL-UNNAMED --add-opens=java.base/java.lang.invoke=ALL-UNNAMED --add-opens=java.base/java.util=ALL-UNNAMED --add-opens=java.prefs/java.util.prefs=ALL-UNNAMED --add-opens=java.prefs/java.util.prefs=ALL-UNNAMED --add-opens=java.base/java.nio.charset=ALL-UNNAMED --add-opens=java.base/java.net=ALL-UNNAMED --add-opens=java.base/java.util.concurrent.atomic=ALL-UNNAMED -Xms256m -Xmx512m -Dfile.encoding=windows-1252 -Duser.country=DE -Duser.language=de -Duser.variant org.gradle.launcher.daemon.bootstrap.GradleDaemon 7.5.1

Host: Intel(R) Core(TM) i7-7660U CPU @ 2.50GHz, 4 cores, 7G,  Windows 10 , 64 bit Build 19041 (10.0.19041.2546)
Time: Mon Mar 27 09:17:28 2023 Mitteleuropäische Sommerzeit elapsed time: 134.836091 seconds (0d 0h 2m 14s)

---------------  T H R E A D  ---------------

Current thread (0x0000014179059cb0):  JavaThread "C2 CompilerThread0" daemon [_thread_in_native, id=15092, stack(0x000000073fc00000,0x000000073fd00000)]


Current CompileTask:
C2: 134836 6697 %     4       org.gradle.internal.instantiation.generator.AbstractClassGenerator::inspectType @ 107 (560 bytes)

Stack: [0x000000073fc00000,0x000000073fd00000]
Native frames: (J=compiled Java code, j=interpreted, Vv=VM code, C=native code)
V  [jvm.dll+0x66fa1a]
V  [jvm.dll+0x7ce5a4]
V  [jvm.dll+0x7cfd4e]
V  [jvm.dll+0x7d03b3]
V  [jvm.dll+0x242b05]
V  [jvm.dll+0xaa05b]
V  [jvm.dll+0xaa5ec]
V  [jvm.dll+0x35f9b2]
V  [jvm.dll+0x1b9918]
V  [jvm.dll+0x215d49]
V  [jvm.dll+0x215011]
V  [jvm.dll+0x1a168d]
V  [jvm.dll+0x224848]
V  [jvm.dll+0x2229ac]
V  [jvm.dll+0x78435b]
V  [jvm.dll+0x77e91a]
V  [jvm.dll+0x66e845]
C  [ucrtbase.dll+0x21bb2]
C  [KERNEL32.DLL+0x17614]
C  [ntdll.dll+0x526a1]


---------------  P R O C E S S  ---------------

Threads class SMR info:
_java_thread_list=0x000001417e8cb940, length=49, elements={
0x000001416c04c250, 0x000001417903df80, 0x000001417903ea40, 0x00000141790575d0,
0x0000014179057e90, 0x0000014179058750, 0x0000014179059010, 0x0000014179059cb0,
0x000001417905b670, 0x00000141790c1dd0, 0x0000014179cbb720, 0x0000014179cbfc00,
0x000001417b42e750, 0x000001417a87f8b0, 0x000001417a927460, 0x000001417a087eb0,
0x000001417a8e2c60, 0x000001417a04db90, 0x000001417b3f1690, 0x000001417acef2a0,
0x000001417acf05e0, 0x000001417acf0110, 0x000001417acf2c60, 0x000001417acef770,
0x000001417acefc40, 0x000001417acf0f80, 0x000001417acf0ab0, 0x000001417acf1450,
0x000001417acf1920, 0x000001417acf1df0, 0x000001417acf22c0, 0x000001417b405160,
0x000001417b402140, 0x000001417b403950, 0x000001417b404c90, 0x000001417b4042f0,
0x000001417b403e20, 0x000001417b403480, 0x000001417c446230, 0x000001417c442870,
0x000001417c447570, 0x000001417c444550, 0x000001417c443bb0, 0x000001417c4483e0,
0x000001417c447a40, 0x000001417c449720, 0x000001417c449250, 0x000001417c441ed0,
0x000001417c442d40
}

Java Threads: ( => current thread )
  0x000001416c04c250 JavaThread "main" [_thread_blocked, id=15708, stack(0x000000073ee00000,0x000000073ef00000)]
  0x000001417903df80 JavaThread "Reference Handler" daemon [_thread_blocked, id=16920, stack(0x000000073f600000,0x000000073f700000)]
  0x000001417903ea40 JavaThread "Finalizer" daemon [_thread_blocked, id=12732, stack(0x000000073f700000,0x000000073f800000)]
  0x00000141790575d0 JavaThread "Signal Dispatcher" daemon [_thread_blocked, id=13880, stack(0x000000073f800000,0x000000073f900000)]
  0x0000014179057e90 JavaThread "Attach Listener" daemon [_thread_blocked, id=16860, stack(0x000000073f900000,0x000000073fa00000)]
  0x0000014179058750 JavaThread "Service Thread" daemon [_thread_blocked, id=9120, stack(0x000000073fa00000,0x000000073fb00000)]
  0x0000014179059010 JavaThread "Monitor Deflation Thread" daemon [_thread_blocked, id=3324, stack(0x000000073fb00000,0x000000073fc00000)]
=>0x0000014179059cb0 JavaThread "C2 CompilerThread0" daemon [_thread_in_native, id=15092, stack(0x000000073fc00000,0x000000073fd00000)]
  0x000001417905b670 JavaThread "C1 CompilerThread0" daemon [_thread_blocked, id=11748, stack(0x000000073fd00000,0x000000073fe00000)]
  0x00000141790c1dd0 JavaThread "Sweeper thread" daemon [_thread_blocked, id=7888, stack(0x000000073fe00000,0x000000073ff00000)]
  0x0000014179cbb720 JavaThread "Common-Cleaner" daemon [_thread_blocked, id=15952, stack(0x000000073ff00000,0x0000000740000000)]
  0x0000014179cbfc00 JavaThread "Notification Thread" daemon [_thread_blocked, id=10772, stack(0x0000000740000000,0x0000000740100000)]
  0x000001417b42e750 JavaThread "Daemon health stats" [_thread_blocked, id=15856, stack(0x0000000740500000,0x0000000740600000)]
  0x000001417a87f8b0 JavaThread "Incoming local TCP Connector on port 56736" [_thread_in_native, id=13548, stack(0x0000000740600000,0x0000000740700000)]
  0x000001417a927460 JavaThread "Daemon periodic checks" [_thread_blocked, id=11964, stack(0x0000000740700000,0x0000000740800000)]
  0x000001417a087eb0 JavaThread "Daemon" [_thread_blocked, id=14680, stack(0x0000000740900000,0x0000000740a00000)]
  0x000001417a8e2c60 JavaThread "Handler for socket connection from /127.0.0.1:56736 to /127.0.0.1:56738" [_thread_in_native, id=17288, stack(0x0000000740800000,0x0000000740900000)]
  0x000001417a04db90 JavaThread "Cancel handler" [_thread_blocked, id=13836, stack(0x0000000740a00000,0x0000000740b00000)]
  0x000001417b3f1690 JavaThread "Daemon worker" [_thread_in_vm, id=1884, stack(0x0000000740b00000,0x0000000740c00000)]
  0x000001417acef2a0 JavaThread "Asynchronous log dispatcher for DefaultDaemonConnection: socket connection from /127.0.0.1:56736 to /127.0.0.1:56738" [_thread_blocked, id=4656, stack(0x0000000740c00000,0x0000000740d00000)]
  0x000001417acf05e0 JavaThread "Daemon client event forwarder" [_thread_blocked, id=15284, stack(0x0000000740e00000,0x0000000740f00000)]
  0x000001417acf0110 JavaThread "Cache worker for journal cache (C:\Users\chris\.gradle\caches\journal-1)" [_thread_blocked, id=4376, stack(0x0000000740f00000,0x0000000741000000)]
  0x000001417acf2c60 JavaThread "File lock request listener" [_thread_in_native, id=13624, stack(0x0000000741000000,0x0000000741100000)]
  0x000001417acef770 JavaThread "Cache worker for file hash cache (C:\Users\chris\.gradle\caches\7.5.1\fileHashes)" [_thread_blocked, id=12968, stack(0x0000000741100000,0x0000000741200000)]
  0x000001417acefc40 JavaThread "File lock release action executor" [_thread_blocked, id=16340, stack(0x0000000741200000,0x0000000741300000)]
  0x000001417acf0f80 JavaThread "File watcher server" daemon [_thread_in_native, id=15468, stack(0x0000000741300000,0x0000000741400000)]
  0x000001417acf0ab0 JavaThread "File watcher consumer" daemon [_thread_blocked, id=8072, stack(0x0000000741400000,0x0000000741500000)]
  0x000001417acf1450 JavaThread "jar transforms" [_thread_blocked, id=12588, stack(0x0000000741500000,0x0000000741600000)]
  0x000001417acf1920 JavaThread "jar transforms Thread 2" [_thread_blocked, id=7964, stack(0x0000000741600000,0x0000000741700000)]
  0x000001417acf1df0 JavaThread "jar transforms Thread 3" [_thread_blocked, id=16004, stack(0x0000000741700000,0x0000000741800000)]
  0x000001417acf22c0 JavaThread "jar transforms Thread 4" [_thread_blocked, id=2084, stack(0x0000000741800000,0x0000000741900000)]
  0x000001417b405160 JavaThread "Cache worker for checksums cache (C:\Users\chris\OneDrive\Schule\POS5\LU\matura\primes\.gradle\7.5.1\checksums)" [_thread_blocked, id=15308, stack(0x0000000741900000,0x0000000741a00000)]
  0x000001417b402140 JavaThread "Cache worker for cache directory md-rule (C:\Users\chris\.gradle\caches\7.5.1\md-rule)" [_thread_blocked, id=13236, stack(0x0000000741a00000,0x0000000741b00000)]
  0x000001417b403950 JavaThread "Cache worker for file content cache (C:\Users\chris\.gradle\caches\7.5.1\fileContent)" [_thread_blocked, id=14644, stack(0x0000000741b00000,0x0000000741c00000)]
  0x000001417b404c90 JavaThread "Cache worker for file hash cache (C:\Users\chris\OneDrive\Schule\POS5\LU\matura\primes\.gradle\7.5.1\fileHashes)" [_thread_blocked, id=8848, stack(0x0000000741c00000,0x0000000741d00000)]
  0x000001417b4042f0 JavaThread "Cache worker for cache directory md-supplier (C:\Users\chris\.gradle\caches\7.5.1\md-supplier)" [_thread_blocked, id=16524, stack(0x0000000741d00000,0x0000000741e00000)]
  0x000001417b403e20 JavaThread "Cache worker for execution history cache (C:\Users\chris\.gradle\caches\7.5.1\executionHistory)" [_thread_blocked, id=10628, stack(0x0000000741e00000,0x0000000741f00000)]
  0x000001417b403480 JavaThread "Cache worker for kotlin-dsl (C:\Users\chris\.gradle\caches\7.5.1\kotlin-dsl)" [_thread_blocked, id=16704, stack(0x000000073ed00000,0x000000073ee00000)]
  0x000001417c446230 JavaThread "Cache worker for dependencies-accessors (C:\Users\chris\OneDrive\Schule\POS5\LU\matura\primes\.gradle\7.5.1\dependencies-accessors)" [_thread_blocked, id=648, stack(0x000000073ef00000,0x000000073f000000)]
  0x000001417c442870 JavaThread "Cache worker for Build Output Cleanup Cache (C:\Users\chris\OneDrive\Schule\POS5\LU\matura\primes\.gradle\buildOutputCleanup)" [_thread_blocked, id=10296, stack(0x0000000742100000,0x0000000742200000)]
  0x000001417c447570 JavaThread "Unconstrained build operations" [_thread_blocked, id=13528, stack(0x0000000742200000,0x0000000742300000)]
  0x000001417c444550 JavaThread "Memory manager" [_thread_blocked, id=15332, stack(0x0000000742300000,0x0000000742400000)]
  0x000001417c443bb0 JavaThread "included builds" [_thread_blocked, id=15556, stack(0x0000000742400000,0x0000000742500000)]
  0x000001417c4483e0 JavaThread "Execution worker" [_thread_blocked, id=16252, stack(0x0000000742500000,0x0000000742600000)]
  0x000001417c447a40 JavaThread "Execution worker Thread 2" [_thread_blocked, id=4540, stack(0x0000000742600000,0x0000000742700000)]
  0x000001417c449720 JavaThread "Execution worker Thread 3" [_thread_blocked, id=8044, stack(0x0000000742700000,0x0000000742800000)]
  0x000001417c449250 JavaThread "Cache worker for execution history cache (C:\Users\chris\OneDrive\Schule\POS5\LU\matura\primes\.gradle\7.5.1\executionHistory)" [_thread_blocked, id=13320, stack(0x0000000742800000,0x0000000742900000)]
  0x000001417c441ed0 JavaThread "idea-tooling-model-converter" [_thread_blocked, id=15296, stack(0x0000000742900000,0x0000000742a00000)]
  0x000001417c442d40 JavaThread "Unconstrained build operations Thread 2" [_thread_blocked, id=10596, stack(0x0000000742a00000,0x0000000742b00000)]

Other Threads:
  0x0000014179037570 VMThread "VM Thread" [stack: 0x000000073f500000,0x000000073f600000] [id=12368]
  0x0000014179cc20e0 WatcherThread [stack: 0x0000000740100000,0x0000000740200000] [id=15564]
  0x000001416e0c8840 GCTaskThread "GC Thread#0" [stack: 0x000000073f000000,0x000000073f100000] [id=11200]
  0x0000014179fd1390 GCTaskThread "GC Thread#1" [stack: 0x0000000740200000,0x0000000740300000] [id=17236]
  0x000001417a0f1ea0 GCTaskThread "GC Thread#2" [stack: 0x0000000740300000,0x0000000740400000] [id=16968]
  0x000001417a057940 GCTaskThread "GC Thread#3" [stack: 0x0000000740400000,0x0000000740500000] [id=3644]
  0x000001416e0cd530 ConcurrentGCThread "G1 Main Marker" [stack: 0x000000073f100000,0x000000073f200000] [id=13272]
  0x000001416e0cdcf0 ConcurrentGCThread "G1 Conc#0" [stack: 0x000000073f200000,0x000000073f300000] [id=9264]
  0x0000014178f000a0 ConcurrentGCThread "G1 Refine#0" [stack: 0x000000073f300000,0x000000073f400000] [id=16848]
  0x000001417ac4a4d0 ConcurrentGCThread "G1 Refine#1" [stack: 0x0000000740d00000,0x0000000740e00000] [id=6908]
  0x0000014178f00870 ConcurrentGCThread "G1 Service" [stack: 0x000000073f400000,0x000000073f500000] [id=16428]

Threads with active compile tasks:
C2 CompilerThread0   135020 6697 %     4       org.gradle.internal.instantiation.generator.AbstractClassGenerator::inspectType @ 107 (560 bytes)

VM state: not at safepoint (normal execution)

VM Mutex/Monitor currently owned by a thread:  ([mutex/lock_event])
[0x000001416e0a2340] Metaspace_lock - owner thread: 0x000001417b3f1690

Heap address: 0x00000000e0000000, size: 512 MB, Compressed Oops mode: 32-bit

CDS archive(s) mapped at: [0x0000000800000000-0x0000000800bc0000-0x0000000800bc0000), size 12320768, SharedBaseAddress: 0x0000000800000000, ArchiveRelocationMode: 0.
Compressed class space mapped at: 0x0000000800c00000-0x000000080dc00000, reserved size: 218103808
Narrow klass base: 0x0000000800000000, Narrow klass shift: 0, Narrow klass range: 0x100000000

GC Precious Log:
 CPUs: 4 total, 4 available
 Memory: 8109M
 Large Page Support: Disabled
 NUMA Support: Disabled
 Compressed Oops: Enabled (32-bit)
 Heap Region Size: 1M
 Heap Min Capacity: 256M
 Heap Initial Capacity: 256M
 Heap Max Capacity: 512M
 Pre-touch: Disabled
 Parallel Workers: 4
 Concurrent Workers: 1
 Concurrent Refinement Workers: 4
 Periodic GC: Disabled

Heap:
 garbage-first heap   total 262144K, used 207872K [0x00000000e0000000, 0x0000000100000000)
  region size 1024K, 109 young (111616K), 6 survivors (6144K)
 Metaspace       used 57675K, committed 58368K, reserved 270336K
  class space    used 8173K, committed 8512K, reserved 212992K

Heap Regions: E=young(eden), S=young(survivor), O=old, HS=humongous(starts), HC=humongous(continues), CS=collection set, F=free, OA=open archive, CA=closed archive, TAMS=top-at-mark-start (previous, next)
|   0|0x00000000e0000000, 0x00000000e0100000, 0x00000000e0100000|100%|HS|  |TAMS 0x00000000e0100000, 0x00000000e0000000| Complete 
|   1|0x00000000e0100000, 0x00000000e0200000, 0x00000000e0200000|100%|HC|  |TAMS 0x00000000e0200000, 0x00000000e0100000| Complete 
|   2|0x00000000e0200000, 0x00000000e0300000, 0x00000000e0300000|100%|HC|  |TAMS 0x00000000e0300000, 0x00000000e0200000| Complete 
|   3|0x00000000e0300000, 0x00000000e0400000, 0x00000000e0400000|100%| O|  |TAMS 0x00000000e0400000, 0x00000000e0300000| Untracked 
|   4|0x00000000e0400000, 0x00000000e0500000, 0x00000000e0500000|100%| O|  |TAMS 0x00000000e0500000, 0x00000000e0400000| Untracked 
|   5|0x00000000e0500000, 0x00000000e0600000, 0x00000000e0600000|100%| O|  |TAMS 0x00000000e0600000, 0x00000000e0500000| Untracked 
|   6|0x00000000e0600000, 0x00000000e0700000, 0x00000000e0700000|100%| O|  |TAMS 0x00000000e0700000, 0x00000000e0600000| Untracked 
|   7|0x00000000e0700000, 0x00000000e0800000, 0x00000000e0800000|100%| O|  |TAMS 0x00000000e0800000, 0x00000000e0700000| Untracked 
|   8|0x00000000e0800000, 0x00000000e0900000, 0x00000000e0900000|100%| O|  |TAMS 0x00000000e0900000, 0x00000000e0800000| Untracked 
|   9|0x00000000e0900000, 0x00000000e0a00000, 0x00000000e0a00000|100%| O|  |TAMS 0x00000000e0a00000, 0x00000000e0900000| Untracked 
|  10|0x00000000e0a00000, 0x00000000e0b00000, 0x00000000e0b00000|100%| O|  |TAMS 0x00000000e0a00000, 0x00000000e0a00000| Untracked 
|  11|0x00000000e0b00000, 0x00000000e0c00000, 0x00000000e0c00000|100%|HS|  |TAMS 0x00000000e0c00000, 0x00000000e0b00000| Complete 
|  12|0x00000000e0c00000, 0x00000000e0d00000, 0x00000000e0d00000|100%|HC|  |TAMS 0x00000000e0d00000, 0x00000000e0c00000| Complete 
|  13|0x00000000e0d00000, 0x00000000e0e00000, 0x00000000e0e00000|100%|HS|  |TAMS 0x00000000e0e00000, 0x00000000e0d00000| Complete 
|  14|0x00000000e0e00000, 0x00000000e0f00000, 0x00000000e0f00000|100%|HC|  |TAMS 0x00000000e0f00000, 0x00000000e0e00000| Complete 
|  15|0x00000000e0f00000, 0x00000000e1000000, 0x00000000e1000000|100%|HC|  |TAMS 0x00000000e1000000, 0x00000000e0f00000| Complete 
|  16|0x00000000e1000000, 0x00000000e1100000, 0x00000000e1100000|100%|HS|  |TAMS 0x00000000e1100000, 0x00000000e1000000| Complete 
|  17|0x00000000e1100000, 0x00000000e1200000, 0x00000000e1200000|100%|HC|  |TAMS 0x00000000e1200000, 0x00000000e1100000| Complete 
|  18|0x00000000e1200000, 0x00000000e1300000, 0x00000000e1300000|100%|HC|  |TAMS 0x00000000e1300000, 0x00000000e1200000| Complete 
|  19|0x00000000e1300000, 0x00000000e1400000, 0x00000000e1400000|100%|HS|  |TAMS 0x00000000e1400000, 0x00000000e1300000| Complete 
|  20|0x00000000e1400000, 0x00000000e1500000, 0x00000000e1500000|100%|HC|  |TAMS 0x00000000e1500000, 0x00000000e1400000| Complete 
|  21|0x00000000e1500000, 0x00000000e1600000, 0x00000000e1600000|100%|HC|  |TAMS 0x00000000e1600000, 0x00000000e1500000| Complete 
|  22|0x00000000e1600000, 0x00000000e1700000, 0x00000000e1700000|100%|HC|  |TAMS 0x00000000e1700000, 0x00000000e1600000| Complete 
|  23|0x00000000e1700000, 0x00000000e1800000, 0x00000000e1800000|100%|HC|  |TAMS 0x00000000e1800000, 0x00000000e1700000| Complete 
|  24|0x00000000e1800000, 0x00000000e1900000, 0x00000000e1900000|100%|HC|  |TAMS 0x00000000e1900000, 0x00000000e1800000| Complete 
|  25|0x00000000e1900000, 0x00000000e1a00000, 0x00000000e1a00000|100%|HC|  |TAMS 0x00000000e1a00000, 0x00000000e1900000| Complete 
|  26|0x00000000e1a00000, 0x00000000e1b00000, 0x00000000e1b00000|100%|HC|  |TAMS 0x00000000e1b00000, 0x00000000e1a00000| Complete 
|  27|0x00000000e1b00000, 0x00000000e1c00000, 0x00000000e1c00000|100%|HC|  |TAMS 0x00000000e1c00000, 0x00000000e1b00000| Complete 
|  28|0x00000000e1c00000, 0x00000000e1d00000, 0x00000000e1d00000|100%|HC|  |TAMS 0x00000000e1d00000, 0x00000000e1c00000| Complete 
|  29|0x00000000e1d00000, 0x00000000e1e00000, 0x00000000e1e00000|100%|HC|  |TAMS 0x00000000e1e00000, 0x00000000e1d00000| Complete 
|  30|0x00000000e1e00000, 0x00000000e1f00000, 0x00000000e1f00000|100%|HC|  |TAMS 0x00000000e1f00000, 0x00000000e1e00000| Complete 
|  31|0x00000000e1f00000, 0x00000000e2000000, 0x00000000e2000000|100%|HS|  |TAMS 0x00000000e2000000, 0x00000000e1f00000| Complete 
|  32|0x00000000e2000000, 0x00000000e2100000, 0x00000000e2100000|100%|HC|  |TAMS 0x00000000e2100000, 0x00000000e2000000| Complete 
|  33|0x00000000e2100000, 0x00000000e2200000, 0x00000000e2200000|100%|HS|  |TAMS 0x00000000e2200000, 0x00000000e2100000| Complete 
|  34|0x00000000e2200000, 0x00000000e2300000, 0x00000000e2300000|100%|HC|  |TAMS 0x00000000e2300000, 0x00000000e2200000| Complete 
|  35|0x00000000e2300000, 0x00000000e2400000, 0x00000000e2400000|100%|HC|  |TAMS 0x00000000e2400000, 0x00000000e2300000| Complete 
|  36|0x00000000e2400000, 0x00000000e2500000, 0x00000000e2500000|100%|HC|  |TAMS 0x00000000e2500000, 0x00000000e2400000| Complete 
|  37|0x00000000e2500000, 0x00000000e2600000, 0x00000000e2600000|100%|HC|  |TAMS 0x00000000e2600000, 0x00000000e2500000| Complete 
|  38|0x00000000e2600000, 0x00000000e2700000, 0x00000000e2700000|100%|HC|  |TAMS 0x00000000e2700000, 0x00000000e2600000| Complete 
|  39|0x00000000e2700000, 0x00000000e2800000, 0x00000000e2800000|100%|HS|  |TAMS 0x00000000e2800000, 0x00000000e2700000| Complete 
|  40|0x00000000e2800000, 0x00000000e2900000, 0x00000000e2900000|100%| O|  |TAMS 0x00000000e2800000, 0x00000000e2800000| Untracked 
|  41|0x00000000e2900000, 0x00000000e2a00000, 0x00000000e2a00000|100%| O|  |TAMS 0x00000000e2900000, 0x00000000e2900000| Untracked 
|  42|0x00000000e2a00000, 0x00000000e2b00000, 0x00000000e2b00000|100%|HS|  |TAMS 0x00000000e2b00000, 0x00000000e2a00000| Complete 
|  43|0x00000000e2b00000, 0x00000000e2c00000, 0x00000000e2c00000|100%|HC|  |TAMS 0x00000000e2c00000, 0x00000000e2b00000| Complete 
|  44|0x00000000e2c00000, 0x00000000e2d00000, 0x00000000e2d00000|100%|HC|  |TAMS 0x00000000e2d00000, 0x00000000e2c00000| Complete 
|  45|0x00000000e2d00000, 0x00000000e2e00000, 0x00000000e2e00000|100%|HS|  |TAMS 0x00000000e2e00000, 0x00000000e2d00000| Complete 
|  46|0x00000000e2e00000, 0x00000000e2f00000, 0x00000000e2f00000|100%|HC|  |TAMS 0x00000000e2f00000, 0x00000000e2e00000| Complete 
|  47|0x00000000e2f00000, 0x00000000e3000000, 0x00000000e3000000|100%|HC|  |TAMS 0x00000000e3000000, 0x00000000e2f00000| Complete 
|  48|0x00000000e3000000, 0x00000000e3100000, 0x00000000e3100000|100%| O|  |TAMS 0x00000000e3100000, 0x00000000e3000000| Untracked 
|  49|0x00000000e3100000, 0x00000000e3200000, 0x00000000e3200000|100%| O|  |TAMS 0x00000000e3200000, 0x00000000e3100000| Untracked 
|  50|0x00000000e3200000, 0x00000000e3300000, 0x00000000e3300000|100%| O|  |TAMS 0x00000000e3300000, 0x00000000e3200000| Untracked 
|  51|0x00000000e3300000, 0x00000000e3400000, 0x00000000e3400000|100%| O|  |TAMS 0x00000000e3400000, 0x00000000e3300000| Untracked 
|  52|0x00000000e3400000, 0x00000000e3500000, 0x00000000e3500000|100%| O|  |TAMS 0x00000000e3500000, 0x00000000e3400000| Untracked 
|  53|0x00000000e3500000, 0x00000000e3600000, 0x00000000e3600000|100%| O|  |TAMS 0x00000000e3600000, 0x00000000e3500000| Untracked 
|  54|0x00000000e3600000, 0x00000000e3700000, 0x00000000e3700000|100%| O|  |TAMS 0x00000000e3700000, 0x00000000e3600000| Untracked 
|  55|0x00000000e3700000, 0x00000000e3800000, 0x00000000e3800000|100%| O|  |TAMS 0x00000000e3800000, 0x00000000e3700000| Untracked 
|  56|0x00000000e3800000, 0x00000000e3900000, 0x00000000e3900000|100%| O|  |TAMS 0x00000000e3900000, 0x00000000e3800000| Untracked 
|  57|0x00000000e3900000, 0x00000000e3a00000, 0x00000000e3a00000|100%| O|  |TAMS 0x00000000e3a00000, 0x00000000e3900000| Untracked 
|  58|0x00000000e3a00000, 0x00000000e3b00000, 0x00000000e3b00000|100%| O|  |TAMS 0x00000000e3b00000, 0x00000000e3a00000| Untracked 
|  59|0x00000000e3b00000, 0x00000000e3c00000, 0x00000000e3c00000|100%| O|  |TAMS 0x00000000e3bcfe00, 0x00000000e3b00000| Untracked 
|  60|0x00000000e3c00000, 0x00000000e3d00000, 0x00000000e3d00000|100%| O|  |TAMS 0x00000000e3c00000, 0x00000000e3c00000| Untracked 
|  61|0x00000000e3d00000, 0x00000000e3e00000, 0x00000000e3e00000|100%| O|  |TAMS 0x00000000e3d00000, 0x00000000e3d00000| Untracked 
|  62|0x00000000e3e00000, 0x00000000e3f00000, 0x00000000e3f00000|100%| O|  |TAMS 0x00000000e3e00000, 0x00000000e3e00000| Untracked 
|  63|0x00000000e3f00000, 0x00000000e4000000, 0x00000000e4000000|100%| O|  |TAMS 0x00000000e3f00000, 0x00000000e3f00000| Untracked 
|  64|0x00000000e4000000, 0x00000000e4100000, 0x00000000e4100000|100%| O|  |TAMS 0x00000000e4000000, 0x00000000e4000000| Untracked 
|  65|0x00000000e4100000, 0x00000000e4200000, 0x00000000e4200000|100%| O|  |TAMS 0x00000000e4100000, 0x00000000e4100000| Untracked 
|  66|0x00000000e4200000, 0x00000000e4300000, 0x00000000e4300000|100%| O|  |TAMS 0x00000000e4200000, 0x00000000e4200000| Untracked 
|  67|0x00000000e4300000, 0x00000000e4400000, 0x00000000e4400000|100%|HS|  |TAMS 0x00000000e4300000, 0x00000000e4300000| Complete 
|  68|0x00000000e4400000, 0x00000000e4500000, 0x00000000e4500000|100%|HC|  |TAMS 0x00000000e4400000, 0x00000000e4400000| Complete 
|  69|0x00000000e4500000, 0x00000000e4600000, 0x00000000e4600000|100%|HS|  |TAMS 0x00000000e4500000, 0x00000000e4500000| Complete 
|  70|0x00000000e4600000, 0x00000000e4700000, 0x00000000e4700000|100%|HC|  |TAMS 0x00000000e4600000, 0x00000000e4600000| Complete 
|  71|0x00000000e4700000, 0x00000000e4800000, 0x00000000e4800000|100%|HC|  |TAMS 0x00000000e4700000, 0x00000000e4700000| Complete 
|  72|0x00000000e4800000, 0x00000000e4900000, 0x00000000e4900000|100%|HS|  |TAMS 0x00000000e4800000, 0x00000000e4800000| Complete 
|  73|0x00000000e4900000, 0x00000000e4a00000, 0x00000000e4a00000|100%|HC|  |TAMS 0x00000000e4900000, 0x00000000e4900000| Complete 
|  74|0x00000000e4a00000, 0x00000000e4b00000, 0x00000000e4b00000|100%|HC|  |TAMS 0x00000000e4a00000, 0x00000000e4a00000| Complete 
|  75|0x00000000e4b00000, 0x00000000e4c00000, 0x00000000e4c00000|100%|HS|  |TAMS 0x00000000e4b00000, 0x00000000e4b00000| Complete 
|  76|0x00000000e4c00000, 0x00000000e4d00000, 0x00000000e4d00000|100%|HC|  |TAMS 0x00000000e4c00000, 0x00000000e4c00000| Complete 
|  77|0x00000000e4d00000, 0x00000000e4e00000, 0x00000000e4e00000|100%|HC|  |TAMS 0x00000000e4d00000, 0x00000000e4d00000| Complete 
|  78|0x00000000e4e00000, 0x00000000e4f00000, 0x00000000e4f00000|100%|HC|  |TAMS 0x00000000e4e00000, 0x00000000e4e00000| Complete 
|  79|0x00000000e4f00000, 0x00000000e5000000, 0x00000000e5000000|100%|HC|  |TAMS 0x00000000e4f00000, 0x00000000e4f00000| Complete 
|  80|0x00000000e5000000, 0x00000000e5100000, 0x00000000e5100000|100%|HC|  |TAMS 0x00000000e5000000, 0x00000000e5000000| Complete 
|  81|0x00000000e5100000, 0x00000000e5200000, 0x00000000e5200000|100%|HC|  |TAMS 0x00000000e5100000, 0x00000000e5100000| Complete 
|  82|0x00000000e5200000, 0x00000000e5300000, 0x00000000e5300000|100%|HC|  |TAMS 0x00000000e5200000, 0x00000000e5200000| Complete 
|  83|0x00000000e5300000, 0x00000000e5400000, 0x00000000e5400000|100%|HC|  |TAMS 0x00000000e5300000, 0x00000000e5300000| Complete 
|  84|0x00000000e5400000, 0x00000000e5500000, 0x00000000e5500000|100%|HC|  |TAMS 0x00000000e5400000, 0x00000000e5400000| Complete 
|  85|0x00000000e5500000, 0x00000000e5600000, 0x00000000e5600000|100%|HC|  |TAMS 0x00000000e5500000, 0x00000000e5500000| Complete 
|  86|0x00000000e5600000, 0x00000000e5700000, 0x00000000e5700000|100%|HC|  |TAMS 0x00000000e5600000, 0x00000000e5600000| Complete 
|  87|0x00000000e5700000, 0x00000000e5800000, 0x00000000e5800000|100%|HS|  |TAMS 0x00000000e5700000, 0x00000000e5700000| Complete 
|  88|0x00000000e5800000, 0x00000000e5900000, 0x00000000e5900000|100%|HC|  |TAMS 0x00000000e5800000, 0x00000000e5800000| Complete 
|  89|0x00000000e5900000, 0x00000000e5a00000, 0x00000000e5a00000|100%|HS|  |TAMS 0x00000000e5900000, 0x00000000e5900000| Complete 
|  90|0x00000000e5a00000, 0x00000000e5b00000, 0x00000000e5b00000|100%|HC|  |TAMS 0x00000000e5a00000, 0x00000000e5a00000| Complete 
|  91|0x00000000e5b00000, 0x00000000e5c00000, 0x00000000e5c00000|100%|HC|  |TAMS 0x00000000e5b00000, 0x00000000e5b00000| Complete 
|  92|0x00000000e5c00000, 0x00000000e5d00000, 0x00000000e5d00000|100%|HC|  |TAMS 0x00000000e5c00000, 0x00000000e5c00000| Complete 
|  93|0x00000000e5d00000, 0x00000000e5e00000, 0x00000000e5e00000|100%|HC|  |TAMS 0x00000000e5d00000, 0x00000000e5d00000| Complete 
|  94|0x00000000e5e00000, 0x00000000e5f00000, 0x00000000e5f00000|100%|HC|  |TAMS 0x00000000e5e00000, 0x00000000e5e00000| Complete 
|  95|0x00000000e5f00000, 0x00000000e6000000, 0x00000000e6000000|100%|HS|  |TAMS 0x00000000e5f00000, 0x00000000e5f00000| Complete 
|  96|0x00000000e6000000, 0x00000000e6000000, 0x00000000e6100000|  0%| F|  |TAMS 0x00000000e6000000, 0x00000000e6000000| Untracked 
|  97|0x00000000e6100000, 0x00000000e6100000, 0x00000000e6200000|  0%| F|  |TAMS 0x00000000e6100000, 0x00000000e6100000| Untracked 
|  98|0x00000000e6200000, 0x00000000e6200000, 0x00000000e6300000|  0%| F|  |TAMS 0x00000000e6200000, 0x00000000e6200000| Untracked 
|  99|0x00000000e6300000, 0x00000000e6300000, 0x00000000e6400000|  0%| F|  |TAMS 0x00000000e6300000, 0x00000000e6300000| Untracked 
| 100|0x00000000e6400000, 0x00000000e6400000, 0x00000000e6500000|  0%| F|  |TAMS 0x00000000e6400000, 0x00000000e6400000| Untracked 
| 101|0x00000000e6500000, 0x00000000e6500000, 0x00000000e6600000|  0%| F|  |TAMS 0x00000000e6500000, 0x00000000e6500000| Untracked 
| 102|0x00000000e6600000, 0x00000000e6600000, 0x00000000e6700000|  0%| F|  |TAMS 0x00000000e6600000, 0x00000000e6600000| Untracked 
| 103|0x00000000e6700000, 0x00000000e6700000, 0x00000000e6800000|  0%| F|  |TAMS 0x00000000e6700000, 0x00000000e6700000| Untracked 
| 104|0x00000000e6800000, 0x00000000e6800000, 0x00000000e6900000|  0%| F|  |TAMS 0x00000000e6800000, 0x00000000e6800000| Untracked 
| 105|0x00000000e6900000, 0x00000000e6900000, 0x00000000e6a00000|  0%| F|  |TAMS 0x00000000e6900000, 0x00000000e6900000| Untracked 
| 106|0x00000000e6a00000, 0x00000000e6a00000, 0x00000000e6b00000|  0%| F|  |TAMS 0x00000000e6a00000, 0x00000000e6a00000| Untracked 
| 107|0x00000000e6b00000, 0x00000000e6b00000, 0x00000000e6c00000|  0%| F|  |TAMS 0x00000000e6b00000, 0x00000000e6b00000| Untracked 
| 108|0x00000000e6c00000, 0x00000000e6c00000, 0x00000000e6d00000|  0%| F|  |TAMS 0x00000000e6c00000, 0x00000000e6c00000| Untracked 
| 109|0x00000000e6d00000, 0x00000000e6d00000, 0x00000000e6e00000|  0%| F|  |TAMS 0x00000000e6d00000, 0x00000000e6d00000| Untracked 
| 110|0x00000000e6e00000, 0x00000000e6e00000, 0x00000000e6f00000|  0%| F|  |TAMS 0x00000000e6e00000, 0x00000000e6e00000| Untracked 
| 111|0x00000000e6f00000, 0x00000000e6f00000, 0x00000000e7000000|  0%| F|  |TAMS 0x00000000e6f00000, 0x00000000e6f00000| Untracked 
| 112|0x00000000e7000000, 0x00000000e7000000, 0x00000000e7100000|  0%| F|  |TAMS 0x00000000e7000000, 0x00000000e7000000| Untracked 
| 113|0x00000000e7100000, 0x00000000e7100000, 0x00000000e7200000|  0%| F|  |TAMS 0x00000000e7100000, 0x00000000e7100000| Untracked 
| 114|0x00000000e7200000, 0x00000000e7200000, 0x00000000e7300000|  0%| F|  |TAMS 0x00000000e7200000, 0x00000000e7200000| Untracked 
| 115|0x00000000e7300000, 0x00000000e7300000, 0x00000000e7400000|  0%| F|  |TAMS 0x00000000e7300000, 0x00000000e7300000| Untracked 
| 116|0x00000000e7400000, 0x00000000e7400000, 0x00000000e7500000|  0%| F|  |TAMS 0x00000000e7400000, 0x00000000e7400000| Untracked 
| 117|0x00000000e7500000, 0x00000000e7500000, 0x00000000e7600000|  0%| F|  |TAMS 0x00000000e7500000, 0x00000000e7500000| Untracked 
| 118|0x00000000e7600000, 0x00000000e7600000, 0x00000000e7700000|  0%| F|  |TAMS 0x00000000e7600000, 0x00000000e7600000| Untracked 
| 119|0x00000000e7700000, 0x00000000e7700000, 0x00000000e7800000|  0%| F|  |TAMS 0x00000000e7700000, 0x00000000e7700000| Untracked 
| 120|0x00000000e7800000, 0x00000000e7800000, 0x00000000e7900000|  0%| F|  |TAMS 0x00000000e7800000, 0x00000000e7800000| Untracked 
| 121|0x00000000e7900000, 0x00000000e7900000, 0x00000000e7a00000|  0%| F|  |TAMS 0x00000000e7900000, 0x00000000e7900000| Untracked 
| 122|0x00000000e7a00000, 0x00000000e7a00000, 0x00000000e7b00000|  0%| F|  |TAMS 0x00000000e7a00000, 0x00000000e7a00000| Untracked 
| 123|0x00000000e7b00000, 0x00000000e7b00000, 0x00000000e7c00000|  0%| F|  |TAMS 0x00000000e7b00000, 0x00000000e7b00000| Untracked 
| 124|0x00000000e7c00000, 0x00000000e7c00000, 0x00000000e7d00000|  0%| F|  |TAMS 0x00000000e7c00000, 0x00000000e7c00000| Untracked 
| 125|0x00000000e7d00000, 0x00000000e7d00000, 0x00000000e7e00000|  0%| F|  |TAMS 0x00000000e7d00000, 0x00000000e7d00000| Untracked 
| 126|0x00000000e7e00000, 0x00000000e7e00000, 0x00000000e7f00000|  0%| F|  |TAMS 0x00000000e7e00000, 0x00000000e7e00000| Untracked 
| 127|0x00000000e7f00000, 0x00000000e7f00000, 0x00000000e8000000|  0%| F|  |TAMS 0x00000000e7f00000, 0x00000000e7f00000| Untracked 
| 128|0x00000000e8000000, 0x00000000e8000000, 0x00000000e8100000|  0%| F|  |TAMS 0x00000000e8000000, 0x00000000e8000000| Untracked 
| 129|0x00000000e8100000, 0x00000000e8100000, 0x00000000e8200000|  0%| F|  |TAMS 0x00000000e8100000, 0x00000000e8100000| Untracked 
| 130|0x00000000e8200000, 0x00000000e8300000, 0x00000000e8300000|100%| S|CS|TAMS 0x00000000e8200000, 0x00000000e8200000| Complete 
| 131|0x00000000e8300000, 0x00000000e8400000, 0x00000000e8400000|100%| S|CS|TAMS 0x00000000e8300000, 0x00000000e8300000| Complete 
| 132|0x00000000e8400000, 0x00000000e8500000, 0x00000000e8500000|100%| S|CS|TAMS 0x00000000e8400000, 0x00000000e8400000| Complete 
| 133|0x00000000e8500000, 0x00000000e8600000, 0x00000000e8600000|100%| S|CS|TAMS 0x00000000e8500000, 0x00000000e8500000| Complete 
| 134|0x00000000e8600000, 0x00000000e8700000, 0x00000000e8700000|100%| S|CS|TAMS 0x00000000e8600000, 0x00000000e8600000| Complete 
| 135|0x00000000e8700000, 0x00000000e8800000, 0x00000000e8800000|100%| S|CS|TAMS 0x00000000e8700000, 0x00000000e8700000| Complete 
| 136|0x00000000e8800000, 0x00000000e8800000, 0x00000000e8900000|  0%| F|  |TAMS 0x00000000e8800000, 0x00000000e8800000| Untracked 
| 137|0x00000000e8900000, 0x00000000e8900000, 0x00000000e8a00000|  0%| F|  |TAMS 0x00000000e8900000, 0x00000000e8900000| Untracked 
| 138|0x00000000e8a00000, 0x00000000e8a00000, 0x00000000e8b00000|  0%| F|  |TAMS 0x00000000e8a00000, 0x00000000e8a00000| Untracked 
| 139|0x00000000e8b00000, 0x00000000e8b00000, 0x00000000e8c00000|  0%| F|  |TAMS 0x00000000e8b00000, 0x00000000e8b00000| Untracked 
| 140|0x00000000e8c00000, 0x00000000e8c00000, 0x00000000e8d00000|  0%| F|  |TAMS 0x00000000e8c00000, 0x00000000e8c00000| Untracked 
| 141|0x00000000e8d00000, 0x00000000e8d00000, 0x00000000e8e00000|  0%| F|  |TAMS 0x00000000e8d00000, 0x00000000e8d00000| Untracked 
| 142|0x00000000e8e00000, 0x00000000e8e00000, 0x00000000e8f00000|  0%| F|  |TAMS 0x00000000e8e00000, 0x00000000e8e00000| Untracked 
| 143|0x00000000e8f00000, 0x00000000e8f00000, 0x00000000e9000000|  0%| F|  |TAMS 0x00000000e8f00000, 0x00000000e8f00000| Untracked 
| 144|0x00000000e9000000, 0x00000000e9000000, 0x00000000e9100000|  0%| F|  |TAMS 0x00000000e9000000, 0x00000000e9000000| Untracked 
| 145|0x00000000e9100000, 0x00000000e9100000, 0x00000000e9200000|  0%| F|  |TAMS 0x00000000e9100000, 0x00000000e9100000| Untracked 
| 146|0x00000000e9200000, 0x00000000e9200000, 0x00000000e9300000|  0%| F|  |TAMS 0x00000000e9200000, 0x00000000e9200000| Untracked 
| 147|0x00000000e9300000, 0x00000000e9300000, 0x00000000e9400000|  0%| F|  |TAMS 0x00000000e9300000, 0x00000000e9300000| Untracked 
| 148|0x00000000e9400000, 0x00000000e9400000, 0x00000000e9500000|  0%| F|  |TAMS 0x00000000e9400000, 0x00000000e9400000| Untracked 
| 149|0x00000000e9500000, 0x00000000e9500000, 0x00000000e9600000|  0%| F|  |TAMS 0x00000000e9500000, 0x00000000e9500000| Untracked 
| 150|0x00000000e9600000, 0x00000000e9600000, 0x00000000e9700000|  0%| F|  |TAMS 0x00000000e9600000, 0x00000000e9600000| Untracked 
| 151|0x00000000e9700000, 0x00000000e9700000, 0x00000000e9800000|  0%| F|  |TAMS 0x00000000e9700000, 0x00000000e9700000| Untracked 
| 152|0x00000000e9800000, 0x00000000e9800000, 0x00000000e9900000|  0%| F|  |TAMS 0x00000000e9800000, 0x00000000e9800000| Untracked 
| 153|0x00000000e9900000, 0x00000000e99825a0, 0x00000000e9a00000| 50%| E|  |TAMS 0x00000000e9900000, 0x00000000e9900000| Complete 
| 154|0x00000000e9a00000, 0x00000000e9b00000, 0x00000000e9b00000|100%| E|CS|TAMS 0x00000000e9a00000, 0x00000000e9a00000| Complete 
| 155|0x00000000e9b00000, 0x00000000e9c00000, 0x00000000e9c00000|100%| E|CS|TAMS 0x00000000e9b00000, 0x00000000e9b00000| Complete 
| 156|0x00000000e9c00000, 0x00000000e9d00000, 0x00000000e9d00000|100%| E|CS|TAMS 0x00000000e9c00000, 0x00000000e9c00000| Complete 
| 157|0x00000000e9d00000, 0x00000000e9e00000, 0x00000000e9e00000|100%| E|CS|TAMS 0x00000000e9d00000, 0x00000000e9d00000| Complete 
| 158|0x00000000e9e00000, 0x00000000e9f00000, 0x00000000e9f00000|100%| E|CS|TAMS 0x00000000e9e00000, 0x00000000e9e00000| Complete 
| 159|0x00000000e9f00000, 0x00000000ea000000, 0x00000000ea000000|100%| E|CS|TAMS 0x00000000e9f00000, 0x00000000e9f00000| Complete 
| 160|0x00000000ea000000, 0x00000000ea100000, 0x00000000ea100000|100%| E|CS|TAMS 0x00000000ea000000, 0x00000000ea000000| Complete 
| 161|0x00000000ea100000, 0x00000000ea200000, 0x00000000ea200000|100%| E|CS|TAMS 0x00000000ea100000, 0x00000000ea100000| Complete 
| 162|0x00000000ea200000, 0x00000000ea300000, 0x00000000ea300000|100%| E|CS|TAMS 0x00000000ea200000, 0x00000000ea200000| Complete 
| 163|0x00000000ea300000, 0x00000000ea400000, 0x00000000ea400000|100%| E|CS|TAMS 0x00000000ea300000, 0x00000000ea300000| Complete 
| 164|0x00000000ea400000, 0x00000000ea500000, 0x00000000ea500000|100%| E|CS|TAMS 0x00000000ea400000, 0x00000000ea400000| Complete 
| 165|0x00000000ea500000, 0x00000000ea600000, 0x00000000ea600000|100%| E|CS|TAMS 0x00000000ea500000, 0x00000000ea500000| Complete 
| 166|0x00000000ea600000, 0x00000000ea700000, 0x00000000ea700000|100%| E|CS|TAMS 0x00000000ea600000, 0x00000000ea600000| Complete 
| 167|0x00000000ea700000, 0x00000000ea800000, 0x00000000ea800000|100%| E|CS|TAMS 0x00000000ea700000, 0x00000000ea700000| Complete 
| 168|0x00000000ea800000, 0x00000000ea900000, 0x00000000ea900000|100%| E|CS|TAMS 0x00000000ea800000, 0x00000000ea800000| Complete 
| 169|0x00000000ea900000, 0x00000000eaa00000, 0x00000000eaa00000|100%| E|CS|TAMS 0x00000000ea900000, 0x00000000ea900000| Complete 
| 170|0x00000000eaa00000, 0x00000000eab00000, 0x00000000eab00000|100%| E|CS|TAMS 0x00000000eaa00000, 0x00000000eaa00000| Complete 
| 171|0x00000000eab00000, 0x00000000eac00000, 0x00000000eac00000|100%| E|CS|TAMS 0x00000000eab00000, 0x00000000eab00000| Complete 
| 172|0x00000000eac00000, 0x00000000ead00000, 0x00000000ead00000|100%| E|CS|TAMS 0x00000000eac00000, 0x00000000eac00000| Complete 
| 173|0x00000000ead00000, 0x00000000eae00000, 0x00000000eae00000|100%| E|CS|TAMS 0x00000000ead00000, 0x00000000ead00000| Complete 
| 174|0x00000000eae00000, 0x00000000eaf00000, 0x00000000eaf00000|100%| E|CS|TAMS 0x00000000eae00000, 0x00000000eae00000| Complete 
| 175|0x00000000eaf00000, 0x00000000eb000000, 0x00000000eb000000|100%| E|CS|TAMS 0x00000000eaf00000, 0x00000000eaf00000| Complete 
| 176|0x00000000eb000000, 0x00000000eb100000, 0x00000000eb100000|100%| E|CS|TAMS 0x00000000eb000000, 0x00000000eb000000| Complete 
| 177|0x00000000eb100000, 0x00000000eb200000, 0x00000000eb200000|100%| E|CS|TAMS 0x00000000eb100000, 0x00000000eb100000| Complete 
| 178|0x00000000eb200000, 0x00000000eb300000, 0x00000000eb300000|100%| E|CS|TAMS 0x00000000eb200000, 0x00000000eb200000| Complete 
| 179|0x00000000eb300000, 0x00000000eb400000, 0x00000000eb400000|100%| E|CS|TAMS 0x00000000eb300000, 0x00000000eb300000| Complete 
| 180|0x00000000eb400000, 0x00000000eb500000, 0x00000000eb500000|100%| E|CS|TAMS 0x00000000eb400000, 0x00000000eb400000| Complete 
| 181|0x00000000eb500000, 0x00000000eb600000, 0x00000000eb600000|100%| E|CS|TAMS 0x00000000eb500000, 0x00000000eb500000| Complete 
| 182|0x00000000eb600000, 0x00000000eb700000, 0x00000000eb700000|100%| E|CS|TAMS 0x00000000eb600000, 0x00000000eb600000| Complete 
| 183|0x00000000eb700000, 0x00000000eb800000, 0x00000000eb800000|100%| E|CS|TAMS 0x00000000eb700000, 0x00000000eb700000| Complete 
| 184|0x00000000eb800000, 0x00000000eb900000, 0x00000000eb900000|100%| E|CS|TAMS 0x00000000eb800000, 0x00000000eb800000| Complete 
| 185|0x00000000eb900000, 0x00000000eba00000, 0x00000000eba00000|100%| E|CS|TAMS 0x00000000eb900000, 0x00000000eb900000| Complete 
| 186|0x00000000eba00000, 0x00000000ebb00000, 0x00000000ebb00000|100%| E|CS|TAMS 0x00000000eba00000, 0x00000000eba00000| Complete 
| 187|0x00000000ebb00000, 0x00000000ebc00000, 0x00000000ebc00000|100%| E|CS|TAMS 0x00000000ebb00000, 0x00000000ebb00000| Complete 
| 188|0x00000000ebc00000, 0x00000000ebd00000, 0x00000000ebd00000|100%| E|CS|TAMS 0x00000000ebc00000, 0x00000000ebc00000| Complete 
| 189|0x00000000ebd00000, 0x00000000ebe00000, 0x00000000ebe00000|100%| E|CS|TAMS 0x00000000ebd00000, 0x00000000ebd00000| Complete 
| 190|0x00000000ebe00000, 0x00000000ebf00000, 0x00000000ebf00000|100%| E|CS|TAMS 0x00000000ebe00000, 0x00000000ebe00000| Complete 
| 191|0x00000000ebf00000, 0x00000000ec000000, 0x00000000ec000000|100%| E|CS|TAMS 0x00000000ebf00000, 0x00000000ebf00000| Complete 
| 192|0x00000000ec000000, 0x00000000ec100000, 0x00000000ec100000|100%| E|CS|TAMS 0x00000000ec000000, 0x00000000ec000000| Complete 
| 193|0x00000000ec100000, 0x00000000ec200000, 0x00000000ec200000|100%| E|CS|TAMS 0x00000000ec100000, 0x00000000ec100000| Complete 
| 194|0x00000000ec200000, 0x00000000ec300000, 0x00000000ec300000|100%| E|CS|TAMS 0x00000000ec200000, 0x00000000ec200000| Complete 
| 195|0x00000000ec300000, 0x00000000ec400000, 0x00000000ec400000|100%| E|CS|TAMS 0x00000000ec300000, 0x00000000ec300000| Complete 
| 196|0x00000000ec400000, 0x00000000ec500000, 0x00000000ec500000|100%| E|CS|TAMS 0x00000000ec400000, 0x00000000ec400000| Complete 
| 197|0x00000000ec500000, 0x00000000ec600000, 0x00000000ec600000|100%| E|CS|TAMS 0x00000000ec500000, 0x00000000ec500000| Complete 
| 198|0x00000000ec600000, 0x00000000ec700000, 0x00000000ec700000|100%| E|CS|TAMS 0x00000000ec600000, 0x00000000ec600000| Complete 
| 199|0x00000000ec700000, 0x00000000ec800000, 0x00000000ec800000|100%| E|CS|TAMS 0x00000000ec700000, 0x00000000ec700000| Complete 
| 200|0x00000000ec800000, 0x00000000ec900000, 0x00000000ec900000|100%| E|CS|TAMS 0x00000000ec800000, 0x00000000ec800000| Complete 
| 201|0x00000000ec900000, 0x00000000eca00000, 0x00000000eca00000|100%| E|CS|TAMS 0x00000000ec900000, 0x00000000ec900000| Complete 
| 202|0x00000000eca00000, 0x00000000ecb00000, 0x00000000ecb00000|100%| E|CS|TAMS 0x00000000eca00000, 0x00000000eca00000| Complete 
| 203|0x00000000ecb00000, 0x00000000ecc00000, 0x00000000ecc00000|100%| E|CS|TAMS 0x00000000ecb00000, 0x00000000ecb00000| Complete 
| 204|0x00000000ecc00000, 0x00000000ecd00000, 0x00000000ecd00000|100%| E|CS|TAMS 0x00000000ecc00000, 0x00000000ecc00000| Complete 
| 205|0x00000000ecd00000, 0x00000000ece00000, 0x00000000ece00000|100%| E|CS|TAMS 0x00000000ecd00000, 0x00000000ecd00000| Complete 
| 206|0x00000000ece00000, 0x00000000ecf00000, 0x00000000ecf00000|100%| E|CS|TAMS 0x00000000ece00000, 0x00000000ece00000| Complete 
| 207|0x00000000ecf00000, 0x00000000ed000000, 0x00000000ed000000|100%| E|CS|TAMS 0x00000000ecf00000, 0x00000000ecf00000| Complete 
| 208|0x00000000ed000000, 0x00000000ed100000, 0x00000000ed100000|100%| E|CS|TAMS 0x00000000ed000000, 0x00000000ed000000| Complete 
| 209|0x00000000ed100000, 0x00000000ed200000, 0x00000000ed200000|100%| E|CS|TAMS 0x00000000ed100000, 0x00000000ed100000| Complete 
| 210|0x00000000ed200000, 0x00000000ed300000, 0x00000000ed300000|100%| E|CS|TAMS 0x00000000ed200000, 0x00000000ed200000| Complete 
| 211|0x00000000ed300000, 0x00000000ed400000, 0x00000000ed400000|100%| E|CS|TAMS 0x00000000ed300000, 0x00000000ed300000| Complete 
| 212|0x00000000ed400000, 0x00000000ed500000, 0x00000000ed500000|100%| E|CS|TAMS 0x00000000ed400000, 0x00000000ed400000| Complete 
| 213|0x00000000ed500000, 0x00000000ed600000, 0x00000000ed600000|100%| E|CS|TAMS 0x00000000ed500000, 0x00000000ed500000| Complete 
| 214|0x00000000ed600000, 0x00000000ed700000, 0x00000000ed700000|100%| E|CS|TAMS 0x00000000ed600000, 0x00000000ed600000| Complete 
| 215|0x00000000ed700000, 0x00000000ed800000, 0x00000000ed800000|100%| E|CS|TAMS 0x00000000ed700000, 0x00000000ed700000| Complete 
| 216|0x00000000ed800000, 0x00000000ed900000, 0x00000000ed900000|100%| E|CS|TAMS 0x00000000ed800000, 0x00000000ed800000| Complete 
| 217|0x00000000ed900000, 0x00000000eda00000, 0x00000000eda00000|100%| E|CS|TAMS 0x00000000ed900000, 0x00000000ed900000| Complete 
| 218|0x00000000eda00000, 0x00000000edb00000, 0x00000000edb00000|100%| E|CS|TAMS 0x00000000eda00000, 0x00000000eda00000| Complete 
| 219|0x00000000edb00000, 0x00000000edc00000, 0x00000000edc00000|100%| E|CS|TAMS 0x00000000edb00000, 0x00000000edb00000| Complete 
| 220|0x00000000edc00000, 0x00000000edd00000, 0x00000000edd00000|100%| E|  |TAMS 0x00000000edc00000, 0x00000000edc00000| Complete 
| 221|0x00000000edd00000, 0x00000000ede00000, 0x00000000ede00000|100%| E|CS|TAMS 0x00000000edd00000, 0x00000000edd00000| Complete 
| 222|0x00000000ede00000, 0x00000000edf00000, 0x00000000edf00000|100%| E|CS|TAMS 0x00000000ede00000, 0x00000000ede00000| Complete 
| 223|0x00000000edf00000, 0x00000000ee000000, 0x00000000ee000000|100%| E|CS|TAMS 0x00000000edf00000, 0x00000000edf00000| Complete 
| 224|0x00000000ee000000, 0x00000000ee100000, 0x00000000ee100000|100%| E|CS|TAMS 0x00000000ee000000, 0x00000000ee000000| Complete 
| 225|0x00000000ee100000, 0x00000000ee200000, 0x00000000ee200000|100%| E|CS|TAMS 0x00000000ee100000, 0x00000000ee100000| Complete 
| 226|0x00000000ee200000, 0x00000000ee300000, 0x00000000ee300000|100%| E|CS|TAMS 0x00000000ee200000, 0x00000000ee200000| Complete 
| 227|0x00000000ee300000, 0x00000000ee400000, 0x00000000ee400000|100%| E|CS|TAMS 0x00000000ee300000, 0x00000000ee300000| Complete 
| 228|0x00000000ee400000, 0x00000000ee500000, 0x00000000ee500000|100%| E|CS|TAMS 0x00000000ee400000, 0x00000000ee400000| Complete 
| 229|0x00000000ee500000, 0x00000000ee600000, 0x00000000ee600000|100%| E|CS|TAMS 0x00000000ee500000, 0x00000000ee500000| Complete 
| 230|0x00000000ee600000, 0x00000000ee700000, 0x00000000ee700000|100%| E|CS|TAMS 0x00000000ee600000, 0x00000000ee600000| Complete 
| 231|0x00000000ee700000, 0x00000000ee800000, 0x00000000ee800000|100%| E|CS|TAMS 0x00000000ee700000, 0x00000000ee700000| Complete 
| 232|0x00000000ee800000, 0x00000000ee900000, 0x00000000ee900000|100%| E|CS|TAMS 0x00000000ee800000, 0x00000000ee800000| Complete 
| 233|0x00000000ee900000, 0x00000000eea00000, 0x00000000eea00000|100%| E|CS|TAMS 0x00000000ee900000, 0x00000000ee900000| Complete 
| 234|0x00000000eea00000, 0x00000000eeb00000, 0x00000000eeb00000|100%| E|CS|TAMS 0x00000000eea00000, 0x00000000eea00000| Complete 
| 235|0x00000000eeb00000, 0x00000000eec00000, 0x00000000eec00000|100%| E|CS|TAMS 0x00000000eeb00000, 0x00000000eeb00000| Complete 
| 236|0x00000000eec00000, 0x00000000eed00000, 0x00000000eed00000|100%| E|CS|TAMS 0x00000000eec00000, 0x00000000eec00000| Complete 
| 237|0x00000000eed00000, 0x00000000eee00000, 0x00000000eee00000|100%| E|CS|TAMS 0x00000000eed00000, 0x00000000eed00000| Complete 
| 238|0x00000000eee00000, 0x00000000eef00000, 0x00000000eef00000|100%| E|CS|TAMS 0x00000000eee00000, 0x00000000eee00000| Complete 
| 239|0x00000000eef00000, 0x00000000ef000000, 0x00000000ef000000|100%| E|CS|TAMS 0x00000000eef00000, 0x00000000eef00000| Complete 
| 240|0x00000000ef000000, 0x00000000ef100000, 0x00000000ef100000|100%| E|CS|TAMS 0x00000000ef000000, 0x00000000ef000000| Complete 
| 241|0x00000000ef100000, 0x00000000ef200000, 0x00000000ef200000|100%| E|CS|TAMS 0x00000000ef100000, 0x00000000ef100000| Complete 
| 242|0x00000000ef200000, 0x00000000ef300000, 0x00000000ef300000|100%| E|CS|TAMS 0x00000000ef200000, 0x00000000ef200000| Complete 
| 243|0x00000000ef300000, 0x00000000ef400000, 0x00000000ef400000|100%| E|CS|TAMS 0x00000000ef300000, 0x00000000ef300000| Complete 
| 244|0x00000000ef400000, 0x00000000ef500000, 0x00000000ef500000|100%| E|CS|TAMS 0x00000000ef400000, 0x00000000ef400000| Complete 
| 245|0x00000000ef500000, 0x00000000ef600000, 0x00000000ef600000|100%| E|CS|TAMS 0x00000000ef500000, 0x00000000ef500000| Complete 
| 246|0x00000000ef600000, 0x00000000ef700000, 0x00000000ef700000|100%| E|CS|TAMS 0x00000000ef600000, 0x00000000ef600000| Complete 
| 247|0x00000000ef700000, 0x00000000ef800000, 0x00000000ef800000|100%| E|CS|TAMS 0x00000000ef700000, 0x00000000ef700000| Complete 
| 248|0x00000000ef800000, 0x00000000ef900000, 0x00000000ef900000|100%| E|CS|TAMS 0x00000000ef800000, 0x00000000ef800000| Complete 
| 249|0x00000000ef900000, 0x00000000efa00000, 0x00000000efa00000|100%| E|CS|TAMS 0x00000000ef900000, 0x00000000ef900000| Complete 
| 250|0x00000000efa00000, 0x00000000efb00000, 0x00000000efb00000|100%| E|CS|TAMS 0x00000000efa00000, 0x00000000efa00000| Complete 
| 251|0x00000000efb00000, 0x00000000efc00000, 0x00000000efc00000|100%| E|CS|TAMS 0x00000000efb00000, 0x00000000efb00000| Complete 
| 252|0x00000000efc00000, 0x00000000efd00000, 0x00000000efd00000|100%| E|CS|TAMS 0x00000000efc00000, 0x00000000efc00000| Complete 
| 253|0x00000000efd00000, 0x00000000efe00000, 0x00000000efe00000|100%| E|CS|TAMS 0x00000000efd00000, 0x00000000efd00000| Complete 
| 254|0x00000000efe00000, 0x00000000eff00000, 0x00000000eff00000|100%| E|CS|TAMS 0x00000000efe00000, 0x00000000efe00000| Complete 
| 255|0x00000000eff00000, 0x00000000f0000000, 0x00000000f0000000|100%| E|CS|TAMS 0x00000000eff00000, 0x00000000eff00000| Complete 

Card table byte_map: [0x00000141758a0000,0x00000141759a0000] _byte_map_base: 0x00000141751a0000

Marking Bits (Prev, Next): (CMBitMap*) 0x000001416e0c8c00, (CMBitMap*) 0x000001416e0c8c40
 Prev Bits: [0x0000014175aa0000, 0x00000141762a0000)
 Next Bits: [0x00000141762a0000, 0x0000014176aa0000)

Polling page: 0x000001416bf20000

Metaspace:

Usage:
  Non-class:     48.34 MB used.
      Class:      7.98 MB used.
       Both:     56.32 MB used.

Virtual space:
  Non-class space:       56.00 MB reserved,      48.69 MB ( 87%) committed,  7 nodes.
      Class space:      208.00 MB reserved,       8.31 MB (  4%) committed,  1 nodes.
             Both:      264.00 MB reserved,      57.00 MB ( 22%) committed. 

Chunk freelists:
   Non-Class:  2.89 MB
       Class:  3.67 MB
        Both:  6.56 MB

MaxMetaspaceSize: 256.00 MB
CompressedClassSpaceSize: 208.00 MB
Initial GC threshold: 21.00 MB
Current GC threshold: 58.69 MB
CDS: on
MetaspaceReclaimPolicy: balanced
 - commit_granule_bytes: 65536.
 - commit_granule_words: 8192.
 - virtual_space_node_default_size: 1048576.
 - enlarge_chunks_in_place: 1.
 - new_chunks_are_fully_committed: 0.
 - uncommit_free_chunks: 1.
 - use_allocation_guard: 0.
 - handle_deallocations: 1.


Internal statistics:

num_allocs_failed_limit: 6.
num_arena_births: 844.
num_arena_deaths: 0.
num_vsnodes_births: 8.
num_vsnodes_deaths: 0.
num_space_committed: 912.
num_space_uncommitted: 0.
num_chunks_returned_to_freelist: 6.
num_chunks_taken_from_freelist: 3258.
num_chunk_merges: 6.
num_chunk_splits: 2089.
num_chunks_enlarged: 1324.
num_purges: 0.
num_inconsistent_stats: 0.

CodeHeap 'non-profiled nmethods': size=120000Kb used=3656Kb max_used=3656Kb free=116343Kb
 bounds [0x0000014107ad0000, 0x0000014107e70000, 0x000001410f000000]
CodeHeap 'profiled nmethods': size=120000Kb used=11932Kb max_used=11932Kb free=108067Kb
 bounds [0x00000141005a0000, 0x0000014101150000, 0x0000014107ad0000]
CodeHeap 'non-nmethods': size=5760Kb used=2354Kb max_used=2445Kb free=3405Kb
 bounds [0x0000014100000000, 0x0000014100280000, 0x00000141005a0000]
 total_blobs=6790 nmethods=5907 adapters=794
 compilation: enabled
              stopped_count=0, restarted_count=0
 full_count=0

Compilation events (20 events):
Event: 132.932 Thread 0x000001417905b670 6741       3       com.google.common.reflect.TypeResolver$TypeTable::resolve (20 bytes)
Event: 132.933 Thread 0x000001417905b670 nmethod 6741 0x0000014101142010 code [0x00000141011421e0, 0x00000141011426c8]
Event: 132.934 Thread 0x000001417905b670 6742       3       com.google.common.reflect.TypeVisitor::<init> (12 bytes)
Event: 132.935 Thread 0x000001417905b670 nmethod 6742 0x0000014101142890 code [0x0000014101142a80, 0x0000014101143078]
Event: 132.935 Thread 0x000001417905b670 6744       1       org.gradle.model.internal.asm.AsmClassGenerator::getVisitor (5 bytes)
Event: 132.935 Thread 0x000001417905b670 nmethod 6744 0x0000014107e61b10 code [0x0000014107e61ca0, 0x0000014107e61d78]
Event: 132.936 Thread 0x000001417905b670 6745       3       org.gradle.internal.instantiation.generator.AsmBackedClassGenerator$ClassBuilderImpl::access$5800 (4 bytes)
Event: 132.936 Thread 0x000001417905b670 nmethod 6745 0x0000014100a3b690 code [0x0000014100a3b820, 0x0000014100a3b918]
Event: 132.936 Thread 0x000001417905b670 6746       3       java.lang.reflect.Constructor::getGenericParameterTypes (5 bytes)
Event: 132.938 Thread 0x000001417905b670 nmethod 6746 0x0000014101143290 code [0x0000014101143520, 0x0000014101144518]
Event: 133.040 Thread 0x000001417905b670 6747       3       org.gradle.api.internal.collections.CollectionFilter$1::execute (24 bytes)
Event: 133.040 Thread 0x000001417905b670 nmethod 6747 0x0000014101144990 code [0x0000014101144b40, 0x0000014101144db8]
Event: 133.045 Thread 0x000001417905b670 6748       3       org.objectweb.asm.SymbolTable::addMergedType (164 bytes)
Event: 133.046 Thread 0x000001417905b670 nmethod 6748 0x0000014101144f10 code [0x0000014101145120, 0x0000014101145738]
Event: 133.052 Thread 0x000001417905b670 6749       3       org.gradle.internal.reflect.PropertyAccessorType::of (95 bytes)
Event: 133.055 Thread 0x000001417905b670 nmethod 6749 0x0000014101145b10 code [0x0000014101145e20, 0x00000141011473d8]
Event: 133.127 Thread 0x000001417905b670 6750       3       org.gradle.api.Namer$Comparator::compare (24 bytes)
Event: 133.128 Thread 0x000001417905b670 nmethod 6750 0x0000014101147a10 code [0x0000014101147be0, 0x0000014101147ec8]
Event: 133.815 Thread 0x000001417905b670 6752       1       java.util.stream.FindOps$FindOp::getOpFlags (5 bytes)
Event: 133.815 Thread 0x000001417905b670 nmethod 6752 0x0000014107e61e10 code [0x0000014107e61fa0, 0x0000014107e62078]

GC Heap History (14 events):
Event: 4.285 GC heap before
{Heap before GC invocations=0 (full 0):
 garbage-first heap   total 262144K, used 15360K [0x00000000e0000000, 0x0000000100000000)
  region size 1024K, 13 young (13312K), 0 survivors (0K)
 Metaspace       used 951K, committed 1088K, reserved 221184K
  class space    used 74K, committed 128K, reserved 212992K
}
Event: 4.835 GC heap after
{Heap after GC invocations=1 (full 0):
 garbage-first heap   total 262144K, used 3737K [0x00000000e0000000, 0x0000000100000000)
  region size 1024K, 2 young (2048K), 2 survivors (2048K)
 Metaspace       used 951K, committed 1088K, reserved 221184K
  class space    used 74K, committed 128K, reserved 212992K
}
Event: 9.083 GC heap before
{Heap before GC invocations=1 (full 0):
 garbage-first heap   total 262144K, used 21145K [0x00000000e0000000, 0x0000000100000000)
  region size 1024K, 17 young (17408K), 2 survivors (2048K)
 Metaspace       used 3637K, committed 3840K, reserved 221184K
  class space    used 460K, committed 576K, reserved 212992K
}
Event: 9.090 GC heap after
{Heap after GC invocations=2 (full 0):
 garbage-first heap   total 262144K, used 9385K [0x00000000e0000000, 0x0000000100000000)
  region size 1024K, 3 young (3072K), 3 survivors (3072K)
 Metaspace       used 3637K, committed 3840K, reserved 221184K
  class space    used 460K, committed 576K, reserved 212992K
}
Event: 12.597 GC heap before
{Heap before GC invocations=2 (full 0):
 garbage-first heap   total 262144K, used 29865K [0x00000000e0000000, 0x0000000100000000)
  region size 1024K, 24 young (24576K), 3 survivors (3072K)
 Metaspace       used 3867K, committed 4032K, reserved 221184K
  class space    used 474K, committed 576K, reserved 212992K
}
Event: 12.602 GC heap after
{Heap after GC invocations=3 (full 0):
 garbage-first heap   total 262144K, used 10237K [0x00000000e0000000, 0x0000000100000000)
  region size 1024K, 1 young (1024K), 1 survivors (1024K)
 Metaspace       used 3867K, committed 4032K, reserved 221184K
  class space    used 474K, committed 576K, reserved 212992K
}
Event: 33.589 GC heap before
{Heap before GC invocations=3 (full 0):
 garbage-first heap   total 262144K, used 152573K [0x00000000e0000000, 0x0000000100000000)
  region size 1024K, 112 young (114688K), 1 survivors (1024K)
 Metaspace       used 21171K, committed 21504K, reserved 237568K
  class space    used 3162K, committed 3328K, reserved 212992K
}
Event: 33.622 GC heap after
{Heap after GC invocations=4 (full 0):
 garbage-first heap   total 262144K, used 52626K [0x00000000e0000000, 0x0000000100000000)
  region size 1024K, 14 young (14336K), 14 survivors (14336K)
 Metaspace       used 21171K, committed 21504K, reserved 237568K
  class space    used 3162K, committed 3328K, reserved 212992K
}
Event: 61.371 GC heap before
{Heap before GC invocations=5 (full 0):
 garbage-first heap   total 262144K, used 171410K [0x00000000e0000000, 0x0000000100000000)
  region size 1024K, 122 young (124928K), 14 survivors (14336K)
 Metaspace       used 35451K, committed 35904K, reserved 245760K
  class space    used 4948K, committed 5120K, reserved 212992K
}
Event: 61.409 GC heap after
{Heap after GC invocations=6 (full 0):
 garbage-first heap   total 262144K, used 68887K [0x00000000e0000000, 0x0000000100000000)
  region size 1024K, 11 young (11264K), 11 survivors (11264K)
 Metaspace       used 35451K, committed 35904K, reserved 245760K
  class space    used 4948K, committed 5120K, reserved 212992K
}
Event: 61.699 GC heap before
{Heap before GC invocations=6 (full 0):
 garbage-first heap   total 262144K, used 69911K [0x00000000e0000000, 0x0000000100000000)
  region size 1024K, 13 young (13312K), 11 survivors (11264K)
 Metaspace       used 35569K, committed 35968K, reserved 245760K
  class space    used 4959K, committed 5120K, reserved 212992K
}
Event: 61.722 GC heap after
{Heap after GC invocations=7 (full 0):
 garbage-first heap   total 262144K, used 70052K [0x00000000e0000000, 0x0000000100000000)
  region size 1024K, 2 young (2048K), 2 survivors (2048K)
 Metaspace       used 35569K, committed 35968K, reserved 245760K
  class space    used 4959K, committed 5120K, reserved 212992K
}
Event: 98.653 GC heap before
{Heap before GC invocations=8 (full 0):
 garbage-first heap   total 262144K, used 190884K [0x00000000e0000000, 0x0000000100000000)
  region size 1024K, 120 young (122880K), 2 survivors (2048K)
 Metaspace       used 49232K, committed 49856K, reserved 262144K
  class space    used 6941K, committed 7232K, reserved 212992K
}
Event: 98.682 GC heap after
{Heap after GC invocations=9 (full 0):
 garbage-first heap   total 262144K, used 74752K [0x00000000e0000000, 0x0000000100000000)
  region size 1024K, 6 young (6144K), 6 survivors (6144K)
 Metaspace       used 49232K, committed 49856K, reserved 262144K
  class space    used 6941K, committed 7232K, reserved 212992K
}

Deoptimization events (20 events):
Event: 125.160 Thread 0x000001417b3f1690 Uncommon trap: trap_request=0xffffffde fr.pc=0x0000014107d570a4 relative=0x0000000000001964
Event: 125.160 Thread 0x000001417b3f1690 Uncommon trap: reason=class_check action=maybe_recompile pc=0x0000014107d570a4 method=org.codehaus.groovy.reflection.ParameterTypes.getParametersTypes0()V @ 16 c2
Event: 125.160 Thread 0x000001417b3f1690 DEOPT PACKING pc=0x0000014107d570a4 sp=0x0000000740bf9040
Event: 125.160 Thread 0x000001417b3f1690 DEOPT UNPACKING pc=0x00000141000523a3 sp=0x0000000740bf9028 mode 2
Event: 125.160 Thread 0x000001417b3f1690 Uncommon trap: trap_request=0xffffffde fr.pc=0x0000014107d570a4 relative=0x0000000000001964
Event: 125.160 Thread 0x000001417b3f1690 Uncommon trap: reason=class_check action=maybe_recompile pc=0x0000014107d570a4 method=org.codehaus.groovy.reflection.ParameterTypes.getParametersTypes0()V @ 16 c2
Event: 125.160 Thread 0x000001417b3f1690 DEOPT PACKING pc=0x0000014107d570a4 sp=0x0000000740bf9040
Event: 125.160 Thread 0x000001417b3f1690 DEOPT UNPACKING pc=0x00000141000523a3 sp=0x0000000740bf9028 mode 2
Event: 125.701 Thread 0x000001417b3f1690 Uncommon trap: trap_request=0xffffffde fr.pc=0x0000014107c926a8 relative=0x00000000000017a8
Event: 125.701 Thread 0x000001417b3f1690 Uncommon trap: reason=class_check action=maybe_recompile pc=0x0000014107c926a8 method=java.util.WeakHashMap.matchesKey(Ljava/util/WeakHashMap$Entry;Ljava/lang/Object;)Z @ 21 c2
Event: 125.701 Thread 0x000001417b3f1690 DEOPT PACKING pc=0x0000014107c926a8 sp=0x0000000740bfa0c0
Event: 125.714 Thread 0x000001417b3f1690 DEOPT UNPACKING pc=0x00000141000523a3 sp=0x0000000740bfa040 mode 2
Event: 125.865 Thread 0x000001417b3f1690 Uncommon trap: trap_request=0xffffffde fr.pc=0x0000014107d570a4 relative=0x0000000000001964
Event: 125.865 Thread 0x000001417b3f1690 Uncommon trap: reason=class_check action=maybe_recompile pc=0x0000014107d570a4 method=org.codehaus.groovy.reflection.ParameterTypes.getParametersTypes0()V @ 16 c2
Event: 125.865 Thread 0x000001417b3f1690 DEOPT PACKING pc=0x0000014107d570a4 sp=0x0000000740bfaa60
Event: 125.865 Thread 0x000001417b3f1690 DEOPT UNPACKING pc=0x00000141000523a3 sp=0x0000000740bfaa48 mode 2
Event: 133.052 Thread 0x000001417b3f1690 Uncommon trap: trap_request=0xffffff45 fr.pc=0x0000014107dfafa4 relative=0x0000000000000364
Event: 133.052 Thread 0x000001417b3f1690 Uncommon trap: reason=unstable_if action=reinterpret pc=0x0000014107dfafa4 method=org.gradle.internal.reflect.PropertyAccessorType.of(Ljava/lang/reflect/Method;)Lorg/gradle/internal/reflect/PropertyAccessorType; @ 56 c2
Event: 133.052 Thread 0x000001417b3f1690 DEOPT PACKING pc=0x0000014107dfafa4 sp=0x0000000740bf9320
Event: 133.052 Thread 0x000001417b3f1690 DEOPT UNPACKING pc=0x00000141000523a3 sp=0x0000000740bf92e0 mode 2

Classes unloaded (0 events):
No events

Classes redefined (0 events):
No events

Internal exceptions (20 events):
Event: 125.701 Thread 0x000001417b3f1690 Exception <a 'java/lang/ClassNotFoundException'{0x00000000eacb6df8}: java/util/AbstractListBeanInfo> (0x00000000eacb6df8) 
thrown [t:\workspace\open\src\hotspot\share\classfile\systemDictionary.cpp, line 256]
Event: 125.701 Thread 0x000001417b3f1690 Exception <a 'java/lang/ClassNotFoundException'{0x00000000eacbb370}: java/util/AbstractListCustomizer> (0x00000000eacbb370) 
thrown [t:\workspace\open\src\hotspot\share\classfile\systemDictionary.cpp, line 256]
Event: 125.716 Thread 0x000001417b3f1690 Exception <a 'java/lang/ClassNotFoundException'{0x00000000eaccebf0}: org/gradle/internal/classpath/DefaultClassPath$ImmutableUniqueListCustomizer> (0x00000000eaccebf0) 
thrown [t:\workspace\open\src\hotspot\share\classfile\systemDictionary.cpp, line 256]
Event: 125.863 Thread 0x000001417b3f1690 Exception <a 'java/lang/ClassNotFoundException'{0x00000000eab0c5e8}: org/jetbrains/plugins/gradle/model/DefaultDependencyAccessorsModelBeanInfo> (0x00000000eab0c5e8) 
thrown [t:\workspace\open\src\hotspot\share\classfile\systemDictionary.cpp, line 256]
Event: 125.864 Thread 0x000001417b3f1690 Exception <a 'java/lang/ClassNotFoundException'{0x00000000eab14a40}: org/jetbrains/plugins/gradle/model/DefaultDependencyAccessorsModelCustomizer> (0x00000000eab14a40) 
thrown [t:\workspace\open\src\hotspot\share\classfile\systemDictionary.cpp, line 256]
Event: 125.952 Thread 0x000001417c441ed0 Exception <a 'java/lang/NoSuchMethodError'{0x00000000ead18eb8}: static Lorg/jetbrains/plugins/gradle/tooling/internal/VersionCatalogsModelImpl;.<clinit>()V> (0x00000000ead18eb8) 
thrown [t:\workspace\open\src\hotspot\share\prims\jni.cpp, line 1107]
Event: 125.952 Thread 0x000001417b3f1690 Exception <a 'java/lang/ClassNotFoundException'{0x00000000eab617d0}: org/jetbrains/plugins/gradle/tooling/tasks/DependenciesReport$ProjectNameFunctionBeanInfo> (0x00000000eab617d0) 
thrown [t:\workspace\open\src\hotspot\share\classfile\systemDictionary.cpp, line 256]
Event: 125.953 Thread 0x000001417b3f1690 Exception <a 'java/lang/ClassNotFoundException'{0x00000000eab69e28}: org/jetbrains/plugins/gradle/tooling/tasks/DependenciesReport$ProjectNameFunctionCustomizer> (0x00000000eab69e28) 
thrown [t:\workspace\open\src\hotspot\share\classfile\systemDictionary.cpp, line 256]
Event: 125.957 Thread 0x000001417b3f1690 Exception <a 'java/lang/ClassNotFoundException'{0x00000000eab8bf70}: org/jetbrains/plugins/gradle/tooling/tasks/DependenciesReport$ReportGenerator$IdGeneratorBeanInfo> (0x00000000eab8bf70) 
thrown [t:\workspace\open\src\hotspot\share\classfile\systemDictionary.cpp, line 256]
Event: 125.957 Thread 0x000001417b3f1690 Exception <a 'java/lang/ClassNotFoundException'{0x00000000eab94670}: org/jetbrains/plugins/gradle/tooling/tasks/DependenciesReport$ReportGenerator$IdGeneratorCustomizer> (0x00000000eab94670) 
thrown [t:\workspace\open\src\hotspot\share\classfile\systemDictionary.cpp, line 256]
Event: 127.377 Thread 0x000001417b3f1690 Exception <a 'java/lang/ClassNotFoundException'{0x00000000ea76fdb0}: org/gradle/api/internal/artifacts/DefaultDependencySetBeanInfo> (0x00000000ea76fdb0) 
thrown [t:\workspace\open\src\hotspot\share\classfile\systemDictionary.cpp, line 256]
Event: 127.378 Thread 0x000001417b3f1690 Exception <a 'java/lang/ClassNotFoundException'{0x00000000ea777dc8}: org/gradle/api/internal/DelegatingDomainObjectSetBeanInfo> (0x00000000ea777dc8) 
thrown [t:\workspace\open\src\hotspot\share\classfile\systemDictionary.cpp, line 256]
Event: 127.378 Thread 0x000001417b3f1690 Exception <a 'java/lang/ClassNotFoundException'{0x00000000ea77fdd8}: org/gradle/api/internal/DelegatingDomainObjectSetCustomizer> (0x00000000ea77fdd8) 
thrown [t:\workspace\open\src\hotspot\share\classfile\systemDictionary.cpp, line 256]
Event: 127.383 Thread 0x000001417b3f1690 Exception <a 'java/lang/ClassNotFoundException'{0x00000000ea7a6fd0}: org/gradle/api/internal/artifacts/DefaultDependencySetCustomizer> (0x00000000ea7a6fd0) 
thrown [t:\workspace\open\src\hotspot\share\classfile\systemDictionary.cpp, line 256]
Event: 127.389 Thread 0x000001417b3f1690 Exception <a 'java/lang/ClassNotFoundException'{0x00000000ea7d8a88}: org/gradle/api/internal/artifacts/ivyservice/resolveengine/result/ComponentSelectionReasons$DefaultComponentSelectionReasonBeanInfo> (0x00000000ea7d8a88) 
thrown [t:\workspace\open\src\hotspot\share\classfile\systemDictionary.cpp, line 256]
Event: 127.397 Thread 0x000001417b3f1690 Exception <a 'java/lang/ClassNotFoundException'{0x00000000ea7e3d50}: org/gradle/api/internal/artifacts/ivyservice/resolveengine/result/ComponentSelectionReasons$DefaultComponentSelectionReasonCustomizer> (0x00000000ea7e3d50) 
thrown [t:\workspace\open\src\hotspot\share\classfile\systemDictionary.cpp, line 256]
Event: 127.401 Thread 0x000001417b3f1690 Exception <a 'java/lang/ClassNotFoundException'{0x00000000ea612ee8}: groovy/lang/MetaBeanPropertyBeanInfo> (0x00000000ea612ee8) 
thrown [t:\workspace\open\src\hotspot\share\classfile\systemDictionary.cpp, line 256]
Event: 127.402 Thread 0x000001417b3f1690 Exception <a 'java/lang/ClassNotFoundException'{0x00000000ea628498}: groovy/lang/MetaPropertyBeanInfo> (0x00000000ea628498) 
thrown [t:\workspace\open\src\hotspot\share\classfile\systemDictionary.cpp, line 256]
Event: 127.403 Thread 0x000001417b3f1690 Exception <a 'java/lang/ClassNotFoundException'{0x00000000ea63da68}: groovy/lang/MetaPropertyCustomizer> (0x00000000ea63da68) 
thrown [t:\workspace\open\src\hotspot\share\classfile\systemDictionary.cpp, line 256]
Event: 127.404 Thread 0x000001417b3f1690 Exception <a 'java/lang/ClassNotFoundException'{0x00000000ea6583e0}: groovy/lang/MetaBeanPropertyCustomizer> (0x00000000ea6583e0) 
thrown [t:\workspace\open\src\hotspot\share\classfile\systemDictionary.cpp, line 256]

VM Operations (20 events):
Event: 124.247 Executing VM operation: Cleanup
Event: 124.252 Executing VM operation: Cleanup done
Event: 125.254 Executing VM operation: Cleanup
Event: 125.317 Executing VM operation: Cleanup done
Event: 126.299 Executing VM operation: ICBufferFull
Event: 126.299 Executing VM operation: ICBufferFull done
Event: 127.311 Executing VM operation: Cleanup
Event: 127.390 Executing VM operation: Cleanup done
Event: 128.397 Executing VM operation: Cleanup
Event: 128.397 Executing VM operation: Cleanup done
Event: 129.411 Executing VM operation: Cleanup
Event: 129.412 Executing VM operation: Cleanup done
Event: 130.424 Executing VM operation: Cleanup
Event: 130.424 Executing VM operation: Cleanup done
Event: 131.436 Executing VM operation: Cleanup
Event: 131.630 Executing VM operation: Cleanup done
Event: 132.642 Executing VM operation: Cleanup
Event: 132.770 Executing VM operation: Cleanup done
Event: 133.787 Executing VM operation: Cleanup
Event: 133.816 Executing VM operation: Cleanup done

Events (20 events):
Event: 125.156 loading class java/util/AbstractSetCustomizer done
Event: 125.157 loading class java/util/HashSetCustomizer
Event: 125.157 loading class java/util/HashSetCustomizer done
Event: 125.157 loading class java/util/HashSetCustomizer
Event: 125.157 loading class java/util/HashSetCustomizer done
Event: 125.159 loading class java/util/LinkedHashSetCustomizer
Event: 125.159 loading class java/util/LinkedHashSetCustomizer done
Event: 125.159 loading class java/util/LinkedHashSetCustomizer
Event: 125.159 loading class java/util/LinkedHashSetCustomizer done
Event: 125.700 loading class java/util/AbstractListBeanInfo
Event: 125.700 loading class java/util/AbstractListBeanInfo done
Event: 125.701 loading class java/util/AbstractListBeanInfo
Event: 125.701 loading class java/util/AbstractListBeanInfo done
Event: 125.701 loading class java/util/AbstractListCustomizer
Event: 125.701 loading class java/util/AbstractListCustomizer done
Event: 125.701 loading class java/util/AbstractListCustomizer
Event: 125.701 loading class java/util/AbstractListCustomizer done
Event: 130.136 Thread 0x000001417c442d40 Thread added: 0x000001417c442d40
Event: 133.820 loading class java/text/MessageFormat
Event: 133.821 loading class java/text/MessageFormat done


Dynamic libraries:
0x00007ff62e6f0000 - 0x00007ff62e6fe000 	C:\Users\chris\.jdks\openjdk-17.0.1-2\bin\java.exe
0x00007ff8020b0000 - 0x00007ff8022a8000 	C:\WINDOWS\SYSTEM32\ntdll.dll
0x00007ff8009e0000 - 0x00007ff800a9f000 	C:\WINDOWS\System32\KERNEL32.DLL
0x00007fffff7a0000 - 0x00007fffffa72000 	C:\WINDOWS\System32\KERNELBASE.dll
0x00007ff800000000 - 0x00007ff800100000 	C:\WINDOWS\System32\ucrtbase.dll
0x00007ffffaf60000 - 0x00007ffffaf78000 	C:\Users\chris\.jdks\openjdk-17.0.1-2\bin\jli.dll
0x00007ff800de0000 - 0x00007ff800f81000 	C:\WINDOWS\System32\USER32.dll
0x00007fffffee0000 - 0x00007ffffff02000 	C:\WINDOWS\System32\win32u.dll
0x00007ff801610000 - 0x00007ff80163b000 	C:\WINDOWS\System32\GDI32.dll
0x00007fffffbe0000 - 0x00007fffffcef000 	C:\WINDOWS\System32\gdi32full.dll
0x00007fffffe40000 - 0x00007fffffedd000 	C:\WINDOWS\System32\msvcp_win.dll
0x00007ffff9a70000 - 0x00007ffff9a8a000 	C:\Users\chris\.jdks\openjdk-17.0.1-2\bin\VCRUNTIME140.dll
0x00007fffe4d20000 - 0x00007fffe4fba000 	C:\WINDOWS\WinSxS\amd64_microsoft.windows.common-controls_6595b64144ccf1df_6.0.19041.1110_none_60b5254171f9507e\COMCTL32.dll
0x00007ff800c70000 - 0x00007ff800d0e000 	C:\WINDOWS\System32\msvcrt.dll
0x00007ff802040000 - 0x00007ff802070000 	C:\WINDOWS\System32\IMM32.DLL
0x00007ffff84b0000 - 0x00007ffff84bc000 	C:\Users\chris\.jdks\openjdk-17.0.1-2\bin\vcruntime140_1.dll
0x00007fffdb590000 - 0x00007fffdb61d000 	C:\Users\chris\.jdks\openjdk-17.0.1-2\bin\msvcp140.dll
0x00007fff9ca30000 - 0x00007fff9d5ee000 	C:\Users\chris\.jdks\openjdk-17.0.1-2\bin\server\jvm.dll
0x00007ff801e50000 - 0x00007ff801efe000 	C:\WINDOWS\System32\ADVAPI32.dll
0x00007ff801db0000 - 0x00007ff801e4c000 	C:\WINDOWS\System32\sechost.dll
0x00007ff801f10000 - 0x00007ff802034000 	C:\WINDOWS\System32\RPCRT4.dll
0x00007ff801f00000 - 0x00007ff801f08000 	C:\WINDOWS\System32\PSAPI.DLL
0x00007ffff7fa0000 - 0x00007ffff7fa9000 	C:\WINDOWS\SYSTEM32\WSOCK32.dll
0x00007ff801400000 - 0x00007ff80146b000 	C:\WINDOWS\System32\WS2_32.dll
0x00007fffdf410000 - 0x00007fffdf437000 	C:\WINDOWS\SYSTEM32\WINMM.dll
0x00007fffe8e10000 - 0x00007fffe8e1a000 	C:\WINDOWS\SYSTEM32\VERSION.dll
0x00007ffffd600000 - 0x00007ffffd612000 	C:\WINDOWS\SYSTEM32\kernel.appcore.dll
0x00007fffe3d80000 - 0x00007fffe3d8a000 	C:\Users\chris\.jdks\openjdk-17.0.1-2\bin\jimage.dll
0x00007ffff8b50000 - 0x00007ffff8d34000 	C:\WINDOWS\SYSTEM32\DBGHELP.DLL
0x00007fffe3280000 - 0x00007fffe32b5000 	C:\WINDOWS\SYSTEM32\dbgcore.DLL
0x00007fffffd40000 - 0x00007fffffdc2000 	C:\WINDOWS\System32\bcryptPrimitives.dll
0x00007fffe3d40000 - 0x00007fffe3d65000 	C:\Users\chris\.jdks\openjdk-17.0.1-2\bin\java.dll
0x00007fffc77d0000 - 0x00007fffc78a6000 	C:\Users\chris\.jdks\openjdk-17.0.1-2\bin\svml.dll
0x00007ff800100000 - 0x00007ff800845000 	C:\WINDOWS\System32\SHELL32.dll
0x00007ffffd820000 - 0x00007ffffdfb2000 	C:\WINDOWS\SYSTEM32\windows.storage.dll
0x00007ff8019f0000 - 0x00007ff801d45000 	C:\WINDOWS\System32\combase.dll
0x00007fffff040000 - 0x00007fffff070000 	C:\WINDOWS\SYSTEM32\Wldp.dll
0x00007ff800850000 - 0x00007ff8008fd000 	C:\WINDOWS\System32\SHCORE.dll
0x00007ff800900000 - 0x00007ff800955000 	C:\WINDOWS\System32\shlwapi.dll
0x00007fffff6e0000 - 0x00007fffff6ff000 	C:\WINDOWS\SYSTEM32\profapi.dll
0x00007fffe0960000 - 0x00007fffe0979000 	C:\Users\chris\.jdks\openjdk-17.0.1-2\bin\net.dll
0x00007ffff97f0000 - 0x00007ffff98fa000 	C:\WINDOWS\SYSTEM32\WINHTTP.dll
0x00007ffffee20000 - 0x00007ffffee8a000 	C:\WINDOWS\system32\mswsock.dll
0x00007fffde950000 - 0x00007fffde965000 	C:\Users\chris\.jdks\openjdk-17.0.1-2\bin\nio.dll
0x00007fffde910000 - 0x00007fffde928000 	C:\Users\chris\.jdks\openjdk-17.0.1-2\bin\zip.dll
0x00007fffe3d30000 - 0x00007fffe3d40000 	C:\Users\chris\.jdks\openjdk-17.0.1-2\bin\verify.dll
0x00007fffe3e10000 - 0x00007fffe3e37000 	C:\Users\chris\.gradle\native\e1d6ef7f7dcc3fd88c89a11ec53ec762bb8ba0a96d01ffa2cd45eb1d1d8dd5c5\windows-amd64\native-platform.dll
0x00007fffc6350000 - 0x00007fffc6494000 	C:\Users\chris\.gradle\native\0d407fdbe67a94daf76414ababcb853783967236a71b16ec16e742cd7a986fd3\windows-amd64\native-platform-file-events.dll
0x00007fffe3a70000 - 0x00007fffe3a79000 	C:\Users\chris\.jdks\openjdk-17.0.1-2\bin\management.dll
0x00007fffe3720000 - 0x00007fffe372b000 	C:\Users\chris\.jdks\openjdk-17.0.1-2\bin\management_ext.dll
0x00007fffff080000 - 0x00007fffff098000 	C:\WINDOWS\SYSTEM32\CRYPTSP.dll
0x00007ffffe760000 - 0x00007ffffe794000 	C:\WINDOWS\system32\rsaenh.dll
0x00007ffffffc0000 - 0x00007ffffffe7000 	C:\WINDOWS\System32\bcrypt.dll
0x00007fffff6a0000 - 0x00007fffff6ce000 	C:\WINDOWS\SYSTEM32\USERENV.dll
0x00007ffffefb0000 - 0x00007ffffefbc000 	C:\WINDOWS\SYSTEM32\CRYPTBASE.dll
0x00007ffffeb30000 - 0x00007ffffeb6b000 	C:\WINDOWS\SYSTEM32\IPHLPAPI.DLL
0x00007ff801470000 - 0x00007ff801478000 	C:\WINDOWS\System32\NSI.dll
0x00007ffff0c10000 - 0x00007ffff0c27000 	C:\WINDOWS\SYSTEM32\dhcpcsvc6.DLL
0x00007ffff0bf0000 - 0x00007ffff0c0d000 	C:\WINDOWS\SYSTEM32\dhcpcsvc.DLL
0x00007ffffeb70000 - 0x00007ffffec3b000 	C:\WINDOWS\SYSTEM32\DNSAPI.dll
0x00007fffe3680000 - 0x00007fffe368e000 	C:\Users\chris\.jdks\openjdk-17.0.1-2\bin\sunmscapi.dll
0x00007fffffa80000 - 0x00007fffffbd6000 	C:\WINDOWS\System32\CRYPT32.dll
0x00007fffff270000 - 0x00007fffff297000 	C:\WINDOWS\SYSTEM32\ncrypt.dll
0x00007fffff230000 - 0x00007fffff26b000 	C:\WINDOWS\SYSTEM32\NTASN1.dll
0x00007fffe3df0000 - 0x00007fffe3df7000 	C:\WINDOWS\system32\wshunix.dll

dbghelp: loaded successfully - version: 4.0.5 - missing functions: none
symbol engine: initialized successfully - sym options: 0x614 - pdb path: .;C:\Users\chris\.jdks\openjdk-17.0.1-2\bin;C:\WINDOWS\SYSTEM32;C:\WINDOWS\WinSxS\amd64_microsoft.windows.common-controls_6595b64144ccf1df_6.0.19041.1110_none_60b5254171f9507e;C:\Users\chris\.jdks\openjdk-17.0.1-2\bin\server;C:\Users\chris\.gradle\native\e1d6ef7f7dcc3fd88c89a11ec53ec762bb8ba0a96d01ffa2cd45eb1d1d8dd5c5\windows-amd64;C:\Users\chris\.gradle\native\0d407fdbe67a94daf76414ababcb853783967236a71b16ec16e742cd7a986fd3\windows-amd64

VM Arguments:
jvm_args: -XX:MaxMetaspaceSize=256m -XX:+HeapDumpOnOutOfMemoryError --add-opens=java.base/java.util=ALL-UNNAMED --add-opens=java.base/java.lang=ALL-UNNAMED --add-opens=java.base/java.lang.invoke=ALL-UNNAMED --add-opens=java.base/java.util=ALL-UNNAMED --add-opens=java.prefs/java.util.prefs=ALL-UNNAMED --add-opens=java.prefs/java.util.prefs=ALL-UNNAMED --add-opens=java.base/java.nio.charset=ALL-UNNAMED --add-opens=java.base/java.net=ALL-UNNAMED --add-opens=java.base/java.util.concurrent.atomic=ALL-UNNAMED -Xms256m -Xmx512m -Dfile.encoding=windows-1252 -Duser.country=DE -Duser.language=de -Duser.variant 
java_command: org.gradle.launcher.daemon.bootstrap.GradleDaemon 7.5.1
java_class_path (initial): C:\Users\chris\.gradle\wrapper\dists\gradle-7.5.1-bin\7jzzequgds1hbszbhq3npc5ng\gradle-7.5.1\lib\gradle-launcher-7.5.1.jar
Launcher Type: SUN_STANDARD

[Global flags]
     intx CICompilerCount                          = 3                                         {product} {ergonomic}
   size_t CompressedClassSpaceSize                 = 218103808                                 {product} {ergonomic}
     uint ConcGCThreads                            = 1                                         {product} {ergonomic}
     uint G1ConcRefinementThreads                  = 4                                         {product} {ergonomic}
   size_t G1HeapRegionSize                         = 1048576                                   {product} {ergonomic}
    uintx GCDrainStackTargetSize                   = 64                                        {product} {ergonomic}
     bool HeapDumpOnOutOfMemoryError               = true                                   {manageable} {command line}
   size_t InitialHeapSize                          = 268435456                                 {product} {command line}
   size_t MarkStackSize                            = 4194304                                   {product} {ergonomic}
   size_t MaxHeapSize                              = 536870912                                 {product} {command line}
   size_t MaxMetaspaceSize                         = 268435456                                 {product} {command line}
   size_t MaxNewSize                               = 321912832                                 {product} {ergonomic}
   size_t MinHeapDeltaBytes                        = 1048576                                   {product} {ergonomic}
   size_t MinHeapSize                              = 268435456                                 {product} {command line}
    uintx NonNMethodCodeHeapSize                   = 5832780                                {pd product} {ergonomic}
    uintx NonProfiledCodeHeapSize                  = 122912730                              {pd product} {ergonomic}
    uintx ProfiledCodeHeapSize                     = 122912730                              {pd product} {ergonomic}
    uintx ReservedCodeCacheSize                    = 251658240                              {pd product} {ergonomic}
     bool SegmentedCodeCache                       = true                                      {product} {ergonomic}
   size_t SoftMaxHeapSize                          = 536870912                              {manageable} {ergonomic}
     bool UseCompressedClassPointers               = true                           {product lp64_product} {ergonomic}
     bool UseCompressedOops                        = true                           {product lp64_product} {ergonomic}
     bool UseG1GC                                  = true                                      {product} {ergonomic}
     bool UseLargePagesIndividualAllocation        = false                                  {pd product} {ergonomic}

Logging:
Log output configuration:
 #0: stdout all=warning uptime,level,tags
 #1: stderr all=off uptime,level,tags

Environment Variables:
JAVA_HOME=C:\Users\chris\.jdks\openjdk-17.0.1-2
PATH=C:\WINDOWS\system32;C:\WINDOWS;C:\WINDOWS\System32\Wbem;C:\WINDOWS\System32\WindowsPowerShell\v1.0\;C:\WINDOWS\System32\OpenSSH\;C:\Program Files\apache-maven-3.6.2\bin;C:\Program Files\graphviz-2.38\release\bin;C:\Program Files\Git\cmd;C:\Program Files\Docker\Docker\resources\bin;C:\ProgramData\DockerDesktop\version-bin;C:\Program Files\nodejs\;C:\Users\chris\miniconda3;C:\Users\chris\miniconda3\Library\mingw-w64\bin;C:\Users\chris\miniconda3\Library\usr\bin;C:\Users\chris\miniconda3\Library\bin;C:\Users\chris\miniconda3\Scripts;C:\Users\chris\.pyenv\pyenv-win\bin;C:\Users\chris\.pyenv\pyenv-win\shims;C:\Users\chris\AppData\Local\Microsoft\WindowsApps;C:\Program Files\MikTex\miktex\bin\x64\;C:\MinGW64\bin;C:\Benutzer\chris\Anaconda3\Scripts;C:\Users\chris\Anaconda3\pkgs\pip-10.0.1-py37_0\Scripts;C:\Users\chris\AppData\Local\Microsoft\WindowsApps;C:\Program Files\Java\jdk-13.0.1\bin;C:\Users\chris\AppData\Local\JetBrains\WebStorm 2019.3.3\bin;C:\Program Files\JetBrains\IntelliJ IDEA 2020.3\bin;C:\flutter\bin;C:\Users\chris\AppData\Local\Programs\MiKTeX\miktex\bin\x64\;C:\Users\chris\AppData\Roaming\Python\Python310\Scripts;C:\gradle\gradle-7.5.1\bin;C:\Users\chris\.jdks\openjdk-18.0.1.1\bin;C:\Users\chris\AppData\Roaming\npm
USERNAME=chris
OS=Windows_NT
PROCESSOR_IDENTIFIER=Intel64 Family 6 Model 142 Stepping 9, GenuineIntel



---------------  S Y S T E M  ---------------

OS:
 Windows 10 , 64 bit Build 19041 (10.0.19041.2546)
OS uptime: 3 days 0:23 hours
Hyper-V role detected

CPU: total 4 (initial active 4) (2 cores per cpu, 2 threads per core) family 6 model 142 stepping 9 microcode 0xf0, cx8, cmov, fxsr, ht, mmx, 3dnowpref, sse, sse2, sse3, ssse3, sse4.1, sse4.2, popcnt, lzcnt, tsc, tscinvbit, avx, avx2, aes, erms, clmul, bmi1, bmi2, rtm, adx, fma, vzeroupper, clflush, clflushopt, hv

Memory: 4k page, system-wide physical 8109M (318M free)
TotalPageFile size 14786M (AvailPageFile size 4M)
current process WorkingSet (physical memory assigned to process): 326M, peak: 386M
current process commit charge ("private bytes"): 469M, peak: 478M

vm_info: OpenJDK 64-Bit Server VM (17.0.1+12-39) for windows-amd64 JRE (17.0.1+12-39), built on Sep 27 2021 18:39:29 by "mach5one" with MS VC++ 16.8 (VS2019)

END.
